<?xml version="1.0" encoding="UTF-8"?>
<TestRun id="7be501ed-887d-4e88-ba14-be0f3fb7f55a" name="Wayne@WAYNE-PC 2014-12-29 13:39:17" runUser="Wayne-PC\Wayne" xmlns="http://microsoft.com/schemas/VisualStudio/TeamTest/2010">
  <TestSettings name="Default Test Settings" id="15464c67-da48-4e9b-984f-dafdbed31102">
    <Deployment runDeploymentRoot="Wayne_WAYNE-PC 2014-12-29 13_39_17">
      <DeploymentItem filename="C:\Users\Wayne\Desktop\SE-Solution\Traders Marketplace\BusinessLogic\bin\Debug\BusinessLogic.dll" />
      <DeploymentItem filename="C:\Users\Wayne\Desktop\SE-Solution\Traders Marketplace\Common\bin\Debug\Common.dll" />
      <DeploymentItem filename="C:\Users\Wayne\Desktop\SE-Solution\Traders Marketplace\packages\EntityFramework.4.1.10331.0\lib\EntityFramework.dll" />
      <DeploymentItem filename="C:\Users\Wayne\Desktop\SE-Solution\Traders Marketplace\Traders Marketplace\bin\Traders Marketplace.dll" />
      <DeploymentItem filename="C:\Users\Wayne\Desktop\SE-Solution\Traders Marketplace\DataAccess\bin\Debug\DataAccess.dll" />
    </Deployment>
    <Execution>
      <TestTypeSpecific />
      <AgentRule name="Execution Agents">
      </AgentRule>
    </Execution>
  </TestSettings>
  <Times creation="2014-12-29T13:39:17.7033823+01:00" queuing="2014-12-29T13:39:19.5623893+01:00" start="2014-12-29T13:39:19.5723893+01:00" finish="2014-12-29T13:39:20.2723903+01:00" />
  <ResultSummary outcome="Failed">
    <Counters total="4" executed="4" passed="3" error="0" failed="1" timeout="0" aborted="0" inconclusive="0" passedButRunAborted="0" notRunnable="0" notExecuted="0" disconnected="0" warning="0" completed="0" inProgress="0" pending="0" />
  </ResultSummary>
  <TestDefinitions>
    <UnitTest name="CreateRoles" storage="c:\users\wayne\desktop\se-solution\traders marketplace\traders marketplace.tests\bin\debug\traders marketplace.tests.dll" id="0cc7c17d-bc42-3538-16f7-160aa1cf832d">
      <Execution id="ad8ed011-51a6-4165-877e-68f313bb4dcf" />
      <TestMethod codeBase="C:/Users/Wayne/Desktop/SE-Solution/Traders Marketplace/Traders Marketplace.Tests/bin/Debug/Traders Marketplace.Tests.DLL" adapterTypeName="Microsoft.VisualStudio.TestTools.TestTypes.Unit.UnitTestAdapter, Microsoft.VisualStudio.QualityTools.Tips.UnitTest.Adapter, Version=10.0.0.0, Culture=neutral, PublicKeyToken=b03f5f7f11d50a3a" className="Traders_Marketplace.Tests.RolesTest, Traders Marketplace.Tests, Version=1.0.0.0, Culture=neutral, PublicKeyToken=null" name="CreateRoles" />
    </UnitTest>
    <UnitTest name="EditRoles" storage="c:\users\wayne\desktop\se-solution\traders marketplace\traders marketplace.tests\bin\debug\traders marketplace.tests.dll" id="97a410b2-598f-32e7-44e5-d53f60f582fe">
      <Execution id="c33b3fb2-1f5a-4001-b7a1-e8532e1ab877" />
      <TestMethod codeBase="C:/Users/Wayne/Desktop/SE-Solution/Traders Marketplace/Traders Marketplace.Tests/bin/Debug/Traders Marketplace.Tests.DLL" adapterTypeName="Microsoft.VisualStudio.TestTools.TestTypes.Unit.UnitTestAdapter, Microsoft.VisualStudio.QualityTools.Tips.UnitTest.Adapter, Version=10.0.0.0, Culture=neutral, PublicKeyToken=b03f5f7f11d50a3a" className="Traders_Marketplace.Tests.RolesTest, Traders Marketplace.Tests, Version=1.0.0.0, Culture=neutral, PublicKeyToken=null" name="EditRoles" />
    </UnitTest>
    <UnitTest name="DeleteRoles" storage="c:\users\wayne\desktop\se-solution\traders marketplace\traders marketplace.tests\bin\debug\traders marketplace.tests.dll" id="aaac631b-5742-dd44-d92e-31cf8805ebf9">
      <Execution id="ef2d108d-c350-4c05-a15e-fcc9d7d53a72" />
      <TestMethod codeBase="C:/Users/Wayne/Desktop/SE-Solution/Traders Marketplace/Traders Marketplace.Tests/bin/Debug/Traders Marketplace.Tests.DLL" adapterTypeName="Microsoft.VisualStudio.TestTools.TestTypes.Unit.UnitTestAdapter, Microsoft.VisualStudio.QualityTools.Tips.UnitTest.Adapter, Version=10.0.0.0, Culture=neutral, PublicKeyToken=b03f5f7f11d50a3a" className="Traders_Marketplace.Tests.RolesTest, Traders Marketplace.Tests, Version=1.0.0.0, Culture=neutral, PublicKeyToken=null" name="DeleteRoles" />
    </UnitTest>
    <UnitTest name="ListRoles" storage="c:\users\wayne\desktop\se-solution\traders marketplace\traders marketplace.tests\bin\debug\traders marketplace.tests.dll" id="55f450ac-1188-c03c-2973-80be084adc87">
      <Execution id="a00c7695-b297-4520-b624-e79903946594" />
      <TestMethod codeBase="C:/Users/Wayne/Desktop/SE-Solution/Traders Marketplace/Traders Marketplace.Tests/bin/Debug/Traders Marketplace.Tests.DLL" adapterTypeName="Microsoft.VisualStudio.TestTools.TestTypes.Unit.UnitTestAdapter, Microsoft.VisualStudio.QualityTools.Tips.UnitTest.Adapter, Version=10.0.0.0, Culture=neutral, PublicKeyToken=b03f5f7f11d50a3a" className="Traders_Marketplace.Tests.RolesTest, Traders Marketplace.Tests, Version=1.0.0.0, Culture=neutral, PublicKeyToken=null" name="ListRoles" />
    </UnitTest>
  </TestDefinitions>
  <TestLists>
    <TestList name="Results Not in a List" id="8c84fa94-04c1-424b-9868-57a2d4851a1d" />
    <TestList name="All Loaded Results" id="19431567-8539-422a-85d7-44ee4e166bda" />
  </TestLists>
  <TestEntries>
    <TestEntry testId="0cc7c17d-bc42-3538-16f7-160aa1cf832d" executionId="ad8ed011-51a6-4165-877e-68f313bb4dcf" testListId="8c84fa94-04c1-424b-9868-57a2d4851a1d" />
    <TestEntry testId="55f450ac-1188-c03c-2973-80be084adc87" executionId="a00c7695-b297-4520-b624-e79903946594" testListId="8c84fa94-04c1-424b-9868-57a2d4851a1d" />
    <TestEntry testId="97a410b2-598f-32e7-44e5-d53f60f582fe" executionId="c33b3fb2-1f5a-4001-b7a1-e8532e1ab877" testListId="8c84fa94-04c1-424b-9868-57a2d4851a1d" />
    <TestEntry testId="aaac631b-5742-dd44-d92e-31cf8805ebf9" executionId="ef2d108d-c350-4c05-a15e-fcc9d7d53a72" testListId="8c84fa94-04c1-424b-9868-57a2d4851a1d" />
  </TestEntries>
  <Results>
    <UnitTestResult executionId="ad8ed011-51a6-4165-877e-68f313bb4dcf" testId="0cc7c17d-bc42-3538-16f7-160aa1cf832d" testName="CreateRoles" computerName="WAYNE-PC" duration="00:00:00.3143226" startTime="2014-12-29T13:39:19.5723893+01:00" endTime="2014-12-29T13:39:20.2023902+01:00" testType="13cdc9d9-ddb5-4fa4-a97d-d965ccfc6d4b" outcome="Passed" testListId="8c84fa94-04c1-424b-9868-57a2d4851a1d" relativeResultsDirectory="ad8ed011-51a6-4165-877e-68f313bb4dcf">
    </UnitTestResult>
    <UnitTestResult executionId="a00c7695-b297-4520-b624-e79903946594" testId="55f450ac-1188-c03c-2973-80be084adc87" testName="ListRoles" computerName="WAYNE-PC" duration="00:00:00.0025760" startTime="2014-12-29T13:39:20.2123902+01:00" endTime="2014-12-29T13:39:20.2123902+01:00" testType="13cdc9d9-ddb5-4fa4-a97d-d965ccfc6d4b" outcome="Passed" testListId="8c84fa94-04c1-424b-9868-57a2d4851a1d" relativeResultsDirectory="a00c7695-b297-4520-b624-e79903946594">
    </UnitTestResult>
    <UnitTestResult executionId="c33b3fb2-1f5a-4001-b7a1-e8532e1ab877" testId="97a410b2-598f-32e7-44e5-d53f60f582fe" testName="EditRoles" computerName="WAYNE-PC" duration="00:00:00.0140555" startTime="2014-12-29T13:39:20.2123902+01:00" endTime="2014-12-29T13:39:20.2323902+01:00" testType="13cdc9d9-ddb5-4fa4-a97d-d965ccfc6d4b" outcome="Passed" testListId="8c84fa94-04c1-424b-9868-57a2d4851a1d" relativeResultsDirectory="c33b3fb2-1f5a-4001-b7a1-e8532e1ab877">
    </UnitTestResult>
    <UnitTestResult executionId="ef2d108d-c350-4c05-a15e-fcc9d7d53a72" testId="aaac631b-5742-dd44-d92e-31cf8805ebf9" testName="DeleteRoles" computerName="WAYNE-PC" duration="00:00:00.0132377" startTime="2014-12-29T13:39:20.2323902+01:00" endTime="2014-12-29T13:39:20.2523902+01:00" testType="13cdc9d9-ddb5-4fa4-a97d-d965ccfc6d4b" outcome="Failed" testListId="8c84fa94-04c1-424b-9868-57a2d4851a1d" relativeResultsDirectory="ef2d108d-c350-4c05-a15e-fcc9d7d53a72">
      <Output>
        <ErrorInfo>
          <Message>Assert.Fail failed. Role was Not Deleted</Message>
          <StackTrace>   at Traders_Marketplace.Tests.RolesTest.DeleteRoles() in C:\Users\Wayne\Desktop\SE-Solution\Traders Marketplace\Traders Marketplace.Tests\RolesTest.cs:line 96
</StackTrace>
        </ErrorInfo>
      </Output>
    </UnitTestResult>
  </Results>
</TestRun>