<?xml version="1.0" encoding="UTF-8"?>
<TestRun id="cd305816-ccc6-4d0b-ada2-f1f8d3ea5aa1" name="Wayne@WAYNE-PC 2015-01-06 21:01:46" runUser="Wayne-PC\Wayne" xmlns="http://microsoft.com/schemas/VisualStudio/TeamTest/2010">
  <TestSettings name="Default Test Settings" id="55266eb8-c90c-49c2-9d9b-ca1b78ff275b">
    <Deployment runDeploymentRoot="Wayne_WAYNE-PC 2015-01-06 21_01_46">
      <DeploymentItem filename="C:\Users\Wayne\Desktop\SE-Solution\Traders Marketplace\BusinessLogic\bin\Debug\BusinessLogic.dll" />
      <DeploymentItem filename="C:\Users\Wayne\Desktop\SE-Solution\Traders Marketplace\packages\EntityFramework.4.1.10331.0\lib\EntityFramework.dll" />
      <DeploymentItem filename="C:\Users\Wayne\Desktop\SE-Solution\Traders Marketplace\Common\bin\Debug\Common.dll" />
      <DeploymentItem filename="C:\Users\Wayne\Desktop\SE-Solution\Traders Marketplace\Traders Marketplace\bin\Traders Marketplace.dll" />
      <DeploymentItem filename="C:\Users\Wayne\Desktop\SE-Solution\Traders Marketplace\DataAccess\bin\Debug\DataAccess.dll" />
    </Deployment>
    <Execution>
      <TestTypeSpecific />
      <AgentRule name="Execution Agents">
      </AgentRule>
    </Execution>
  </TestSettings>
  <Times creation="2015-01-06T21:01:46.1369058+01:00" queuing="2015-01-06T21:01:47.4469077+01:00" start="2015-01-06T21:01:47.4469077+01:00" finish="2015-01-06T21:01:47.8469082+01:00" />
  <ResultSummary outcome="Failed">
    <Counters total="7" executed="7" passed="6" error="0" failed="1" timeout="0" aborted="0" inconclusive="0" passedButRunAborted="0" notRunnable="0" notExecuted="0" disconnected="0" warning="0" completed="0" inProgress="0" pending="0" />
  </ResultSummary>
  <TestDefinitions>
    <UnitTest name="ReadRoleTest1" storage="c:\users\wayne\desktop\se-solution\traders marketplace\traders marketplace.tests\bin\debug\traders marketplace.tests.dll" id="cd6796a7-52ee-3c06-e33f-822eb9305e5c">
      <Execution id="c850e3c0-f80d-47d4-bea2-1e8f33399be3" />
      <TestMethod codeBase="C:/Users/Wayne/Desktop/SE-Solution/Traders Marketplace/Traders Marketplace.Tests/bin/Debug/Traders Marketplace.Tests.DLL" adapterTypeName="Microsoft.VisualStudio.TestTools.TestTypes.Unit.UnitTestAdapter, Microsoft.VisualStudio.QualityTools.Tips.UnitTest.Adapter, Version=10.0.0.0, Culture=neutral, PublicKeyToken=b03f5f7f11d50a3a" className="Traders_Marketplace.Tests.RolesTest, Traders Marketplace.Tests, Version=1.0.0.0, Culture=neutral, PublicKeyToken=null" name="ReadRoleTest1" />
    </UnitTest>
    <UnitTest name="AddRoleTest3" storage="c:\users\wayne\desktop\se-solution\traders marketplace\traders marketplace.tests\bin\debug\traders marketplace.tests.dll" id="1201ad84-382d-44d0-1ec6-32d4144e1760">
      <Execution id="58b4f736-21aa-4d0c-9b83-26e0ab1673c3" />
      <TestMethod codeBase="C:/Users/Wayne/Desktop/SE-Solution/Traders Marketplace/Traders Marketplace.Tests/bin/Debug/Traders Marketplace.Tests.DLL" adapterTypeName="Microsoft.VisualStudio.TestTools.TestTypes.Unit.UnitTestAdapter, Microsoft.VisualStudio.QualityTools.Tips.UnitTest.Adapter, Version=10.0.0.0, Culture=neutral, PublicKeyToken=b03f5f7f11d50a3a" className="Traders_Marketplace.Tests.RolesTest, Traders Marketplace.Tests, Version=1.0.0.0, Culture=neutral, PublicKeyToken=null" name="AddRoleTest3" />
    </UnitTest>
    <UnitTest name="UpdateRoleTest1" storage="c:\users\wayne\desktop\se-solution\traders marketplace\traders marketplace.tests\bin\debug\traders marketplace.tests.dll" id="6c049101-2c65-c774-7cc1-38a25667ce78">
      <Execution id="93deaaa7-54e6-464e-a6a7-18b715ed2b1b" />
      <TestMethod codeBase="C:/Users/Wayne/Desktop/SE-Solution/Traders Marketplace/Traders Marketplace.Tests/bin/Debug/Traders Marketplace.Tests.DLL" adapterTypeName="Microsoft.VisualStudio.TestTools.TestTypes.Unit.UnitTestAdapter, Microsoft.VisualStudio.QualityTools.Tips.UnitTest.Adapter, Version=10.0.0.0, Culture=neutral, PublicKeyToken=b03f5f7f11d50a3a" className="Traders_Marketplace.Tests.RolesTest, Traders Marketplace.Tests, Version=1.0.0.0, Culture=neutral, PublicKeyToken=null" name="UpdateRoleTest1" />
    </UnitTest>
    <UnitTest name="AddRoleTest4" storage="c:\users\wayne\desktop\se-solution\traders marketplace\traders marketplace.tests\bin\debug\traders marketplace.tests.dll" id="b2929c2d-f953-21ba-87f3-4b1425e28c94">
      <Execution id="b9f74406-bb6a-4cb7-b4d7-0d2900342379" />
      <TestMethod codeBase="C:/Users/Wayne/Desktop/SE-Solution/Traders Marketplace/Traders Marketplace.Tests/bin/Debug/Traders Marketplace.Tests.DLL" adapterTypeName="Microsoft.VisualStudio.TestTools.TestTypes.Unit.UnitTestAdapter, Microsoft.VisualStudio.QualityTools.Tips.UnitTest.Adapter, Version=10.0.0.0, Culture=neutral, PublicKeyToken=b03f5f7f11d50a3a" className="Traders_Marketplace.Tests.RolesTest, Traders Marketplace.Tests, Version=1.0.0.0, Culture=neutral, PublicKeyToken=null" name="AddRoleTest4" />
    </UnitTest>
    <UnitTest name="AddRoleTest2" storage="c:\users\wayne\desktop\se-solution\traders marketplace\traders marketplace.tests\bin\debug\traders marketplace.tests.dll" id="5c83ec1f-176d-44aa-c3ce-4656ea925732">
      <Execution id="972cc0b2-2075-4158-a0f2-0e2c5c612c74" />
      <TestMethod codeBase="C:/Users/Wayne/Desktop/SE-Solution/Traders Marketplace/Traders Marketplace.Tests/bin/Debug/Traders Marketplace.Tests.DLL" adapterTypeName="Microsoft.VisualStudio.TestTools.TestTypes.Unit.UnitTestAdapter, Microsoft.VisualStudio.QualityTools.Tips.UnitTest.Adapter, Version=10.0.0.0, Culture=neutral, PublicKeyToken=b03f5f7f11d50a3a" className="Traders_Marketplace.Tests.RolesTest, Traders Marketplace.Tests, Version=1.0.0.0, Culture=neutral, PublicKeyToken=null" name="AddRoleTest2" />
    </UnitTest>
    <UnitTest name="AddRoleTest1" storage="c:\users\wayne\desktop\se-solution\traders marketplace\traders marketplace.tests\bin\debug\traders marketplace.tests.dll" id="6ac98c11-7f26-c092-5eb3-7da2cc561ac2">
      <Execution id="99d9aed7-9d13-46ac-bb67-1d83ea12bbc1" />
      <TestMethod codeBase="C:/Users/Wayne/Desktop/SE-Solution/Traders Marketplace/Traders Marketplace.Tests/bin/Debug/Traders Marketplace.Tests.DLL" adapterTypeName="Microsoft.VisualStudio.TestTools.TestTypes.Unit.UnitTestAdapter, Microsoft.VisualStudio.QualityTools.Tips.UnitTest.Adapter, Version=10.0.0.0, Culture=neutral, PublicKeyToken=b03f5f7f11d50a3a" className="Traders_Marketplace.Tests.RolesTest, Traders Marketplace.Tests, Version=1.0.0.0, Culture=neutral, PublicKeyToken=null" name="AddRoleTest1" />
    </UnitTest>
    <UnitTest name="ReadRoleTest2" storage="c:\users\wayne\desktop\se-solution\traders marketplace\traders marketplace.tests\bin\debug\traders marketplace.tests.dll" id="8209c04f-dcd2-7695-2208-f708cd488df9">
      <Execution id="a40096a2-908e-4dab-9bcc-f76c9448148a" />
      <TestMethod codeBase="C:/Users/Wayne/Desktop/SE-Solution/Traders Marketplace/Traders Marketplace.Tests/bin/Debug/Traders Marketplace.Tests.DLL" adapterTypeName="Microsoft.VisualStudio.TestTools.TestTypes.Unit.UnitTestAdapter, Microsoft.VisualStudio.QualityTools.Tips.UnitTest.Adapter, Version=10.0.0.0, Culture=neutral, PublicKeyToken=b03f5f7f11d50a3a" className="Traders_Marketplace.Tests.RolesTest, Traders Marketplace.Tests, Version=1.0.0.0, Culture=neutral, PublicKeyToken=null" name="ReadRoleTest2" />
    </UnitTest>
  </TestDefinitions>
  <TestLists>
    <TestList name="Results Not in a List" id="8c84fa94-04c1-424b-9868-57a2d4851a1d" />
    <TestList name="All Loaded Results" id="19431567-8539-422a-85d7-44ee4e166bda" />
  </TestLists>
  <TestEntries>
    <TestEntry testId="1201ad84-382d-44d0-1ec6-32d4144e1760" executionId="58b4f736-21aa-4d0c-9b83-26e0ab1673c3" testListId="8c84fa94-04c1-424b-9868-57a2d4851a1d" />
    <TestEntry testId="5c83ec1f-176d-44aa-c3ce-4656ea925732" executionId="972cc0b2-2075-4158-a0f2-0e2c5c612c74" testListId="8c84fa94-04c1-424b-9868-57a2d4851a1d" />
    <TestEntry testId="6ac98c11-7f26-c092-5eb3-7da2cc561ac2" executionId="99d9aed7-9d13-46ac-bb67-1d83ea12bbc1" testListId="8c84fa94-04c1-424b-9868-57a2d4851a1d" />
    <TestEntry testId="6c049101-2c65-c774-7cc1-38a25667ce78" executionId="93deaaa7-54e6-464e-a6a7-18b715ed2b1b" testListId="8c84fa94-04c1-424b-9868-57a2d4851a1d" />
    <TestEntry testId="8209c04f-dcd2-7695-2208-f708cd488df9" executionId="a40096a2-908e-4dab-9bcc-f76c9448148a" testListId="8c84fa94-04c1-424b-9868-57a2d4851a1d" />
    <TestEntry testId="b2929c2d-f953-21ba-87f3-4b1425e28c94" executionId="b9f74406-bb6a-4cb7-b4d7-0d2900342379" testListId="8c84fa94-04c1-424b-9868-57a2d4851a1d" />
    <TestEntry testId="cd6796a7-52ee-3c06-e33f-822eb9305e5c" executionId="c850e3c0-f80d-47d4-bea2-1e8f33399be3" testListId="8c84fa94-04c1-424b-9868-57a2d4851a1d" />
  </TestEntries>
  <Results>
    <UnitTestResult executionId="58b4f736-21aa-4d0c-9b83-26e0ab1673c3" testId="1201ad84-382d-44d0-1ec6-32d4144e1760" testName="AddRoleTest3" computerName="WAYNE-PC" duration="00:00:00.1015453" startTime="2015-01-06T21:01:47.4469077+01:00" endTime="2015-01-06T21:01:47.7169081+01:00" testType="13cdc9d9-ddb5-4fa4-a97d-d965ccfc6d4b" outcome="Passed" testListId="8c84fa94-04c1-424b-9868-57a2d4851a1d" relativeResultsDirectory="58b4f736-21aa-4d0c-9b83-26e0ab1673c3">
    </UnitTestResult>
    <UnitTestResult executionId="972cc0b2-2075-4158-a0f2-0e2c5c612c74" testId="5c83ec1f-176d-44aa-c3ce-4656ea925732" testName="AddRoleTest2" computerName="WAYNE-PC" duration="00:00:00.0037209" startTime="2015-01-06T21:01:47.7169081+01:00" endTime="2015-01-06T21:01:47.7169081+01:00" testType="13cdc9d9-ddb5-4fa4-a97d-d965ccfc6d4b" outcome="Passed" testListId="8c84fa94-04c1-424b-9868-57a2d4851a1d" relativeResultsDirectory="972cc0b2-2075-4158-a0f2-0e2c5c612c74">
    </UnitTestResult>
    <UnitTestResult executionId="99d9aed7-9d13-46ac-bb67-1d83ea12bbc1" testId="6ac98c11-7f26-c092-5eb3-7da2cc561ac2" testName="AddRoleTest1" computerName="WAYNE-PC" duration="00:00:00.0355734" startTime="2015-01-06T21:01:47.7269081+01:00" endTime="2015-01-06T21:01:47.7669081+01:00" testType="13cdc9d9-ddb5-4fa4-a97d-d965ccfc6d4b" outcome="Passed" testListId="8c84fa94-04c1-424b-9868-57a2d4851a1d" relativeResultsDirectory="99d9aed7-9d13-46ac-bb67-1d83ea12bbc1">
    </UnitTestResult>
    <UnitTestResult executionId="93deaaa7-54e6-464e-a6a7-18b715ed2b1b" testId="6c049101-2c65-c774-7cc1-38a25667ce78" testName="UpdateRoleTest1" computerName="WAYNE-PC" duration="00:00:00.0239671" startTime="2015-01-06T21:01:47.7669081+01:00" endTime="2015-01-06T21:01:47.7869081+01:00" testType="13cdc9d9-ddb5-4fa4-a97d-d965ccfc6d4b" outcome="Failed" testListId="8c84fa94-04c1-424b-9868-57a2d4851a1d" relativeResultsDirectory="93deaaa7-54e6-464e-a6a7-18b715ed2b1b">
      <Output>
        <ErrorInfo>
          <Message>Assert.AreEqual failed. Expected:&lt;Test Role&gt;. Actual:&lt;Test RoleToUpdate2&gt;. Not The same</Message>
          <StackTrace>   at Traders_Marketplace.Tests.RolesTest.UpdateRoleTest1() in C:\Users\Wayne\Desktop\SE-Solution\Traders Marketplace\Traders Marketplace.Tests\RolesTest.cs:line 252
</StackTrace>
        </ErrorInfo>
      </Output>
    </UnitTestResult>
    <UnitTestResult executionId="a40096a2-908e-4dab-9bcc-f76c9448148a" testId="8209c04f-dcd2-7695-2208-f708cd488df9" testName="ReadRoleTest2" computerName="WAYNE-PC" duration="00:00:00.0049882" startTime="2015-01-06T21:01:47.7969082+01:00" endTime="2015-01-06T21:01:47.8069082+01:00" testType="13cdc9d9-ddb5-4fa4-a97d-d965ccfc6d4b" outcome="Passed" testListId="8c84fa94-04c1-424b-9868-57a2d4851a1d" relativeResultsDirectory="a40096a2-908e-4dab-9bcc-f76c9448148a">
    </UnitTestResult>
    <UnitTestResult executionId="b9f74406-bb6a-4cb7-b4d7-0d2900342379" testId="b2929c2d-f953-21ba-87f3-4b1425e28c94" testName="AddRoleTest4" computerName="WAYNE-PC" duration="00:00:00.0028120" startTime="2015-01-06T21:01:47.8069082+01:00" endTime="2015-01-06T21:01:47.8069082+01:00" testType="13cdc9d9-ddb5-4fa4-a97d-d965ccfc6d4b" outcome="Passed" testListId="8c84fa94-04c1-424b-9868-57a2d4851a1d" relativeResultsDirectory="b9f74406-bb6a-4cb7-b4d7-0d2900342379">
    </UnitTestResult>
    <UnitTestResult executionId="c850e3c0-f80d-47d4-bea2-1e8f33399be3" testId="cd6796a7-52ee-3c06-e33f-822eb9305e5c" testName="ReadRoleTest1" computerName="WAYNE-PC" duration="00:00:00.0047000" startTime="2015-01-06T21:01:47.8169082+01:00" endTime="2015-01-06T21:01:47.8169082+01:00" testType="13cdc9d9-ddb5-4fa4-a97d-d965ccfc6d4b" outcome="Passed" testListId="8c84fa94-04c1-424b-9868-57a2d4851a1d" relativeResultsDirectory="c850e3c0-f80d-47d4-bea2-1e8f33399be3">
    </UnitTestResult>
  </Results>
</TestRun>