<?xml version="1.0" encoding="UTF-8"?>
<TestRun id="40c4369a-4219-4a50-bfa7-c3c6ad69a0d2" name="Wayne@WAYNE-PC 2015-01-06 20:31:25" runUser="Wayne-PC\Wayne" xmlns="http://microsoft.com/schemas/VisualStudio/TeamTest/2010">
  <TestSettings name="Default Test Settings" id="f9e06553-3d5e-461e-97b7-9a0c07dbea8e">
    <Deployment runDeploymentRoot="Wayne_WAYNE-PC 2015-01-06 20_31_25">
      <DeploymentItem filename="C:\Users\Wayne\Desktop\SE-Solution\Traders Marketplace\BusinessLogic\bin\Debug\BusinessLogic.dll" />
      <DeploymentItem filename="C:\Users\Wayne\Desktop\SE-Solution\Traders Marketplace\packages\EntityFramework.4.1.10331.0\lib\EntityFramework.dll" />
      <DeploymentItem filename="C:\Users\Wayne\Desktop\SE-Solution\Traders Marketplace\Common\bin\Debug\Common.dll" />
      <DeploymentItem filename="C:\Users\Wayne\Desktop\SE-Solution\Traders Marketplace\Traders Marketplace\bin\Traders Marketplace.dll" />
      <DeploymentItem filename="C:\Users\Wayne\Desktop\SE-Solution\Traders Marketplace\DataAccess\bin\Debug\DataAccess.dll" />
    </Deployment>
    <Execution>
      <TestTypeSpecific />
      <AgentRule name="Execution Agents">
      </AgentRule>
    </Execution>
  </TestSettings>
  <Times creation="2015-01-06T20:31:25.6996225+01:00" queuing="2015-01-06T20:31:27.9467209+01:00" start="2015-01-06T20:31:28.0697252+01:00" finish="2015-01-06T20:32:09.2564108+01:00" />
  <ResultSummary outcome="Error">
    <Counters total="1" executed="1" error="0" failed="0" timeout="0" aborted="1" inconclusive="0" passedButRunAborted="0" notRunnable="0" notExecuted="0" disconnected="0" warning="0" passed="0" completed="0" inProgress="0" pending="0" />
    <RunInfos>
      <RunInfo computerName="WAYNE-PC" outcome="Error" timestamp="2015-01-06T20:32:09.2554107+01:00">
        <Text>Test host process exited unexpectedly.</Text>
      </RunInfo>
    </RunInfos>
  </ResultSummary>
  <TestDefinitions>
    <UnitTest name="UpdateRoleTest1" storage="c:\users\wayne\desktop\se-solution\traders marketplace\traders marketplace.tests\bin\debug\traders marketplace.tests.dll" id="6c049101-2c65-c774-7cc1-38a25667ce78">
      <Execution id="addebab8-296f-4635-ae82-78e0c406c3d7" />
      <TestMethod codeBase="C:/Users/Wayne/Desktop/SE-Solution/Traders Marketplace/Traders Marketplace.Tests/bin/Debug/Traders Marketplace.Tests.DLL" adapterTypeName="Microsoft.VisualStudio.TestTools.TestTypes.Unit.UnitTestAdapter, Microsoft.VisualStudio.QualityTools.Tips.UnitTest.Adapter, Version=10.0.0.0, Culture=neutral, PublicKeyToken=b03f5f7f11d50a3a" className="Traders_Marketplace.Tests.RolesTest, Traders Marketplace.Tests, Version=1.0.0.0, Culture=neutral, PublicKeyToken=null" name="UpdateRoleTest1" />
    </UnitTest>
  </TestDefinitions>
  <TestLists>
    <TestList name="Results Not in a List" id="8c84fa94-04c1-424b-9868-57a2d4851a1d" />
    <TestList name="All Loaded Results" id="19431567-8539-422a-85d7-44ee4e166bda" />
  </TestLists>
  <TestEntries>
    <TestEntry testId="6c049101-2c65-c774-7cc1-38a25667ce78" executionId="addebab8-296f-4635-ae82-78e0c406c3d7" testListId="8c84fa94-04c1-424b-9868-57a2d4851a1d" />
  </TestEntries>
  <Results>
    <UnitTestResult executionId="addebab8-296f-4635-ae82-78e0c406c3d7" testId="6c049101-2c65-c774-7cc1-38a25667ce78" testName="UpdateRoleTest1" computerName="WAYNE-PC" duration="00:00:41.0536819" startTime="2015-01-06T20:31:28.2027289+01:00" endTime="2015-01-06T20:32:09.2564108+01:00" testType="13cdc9d9-ddb5-4fa4-a97d-d965ccfc6d4b" outcome="Aborted" testListId="8c84fa94-04c1-424b-9868-57a2d4851a1d" relativeResultsDirectory="addebab8-296f-4635-ae82-78e0c406c3d7">
    </UnitTestResult>
  </Results>
</TestRun>