<?xml version="1.0" encoding="UTF-8"?>
<TestRun id="049981b1-dd3b-4df0-b49b-47c0fdaec2de" name="Wayne@WAYNE-PC 2015-01-13 15:14:54" runUser="Wayne-PC\Wayne" xmlns="http://microsoft.com/schemas/VisualStudio/TeamTest/2010">
  <TestSettings name="Default Test Settings" id="9173b6dc-e391-45c2-a58d-b14433fd7723">
    <Deployment runDeploymentRoot="Wayne_WAYNE-PC 2015-01-13 15_14_54">
      <DeploymentItem filename="C:\Users\Wayne\Desktop\SE-Solution\Traders Marketplace\BusinessLogic\bin\Debug\BusinessLogic.dll" />
      <DeploymentItem filename="C:\Users\Wayne\Desktop\SE-Solution\Traders Marketplace\packages\EntityFramework.4.1.10331.0\lib\EntityFramework.dll" />
      <DeploymentItem filename="C:\Users\Wayne\Desktop\SE-Solution\Traders Marketplace\Common\bin\Debug\Common.dll" />
      <DeploymentItem filename="C:\Users\Wayne\Desktop\SE-Solution\Traders Marketplace\Traders Marketplace\bin\Traders Marketplace.dll" />
      <DeploymentItem filename="C:\Users\Wayne\Desktop\SE-Solution\Traders Marketplace\DataAccess\bin\Debug\DataAccess.dll" />
    </Deployment>
    <Execution>
      <TestTypeSpecific />
      <AgentRule name="Execution Agents">
      </AgentRule>
    </Execution>
  </TestSettings>
  <Times creation="2015-01-13T15:14:54.8674969+01:00" queuing="2015-01-13T15:14:56.3962996+01:00" start="2015-01-13T15:14:56.4118996+01:00" finish="2015-01-13T15:14:56.9267005+01:00" />
  <ResultSummary outcome="Failed">
    <Counters total="18" executed="18" passed="16" error="0" failed="2" timeout="0" aborted="0" inconclusive="0" passedButRunAborted="0" notRunnable="0" notExecuted="0" disconnected="0" warning="0" completed="0" inProgress="0" pending="0" />
  </ResultSummary>
  <TestDefinitions>
    <UnitTest name="AddRoleTest3" storage="c:\users\wayne\desktop\se-solution\traders marketplace\traders marketplace.tests\bin\debug\traders marketplace.tests.dll" id="1201ad84-382d-44d0-1ec6-32d4144e1760">
      <Execution id="06cea892-674c-42ec-b9ba-686b29678770" />
      <TestMethod codeBase="C:/Users/Wayne/Desktop/SE-Solution/Traders Marketplace/Traders Marketplace.Tests/bin/Debug/Traders Marketplace.Tests.DLL" adapterTypeName="Microsoft.VisualStudio.TestTools.TestTypes.Unit.UnitTestAdapter, Microsoft.VisualStudio.QualityTools.Tips.UnitTest.Adapter, Version=10.0.0.0, Culture=neutral, PublicKeyToken=b03f5f7f11d50a3a" className="Traders_Marketplace.Tests.RolesTest, Traders Marketplace.Tests, Version=1.0.0.0, Culture=neutral, PublicKeyToken=null" name="AddRoleTest3" />
    </UnitTest>
    <UnitTest name="DeleteRoleTest1" storage="c:\users\wayne\desktop\se-solution\traders marketplace\traders marketplace.tests\bin\debug\traders marketplace.tests.dll" id="8fd45f5e-65cb-27bc-d561-88c75a4fd117">
      <Execution id="25433117-9bfb-47ad-ab95-a1d4c75172be" />
      <TestMethod codeBase="C:/Users/Wayne/Desktop/SE-Solution/Traders Marketplace/Traders Marketplace.Tests/bin/Debug/Traders Marketplace.Tests.DLL" adapterTypeName="Microsoft.VisualStudio.TestTools.TestTypes.Unit.UnitTestAdapter, Microsoft.VisualStudio.QualityTools.Tips.UnitTest.Adapter, Version=10.0.0.0, Culture=neutral, PublicKeyToken=b03f5f7f11d50a3a" className="Traders_Marketplace.Tests.RolesTest, Traders Marketplace.Tests, Version=1.0.0.0, Culture=neutral, PublicKeyToken=null" name="DeleteRoleTest1" />
    </UnitTest>
    <UnitTest name="UpdateRoleTest3" storage="c:\users\wayne\desktop\se-solution\traders marketplace\traders marketplace.tests\bin\debug\traders marketplace.tests.dll" id="0c517cea-1b2c-b3b4-eed6-ef0adee4e641">
      <Execution id="741abc07-c659-4074-9a84-fd08f6e75b28" />
      <TestMethod codeBase="C:/Users/Wayne/Desktop/SE-Solution/Traders Marketplace/Traders Marketplace.Tests/bin/Debug/Traders Marketplace.Tests.DLL" adapterTypeName="Microsoft.VisualStudio.TestTools.TestTypes.Unit.UnitTestAdapter, Microsoft.VisualStudio.QualityTools.Tips.UnitTest.Adapter, Version=10.0.0.0, Culture=neutral, PublicKeyToken=b03f5f7f11d50a3a" className="Traders_Marketplace.Tests.RolesTest, Traders Marketplace.Tests, Version=1.0.0.0, Culture=neutral, PublicKeyToken=null" name="UpdateRoleTest3" />
    </UnitTest>
    <UnitTest name="AddRoleTest1" storage="c:\users\wayne\desktop\se-solution\traders marketplace\traders marketplace.tests\bin\debug\traders marketplace.tests.dll" id="6ac98c11-7f26-c092-5eb3-7da2cc561ac2">
      <Execution id="a4060e52-458c-4b3f-b8bc-961ca85b21a6" />
      <TestMethod codeBase="C:/Users/Wayne/Desktop/SE-Solution/Traders Marketplace/Traders Marketplace.Tests/bin/Debug/Traders Marketplace.Tests.DLL" adapterTypeName="Microsoft.VisualStudio.TestTools.TestTypes.Unit.UnitTestAdapter, Microsoft.VisualStudio.QualityTools.Tips.UnitTest.Adapter, Version=10.0.0.0, Culture=neutral, PublicKeyToken=b03f5f7f11d50a3a" className="Traders_Marketplace.Tests.RolesTest, Traders Marketplace.Tests, Version=1.0.0.0, Culture=neutral, PublicKeyToken=null" name="AddRoleTest1" />
    </UnitTest>
    <UnitTest name="UpdateRoleTest4" storage="c:\users\wayne\desktop\se-solution\traders marketplace\traders marketplace.tests\bin\debug\traders marketplace.tests.dll" id="ea4b6f36-8015-2c3a-bc40-5b4bc5bead08">
      <Execution id="007f0ae8-f444-4b34-ba6d-518fa78a6d24" />
      <TestMethod codeBase="C:/Users/Wayne/Desktop/SE-Solution/Traders Marketplace/Traders Marketplace.Tests/bin/Debug/Traders Marketplace.Tests.DLL" adapterTypeName="Microsoft.VisualStudio.TestTools.TestTypes.Unit.UnitTestAdapter, Microsoft.VisualStudio.QualityTools.Tips.UnitTest.Adapter, Version=10.0.0.0, Culture=neutral, PublicKeyToken=b03f5f7f11d50a3a" className="Traders_Marketplace.Tests.RolesTest, Traders Marketplace.Tests, Version=1.0.0.0, Culture=neutral, PublicKeyToken=null" name="UpdateRoleTest4" />
    </UnitTest>
    <UnitTest name="AddRoleTest2" storage="c:\users\wayne\desktop\se-solution\traders marketplace\traders marketplace.tests\bin\debug\traders marketplace.tests.dll" id="5c83ec1f-176d-44aa-c3ce-4656ea925732">
      <Execution id="0bfb33bb-fe64-43a4-ba1b-bf21944379af" />
      <TestMethod codeBase="C:/Users/Wayne/Desktop/SE-Solution/Traders Marketplace/Traders Marketplace.Tests/bin/Debug/Traders Marketplace.Tests.DLL" adapterTypeName="Microsoft.VisualStudio.TestTools.TestTypes.Unit.UnitTestAdapter, Microsoft.VisualStudio.QualityTools.Tips.UnitTest.Adapter, Version=10.0.0.0, Culture=neutral, PublicKeyToken=b03f5f7f11d50a3a" className="Traders_Marketplace.Tests.RolesTest, Traders Marketplace.Tests, Version=1.0.0.0, Culture=neutral, PublicKeyToken=null" name="AddRoleTest2" />
    </UnitTest>
    <UnitTest name="AddRoleTest7" storage="c:\users\wayne\desktop\se-solution\traders marketplace\traders marketplace.tests\bin\debug\traders marketplace.tests.dll" id="37be030d-0767-d74d-0bdb-772f36e51f2d">
      <Execution id="64e04cb0-d38e-4620-80fe-d395ada9d950" />
      <TestMethod codeBase="C:/Users/Wayne/Desktop/SE-Solution/Traders Marketplace/Traders Marketplace.Tests/bin/Debug/Traders Marketplace.Tests.DLL" adapterTypeName="Microsoft.VisualStudio.TestTools.TestTypes.Unit.UnitTestAdapter, Microsoft.VisualStudio.QualityTools.Tips.UnitTest.Adapter, Version=10.0.0.0, Culture=neutral, PublicKeyToken=b03f5f7f11d50a3a" className="Traders_Marketplace.Tests.RolesTest, Traders Marketplace.Tests, Version=1.0.0.0, Culture=neutral, PublicKeyToken=null" name="AddRoleTest7" />
    </UnitTest>
    <UnitTest name="AddRoleTest4" storage="c:\users\wayne\desktop\se-solution\traders marketplace\traders marketplace.tests\bin\debug\traders marketplace.tests.dll" id="b2929c2d-f953-21ba-87f3-4b1425e28c94">
      <Execution id="a0a599ea-25b1-4d41-9331-660278708ace" />
      <TestMethod codeBase="C:/Users/Wayne/Desktop/SE-Solution/Traders Marketplace/Traders Marketplace.Tests/bin/Debug/Traders Marketplace.Tests.DLL" adapterTypeName="Microsoft.VisualStudio.TestTools.TestTypes.Unit.UnitTestAdapter, Microsoft.VisualStudio.QualityTools.Tips.UnitTest.Adapter, Version=10.0.0.0, Culture=neutral, PublicKeyToken=b03f5f7f11d50a3a" className="Traders_Marketplace.Tests.RolesTest, Traders Marketplace.Tests, Version=1.0.0.0, Culture=neutral, PublicKeyToken=null" name="AddRoleTest4" />
    </UnitTest>
    <UnitTest name="DeleteRoleTest2" storage="c:\users\wayne\desktop\se-solution\traders marketplace\traders marketplace.tests\bin\debug\traders marketplace.tests.dll" id="bffeae59-bfaa-1b04-507e-f4c66f33e549">
      <Execution id="a3756f12-1b32-46a8-a7a4-9cdc121adf15" />
      <TestMethod codeBase="C:/Users/Wayne/Desktop/SE-Solution/Traders Marketplace/Traders Marketplace.Tests/bin/Debug/Traders Marketplace.Tests.DLL" adapterTypeName="Microsoft.VisualStudio.TestTools.TestTypes.Unit.UnitTestAdapter, Microsoft.VisualStudio.QualityTools.Tips.UnitTest.Adapter, Version=10.0.0.0, Culture=neutral, PublicKeyToken=b03f5f7f11d50a3a" className="Traders_Marketplace.Tests.RolesTest, Traders Marketplace.Tests, Version=1.0.0.0, Culture=neutral, PublicKeyToken=null" name="DeleteRoleTest2" />
    </UnitTest>
    <UnitTest name="UpdateRoleTest5" storage="c:\users\wayne\desktop\se-solution\traders marketplace\traders marketplace.tests\bin\debug\traders marketplace.tests.dll" id="28f0b300-43df-df58-20b1-fe498a87ea0c">
      <Execution id="bd54afac-7ba8-4152-83a1-127cc13ba75b" />
      <TestMethod codeBase="C:/Users/Wayne/Desktop/SE-Solution/Traders Marketplace/Traders Marketplace.Tests/bin/Debug/Traders Marketplace.Tests.DLL" adapterTypeName="Microsoft.VisualStudio.TestTools.TestTypes.Unit.UnitTestAdapter, Microsoft.VisualStudio.QualityTools.Tips.UnitTest.Adapter, Version=10.0.0.0, Culture=neutral, PublicKeyToken=b03f5f7f11d50a3a" className="Traders_Marketplace.Tests.RolesTest, Traders Marketplace.Tests, Version=1.0.0.0, Culture=neutral, PublicKeyToken=null" name="UpdateRoleTest5" />
    </UnitTest>
    <UnitTest name="UpdateRoleTest6" storage="c:\users\wayne\desktop\se-solution\traders marketplace\traders marketplace.tests\bin\debug\traders marketplace.tests.dll" id="b3d1d811-2c26-7d8b-665b-702049d63015">
      <Execution id="d0f96d82-dfc4-4aae-9b06-52f90361e0ba" />
      <TestMethod codeBase="C:/Users/Wayne/Desktop/SE-Solution/Traders Marketplace/Traders Marketplace.Tests/bin/Debug/Traders Marketplace.Tests.DLL" adapterTypeName="Microsoft.VisualStudio.TestTools.TestTypes.Unit.UnitTestAdapter, Microsoft.VisualStudio.QualityTools.Tips.UnitTest.Adapter, Version=10.0.0.0, Culture=neutral, PublicKeyToken=b03f5f7f11d50a3a" className="Traders_Marketplace.Tests.RolesTest, Traders Marketplace.Tests, Version=1.0.0.0, Culture=neutral, PublicKeyToken=null" name="UpdateRoleTest6" />
    </UnitTest>
    <UnitTest name="ReadRoleTest2" storage="c:\users\wayne\desktop\se-solution\traders marketplace\traders marketplace.tests\bin\debug\traders marketplace.tests.dll" id="8209c04f-dcd2-7695-2208-f708cd488df9">
      <Execution id="448a1364-e6b4-4bb2-8317-0f2c84123427" />
      <TestMethod codeBase="C:/Users/Wayne/Desktop/SE-Solution/Traders Marketplace/Traders Marketplace.Tests/bin/Debug/Traders Marketplace.Tests.DLL" adapterTypeName="Microsoft.VisualStudio.TestTools.TestTypes.Unit.UnitTestAdapter, Microsoft.VisualStudio.QualityTools.Tips.UnitTest.Adapter, Version=10.0.0.0, Culture=neutral, PublicKeyToken=b03f5f7f11d50a3a" className="Traders_Marketplace.Tests.RolesTest, Traders Marketplace.Tests, Version=1.0.0.0, Culture=neutral, PublicKeyToken=null" name="ReadRoleTest2" />
    </UnitTest>
    <UnitTest name="UpdateRoleTest2" storage="c:\users\wayne\desktop\se-solution\traders marketplace\traders marketplace.tests\bin\debug\traders marketplace.tests.dll" id="704cdaac-ac7c-4e94-af5b-3f6b9c432f38">
      <Execution id="cc297bfa-d696-4761-8b7f-7c1d165970d6" />
      <TestMethod codeBase="C:/Users/Wayne/Desktop/SE-Solution/Traders Marketplace/Traders Marketplace.Tests/bin/Debug/Traders Marketplace.Tests.DLL" adapterTypeName="Microsoft.VisualStudio.TestTools.TestTypes.Unit.UnitTestAdapter, Microsoft.VisualStudio.QualityTools.Tips.UnitTest.Adapter, Version=10.0.0.0, Culture=neutral, PublicKeyToken=b03f5f7f11d50a3a" className="Traders_Marketplace.Tests.RolesTest, Traders Marketplace.Tests, Version=1.0.0.0, Culture=neutral, PublicKeyToken=null" name="UpdateRoleTest2" />
    </UnitTest>
    <UnitTest name="UpdateRoleTest1" storage="c:\users\wayne\desktop\se-solution\traders marketplace\traders marketplace.tests\bin\debug\traders marketplace.tests.dll" id="6c049101-2c65-c774-7cc1-38a25667ce78">
      <Execution id="c4f3321f-67c1-4b70-b94d-ffb818bc75ce" />
      <TestMethod codeBase="C:/Users/Wayne/Desktop/SE-Solution/Traders Marketplace/Traders Marketplace.Tests/bin/Debug/Traders Marketplace.Tests.DLL" adapterTypeName="Microsoft.VisualStudio.TestTools.TestTypes.Unit.UnitTestAdapter, Microsoft.VisualStudio.QualityTools.Tips.UnitTest.Adapter, Version=10.0.0.0, Culture=neutral, PublicKeyToken=b03f5f7f11d50a3a" className="Traders_Marketplace.Tests.RolesTest, Traders Marketplace.Tests, Version=1.0.0.0, Culture=neutral, PublicKeyToken=null" name="UpdateRoleTest1" />
    </UnitTest>
    <UnitTest name="ReadRoleTest1" storage="c:\users\wayne\desktop\se-solution\traders marketplace\traders marketplace.tests\bin\debug\traders marketplace.tests.dll" id="cd6796a7-52ee-3c06-e33f-822eb9305e5c">
      <Execution id="a469cf7d-acb6-4a4c-ba8a-575840af57bf" />
      <TestMethod codeBase="C:/Users/Wayne/Desktop/SE-Solution/Traders Marketplace/Traders Marketplace.Tests/bin/Debug/Traders Marketplace.Tests.DLL" adapterTypeName="Microsoft.VisualStudio.TestTools.TestTypes.Unit.UnitTestAdapter, Microsoft.VisualStudio.QualityTools.Tips.UnitTest.Adapter, Version=10.0.0.0, Culture=neutral, PublicKeyToken=b03f5f7f11d50a3a" className="Traders_Marketplace.Tests.RolesTest, Traders Marketplace.Tests, Version=1.0.0.0, Culture=neutral, PublicKeyToken=null" name="ReadRoleTest1" />
    </UnitTest>
    <UnitTest name="AddRoleTest5" storage="c:\users\wayne\desktop\se-solution\traders marketplace\traders marketplace.tests\bin\debug\traders marketplace.tests.dll" id="d35d6bab-9284-b0ec-b5d5-bcb0a4f3a010">
      <Execution id="572192b4-e8e6-4666-a8cd-663cb037f360" />
      <TestMethod codeBase="C:/Users/Wayne/Desktop/SE-Solution/Traders Marketplace/Traders Marketplace.Tests/bin/Debug/Traders Marketplace.Tests.DLL" adapterTypeName="Microsoft.VisualStudio.TestTools.TestTypes.Unit.UnitTestAdapter, Microsoft.VisualStudio.QualityTools.Tips.UnitTest.Adapter, Version=10.0.0.0, Culture=neutral, PublicKeyToken=b03f5f7f11d50a3a" className="Traders_Marketplace.Tests.RolesTest, Traders Marketplace.Tests, Version=1.0.0.0, Culture=neutral, PublicKeyToken=null" name="AddRoleTest5" />
    </UnitTest>
    <UnitTest name="UpdateRoleTest7" storage="c:\users\wayne\desktop\se-solution\traders marketplace\traders marketplace.tests\bin\debug\traders marketplace.tests.dll" id="e9e4e746-2288-cc2e-1e96-e70127638202">
      <Execution id="c022c4f2-bd7f-49fa-8ab3-07e423aea9e0" />
      <TestMethod codeBase="C:/Users/Wayne/Desktop/SE-Solution/Traders Marketplace/Traders Marketplace.Tests/bin/Debug/Traders Marketplace.Tests.DLL" adapterTypeName="Microsoft.VisualStudio.TestTools.TestTypes.Unit.UnitTestAdapter, Microsoft.VisualStudio.QualityTools.Tips.UnitTest.Adapter, Version=10.0.0.0, Culture=neutral, PublicKeyToken=b03f5f7f11d50a3a" className="Traders_Marketplace.Tests.RolesTest, Traders Marketplace.Tests, Version=1.0.0.0, Culture=neutral, PublicKeyToken=null" name="UpdateRoleTest7" />
    </UnitTest>
    <UnitTest name="AddRoleTest6" storage="c:\users\wayne\desktop\se-solution\traders marketplace\traders marketplace.tests\bin\debug\traders marketplace.tests.dll" id="3066ccc4-335d-88fc-d2aa-f90345048216">
      <Execution id="441fc016-bb9c-4916-9950-e84bcd4d606f" />
      <TestMethod codeBase="C:/Users/Wayne/Desktop/SE-Solution/Traders Marketplace/Traders Marketplace.Tests/bin/Debug/Traders Marketplace.Tests.DLL" adapterTypeName="Microsoft.VisualStudio.TestTools.TestTypes.Unit.UnitTestAdapter, Microsoft.VisualStudio.QualityTools.Tips.UnitTest.Adapter, Version=10.0.0.0, Culture=neutral, PublicKeyToken=b03f5f7f11d50a3a" className="Traders_Marketplace.Tests.RolesTest, Traders Marketplace.Tests, Version=1.0.0.0, Culture=neutral, PublicKeyToken=null" name="AddRoleTest6" />
    </UnitTest>
  </TestDefinitions>
  <TestLists>
    <TestList name="Results Not in a List" id="8c84fa94-04c1-424b-9868-57a2d4851a1d" />
    <TestList name="All Loaded Results" id="19431567-8539-422a-85d7-44ee4e166bda" />
  </TestLists>
  <TestEntries>
    <TestEntry testId="0c517cea-1b2c-b3b4-eed6-ef0adee4e641" executionId="741abc07-c659-4074-9a84-fd08f6e75b28" testListId="8c84fa94-04c1-424b-9868-57a2d4851a1d" />
    <TestEntry testId="1201ad84-382d-44d0-1ec6-32d4144e1760" executionId="06cea892-674c-42ec-b9ba-686b29678770" testListId="8c84fa94-04c1-424b-9868-57a2d4851a1d" />
    <TestEntry testId="28f0b300-43df-df58-20b1-fe498a87ea0c" executionId="bd54afac-7ba8-4152-83a1-127cc13ba75b" testListId="8c84fa94-04c1-424b-9868-57a2d4851a1d" />
    <TestEntry testId="3066ccc4-335d-88fc-d2aa-f90345048216" executionId="441fc016-bb9c-4916-9950-e84bcd4d606f" testListId="8c84fa94-04c1-424b-9868-57a2d4851a1d" />
    <TestEntry testId="37be030d-0767-d74d-0bdb-772f36e51f2d" executionId="64e04cb0-d38e-4620-80fe-d395ada9d950" testListId="8c84fa94-04c1-424b-9868-57a2d4851a1d" />
    <TestEntry testId="5c83ec1f-176d-44aa-c3ce-4656ea925732" executionId="0bfb33bb-fe64-43a4-ba1b-bf21944379af" testListId="8c84fa94-04c1-424b-9868-57a2d4851a1d" />
    <TestEntry testId="6ac98c11-7f26-c092-5eb3-7da2cc561ac2" executionId="a4060e52-458c-4b3f-b8bc-961ca85b21a6" testListId="8c84fa94-04c1-424b-9868-57a2d4851a1d" />
    <TestEntry testId="6c049101-2c65-c774-7cc1-38a25667ce78" executionId="c4f3321f-67c1-4b70-b94d-ffb818bc75ce" testListId="8c84fa94-04c1-424b-9868-57a2d4851a1d" />
    <TestEntry testId="704cdaac-ac7c-4e94-af5b-3f6b9c432f38" executionId="cc297bfa-d696-4761-8b7f-7c1d165970d6" testListId="8c84fa94-04c1-424b-9868-57a2d4851a1d" />
    <TestEntry testId="8209c04f-dcd2-7695-2208-f708cd488df9" executionId="448a1364-e6b4-4bb2-8317-0f2c84123427" testListId="8c84fa94-04c1-424b-9868-57a2d4851a1d" />
    <TestEntry testId="8fd45f5e-65cb-27bc-d561-88c75a4fd117" executionId="25433117-9bfb-47ad-ab95-a1d4c75172be" testListId="8c84fa94-04c1-424b-9868-57a2d4851a1d" />
    <TestEntry testId="b2929c2d-f953-21ba-87f3-4b1425e28c94" executionId="a0a599ea-25b1-4d41-9331-660278708ace" testListId="8c84fa94-04c1-424b-9868-57a2d4851a1d" />
    <TestEntry testId="b3d1d811-2c26-7d8b-665b-702049d63015" executionId="d0f96d82-dfc4-4aae-9b06-52f90361e0ba" testListId="8c84fa94-04c1-424b-9868-57a2d4851a1d" />
    <TestEntry testId="bffeae59-bfaa-1b04-507e-f4c66f33e549" executionId="a3756f12-1b32-46a8-a7a4-9cdc121adf15" testListId="8c84fa94-04c1-424b-9868-57a2d4851a1d" />
    <TestEntry testId="cd6796a7-52ee-3c06-e33f-822eb9305e5c" executionId="a469cf7d-acb6-4a4c-ba8a-575840af57bf" testListId="8c84fa94-04c1-424b-9868-57a2d4851a1d" />
    <TestEntry testId="d35d6bab-9284-b0ec-b5d5-bcb0a4f3a010" executionId="572192b4-e8e6-4666-a8cd-663cb037f360" testListId="8c84fa94-04c1-424b-9868-57a2d4851a1d" />
    <TestEntry testId="e9e4e746-2288-cc2e-1e96-e70127638202" executionId="c022c4f2-bd7f-49fa-8ab3-07e423aea9e0" testListId="8c84fa94-04c1-424b-9868-57a2d4851a1d" />
    <TestEntry testId="ea4b6f36-8015-2c3a-bc40-5b4bc5bead08" executionId="007f0ae8-f444-4b34-ba6d-518fa78a6d24" testListId="8c84fa94-04c1-424b-9868-57a2d4851a1d" />
  </TestEntries>
  <Results>
    <UnitTestResult executionId="741abc07-c659-4074-9a84-fd08f6e75b28" testId="0c517cea-1b2c-b3b4-eed6-ef0adee4e641" testName="UpdateRoleTest3" computerName="WAYNE-PC" duration="00:00:00.1409351" startTime="2015-01-13T15:14:56.4118996+01:00" endTime="2015-01-13T15:14:56.7395002+01:00" testType="13cdc9d9-ddb5-4fa4-a97d-d965ccfc6d4b" outcome="Passed" testListId="8c84fa94-04c1-424b-9868-57a2d4851a1d" relativeResultsDirectory="741abc07-c659-4074-9a84-fd08f6e75b28">
    </UnitTestResult>
    <UnitTestResult executionId="06cea892-674c-42ec-b9ba-686b29678770" testId="1201ad84-382d-44d0-1ec6-32d4144e1760" testName="AddRoleTest3" computerName="WAYNE-PC" duration="00:00:00.0064596" startTime="2015-01-13T15:14:56.7395002+01:00" endTime="2015-01-13T15:14:56.7395002+01:00" testType="13cdc9d9-ddb5-4fa4-a97d-d965ccfc6d4b" outcome="Passed" testListId="8c84fa94-04c1-424b-9868-57a2d4851a1d" relativeResultsDirectory="06cea892-674c-42ec-b9ba-686b29678770">
    </UnitTestResult>
    <UnitTestResult executionId="bd54afac-7ba8-4152-83a1-127cc13ba75b" testId="28f0b300-43df-df58-20b1-fe498a87ea0c" testName="UpdateRoleTest5" computerName="WAYNE-PC" duration="00:00:00.0035851" startTime="2015-01-13T15:14:56.7395002+01:00" endTime="2015-01-13T15:14:56.7551002+01:00" testType="13cdc9d9-ddb5-4fa4-a97d-d965ccfc6d4b" outcome="Passed" testListId="8c84fa94-04c1-424b-9868-57a2d4851a1d" relativeResultsDirectory="bd54afac-7ba8-4152-83a1-127cc13ba75b">
    </UnitTestResult>
    <UnitTestResult executionId="441fc016-bb9c-4916-9950-e84bcd4d606f" testId="3066ccc4-335d-88fc-d2aa-f90345048216" testName="AddRoleTest6" computerName="WAYNE-PC" duration="00:00:00.0025604" startTime="2015-01-13T15:14:56.7551002+01:00" endTime="2015-01-13T15:14:56.7551002+01:00" testType="13cdc9d9-ddb5-4fa4-a97d-d965ccfc6d4b" outcome="Passed" testListId="8c84fa94-04c1-424b-9868-57a2d4851a1d" relativeResultsDirectory="441fc016-bb9c-4916-9950-e84bcd4d606f">
    </UnitTestResult>
    <UnitTestResult executionId="64e04cb0-d38e-4620-80fe-d395ada9d950" testId="37be030d-0767-d74d-0bdb-772f36e51f2d" testName="AddRoleTest7" computerName="WAYNE-PC" duration="00:00:00.0023855" startTime="2015-01-13T15:14:56.7551002+01:00" endTime="2015-01-13T15:14:56.7707002+01:00" testType="13cdc9d9-ddb5-4fa4-a97d-d965ccfc6d4b" outcome="Passed" testListId="8c84fa94-04c1-424b-9868-57a2d4851a1d" relativeResultsDirectory="64e04cb0-d38e-4620-80fe-d395ada9d950">
    </UnitTestResult>
    <UnitTestResult executionId="0bfb33bb-fe64-43a4-ba1b-bf21944379af" testId="5c83ec1f-176d-44aa-c3ce-4656ea925732" testName="AddRoleTest2" computerName="WAYNE-PC" duration="00:00:00.0031692" startTime="2015-01-13T15:14:56.7707002+01:00" endTime="2015-01-13T15:14:56.7707002+01:00" testType="13cdc9d9-ddb5-4fa4-a97d-d965ccfc6d4b" outcome="Passed" testListId="8c84fa94-04c1-424b-9868-57a2d4851a1d" relativeResultsDirectory="0bfb33bb-fe64-43a4-ba1b-bf21944379af">
    </UnitTestResult>
    <UnitTestResult executionId="a4060e52-458c-4b3f-b8bc-961ca85b21a6" testId="6ac98c11-7f26-c092-5eb3-7da2cc561ac2" testName="AddRoleTest1" computerName="WAYNE-PC" duration="00:00:00.0030506" startTime="2015-01-13T15:14:56.7707002+01:00" endTime="2015-01-13T15:14:56.7707002+01:00" testType="13cdc9d9-ddb5-4fa4-a97d-d965ccfc6d4b" outcome="Passed" testListId="8c84fa94-04c1-424b-9868-57a2d4851a1d" relativeResultsDirectory="a4060e52-458c-4b3f-b8bc-961ca85b21a6">
    </UnitTestResult>
    <UnitTestResult executionId="c4f3321f-67c1-4b70-b94d-ffb818bc75ce" testId="6c049101-2c65-c774-7cc1-38a25667ce78" testName="UpdateRoleTest1" computerName="WAYNE-PC" duration="00:00:00.0025419" startTime="2015-01-13T15:14:56.7707002+01:00" endTime="2015-01-13T15:14:56.7863002+01:00" testType="13cdc9d9-ddb5-4fa4-a97d-d965ccfc6d4b" outcome="Passed" testListId="8c84fa94-04c1-424b-9868-57a2d4851a1d" relativeResultsDirectory="c4f3321f-67c1-4b70-b94d-ffb818bc75ce">
    </UnitTestResult>
    <UnitTestResult executionId="cc297bfa-d696-4761-8b7f-7c1d165970d6" testId="704cdaac-ac7c-4e94-af5b-3f6b9c432f38" testName="UpdateRoleTest2" computerName="WAYNE-PC" duration="00:00:00.0026310" startTime="2015-01-13T15:14:56.7863002+01:00" endTime="2015-01-13T15:14:56.7863002+01:00" testType="13cdc9d9-ddb5-4fa4-a97d-d965ccfc6d4b" outcome="Passed" testListId="8c84fa94-04c1-424b-9868-57a2d4851a1d" relativeResultsDirectory="cc297bfa-d696-4761-8b7f-7c1d165970d6">
    </UnitTestResult>
    <UnitTestResult executionId="448a1364-e6b4-4bb2-8317-0f2c84123427" testId="8209c04f-dcd2-7695-2208-f708cd488df9" testName="ReadRoleTest2" computerName="WAYNE-PC" duration="00:00:00.0040695" startTime="2015-01-13T15:14:56.7863002+01:00" endTime="2015-01-13T15:14:56.8019003+01:00" testType="13cdc9d9-ddb5-4fa4-a97d-d965ccfc6d4b" outcome="Passed" testListId="8c84fa94-04c1-424b-9868-57a2d4851a1d" relativeResultsDirectory="448a1364-e6b4-4bb2-8317-0f2c84123427">
    </UnitTestResult>
    <UnitTestResult executionId="25433117-9bfb-47ad-ab95-a1d4c75172be" testId="8fd45f5e-65cb-27bc-d561-88c75a4fd117" testName="DeleteRoleTest1" computerName="WAYNE-PC" duration="00:00:00.0036499" startTime="2015-01-13T15:14:56.8019003+01:00" endTime="2015-01-13T15:14:56.8019003+01:00" testType="13cdc9d9-ddb5-4fa4-a97d-d965ccfc6d4b" outcome="Passed" testListId="8c84fa94-04c1-424b-9868-57a2d4851a1d" relativeResultsDirectory="25433117-9bfb-47ad-ab95-a1d4c75172be">
    </UnitTestResult>
    <UnitTestResult executionId="a0a599ea-25b1-4d41-9331-660278708ace" testId="b2929c2d-f953-21ba-87f3-4b1425e28c94" testName="AddRoleTest4" computerName="WAYNE-PC" duration="00:00:00.0041064" startTime="2015-01-13T15:14:56.8019003+01:00" endTime="2015-01-13T15:14:56.8175003+01:00" testType="13cdc9d9-ddb5-4fa4-a97d-d965ccfc6d4b" outcome="Passed" testListId="8c84fa94-04c1-424b-9868-57a2d4851a1d" relativeResultsDirectory="a0a599ea-25b1-4d41-9331-660278708ace">
    </UnitTestResult>
    <UnitTestResult executionId="d0f96d82-dfc4-4aae-9b06-52f90361e0ba" testId="b3d1d811-2c26-7d8b-665b-702049d63015" testName="UpdateRoleTest6" computerName="WAYNE-PC" duration="00:00:00.0130546" startTime="2015-01-13T15:14:56.8175003+01:00" endTime="2015-01-13T15:14:56.8331003+01:00" testType="13cdc9d9-ddb5-4fa4-a97d-d965ccfc6d4b" outcome="Failed" testListId="8c84fa94-04c1-424b-9868-57a2d4851a1d" relativeResultsDirectory="d0f96d82-dfc4-4aae-9b06-52f90361e0ba">
      <Output>
        <ErrorInfo>
          <Message>Test method Traders_Marketplace.Tests.RolesTest.UpdateRoleTest6 threw exception System.NullReferenceException, but exception System.ArgumentException was expected. Exception message: System.NullReferenceException: Object reference not set to an instance of an object.</Message>
          <StackTrace>    at Traders_Marketplace.Tests.RolesTest.UpdateRoleTest6() in C:\Users\Wayne\Desktop\SE-Solution\Traders Marketplace\Traders Marketplace.Tests\RolesTest.cs:line 528
</StackTrace>
        </ErrorInfo>
      </Output>
    </UnitTestResult>
    <UnitTestResult executionId="a3756f12-1b32-46a8-a7a4-9cdc121adf15" testId="bffeae59-bfaa-1b04-507e-f4c66f33e549" testName="DeleteRoleTest2" computerName="WAYNE-PC" duration="00:00:00.0025883" startTime="2015-01-13T15:14:56.8331003+01:00" endTime="2015-01-13T15:14:56.8331003+01:00" testType="13cdc9d9-ddb5-4fa4-a97d-d965ccfc6d4b" outcome="Passed" testListId="8c84fa94-04c1-424b-9868-57a2d4851a1d" relativeResultsDirectory="a3756f12-1b32-46a8-a7a4-9cdc121adf15">
    </UnitTestResult>
    <UnitTestResult executionId="a469cf7d-acb6-4a4c-ba8a-575840af57bf" testId="cd6796a7-52ee-3c06-e33f-822eb9305e5c" testName="ReadRoleTest1" computerName="WAYNE-PC" duration="00:00:00.0043248" startTime="2015-01-13T15:14:56.8331003+01:00" endTime="2015-01-13T15:14:56.8331003+01:00" testType="13cdc9d9-ddb5-4fa4-a97d-d965ccfc6d4b" outcome="Passed" testListId="8c84fa94-04c1-424b-9868-57a2d4851a1d" relativeResultsDirectory="a469cf7d-acb6-4a4c-ba8a-575840af57bf">
    </UnitTestResult>
    <UnitTestResult executionId="572192b4-e8e6-4666-a8cd-663cb037f360" testId="d35d6bab-9284-b0ec-b5d5-bcb0a4f3a010" testName="AddRoleTest5" computerName="WAYNE-PC" duration="00:00:00.0054172" startTime="2015-01-13T15:14:56.8487003+01:00" endTime="2015-01-13T15:14:56.8487003+01:00" testType="13cdc9d9-ddb5-4fa4-a97d-d965ccfc6d4b" outcome="Failed" testListId="8c84fa94-04c1-424b-9868-57a2d4851a1d" relativeResultsDirectory="572192b4-e8e6-4666-a8cd-663cb037f360">
      <Output>
        <ErrorInfo>
          <Message>Test method Traders_Marketplace.Tests.RolesTest.AddRoleTest5 threw exception System.NullReferenceException, but exception System.ArgumentException was expected. Exception message: System.NullReferenceException: Object reference not set to an instance of an object.</Message>
          <StackTrace>    at DataAccess.RolesRepository.AddRole(Role entry) in C:\Users\Wayne\Desktop\SE-Solution\Traders Marketplace\DataAccess\RolesRepository.cs:line 35
   at Traders_Marketplace.Tests.RolesTest.AddRoleTest5() in C:\Users\Wayne\Desktop\SE-Solution\Traders Marketplace\Traders Marketplace.Tests\RolesTest.cs:line 195
</StackTrace>
        </ErrorInfo>
      </Output>
    </UnitTestResult>
    <UnitTestResult executionId="c022c4f2-bd7f-49fa-8ab3-07e423aea9e0" testId="e9e4e746-2288-cc2e-1e96-e70127638202" testName="UpdateRoleTest7" computerName="WAYNE-PC" duration="00:00:00.0030185" startTime="2015-01-13T15:14:56.8487003+01:00" endTime="2015-01-13T15:14:56.8643004+01:00" testType="13cdc9d9-ddb5-4fa4-a97d-d965ccfc6d4b" outcome="Passed" testListId="8c84fa94-04c1-424b-9868-57a2d4851a1d" relativeResultsDirectory="c022c4f2-bd7f-49fa-8ab3-07e423aea9e0">
    </UnitTestResult>
    <UnitTestResult executionId="007f0ae8-f444-4b34-ba6d-518fa78a6d24" testId="ea4b6f36-8015-2c3a-bc40-5b4bc5bead08" testName="UpdateRoleTest4" computerName="WAYNE-PC" duration="00:00:00.0028211" startTime="2015-01-13T15:14:56.8643004+01:00" endTime="2015-01-13T15:14:56.8643004+01:00" testType="13cdc9d9-ddb5-4fa4-a97d-d965ccfc6d4b" outcome="Passed" testListId="8c84fa94-04c1-424b-9868-57a2d4851a1d" relativeResultsDirectory="007f0ae8-f444-4b34-ba6d-518fa78a6d24">
    </UnitTestResult>
  </Results>
</TestRun>