<?xml version="1.0" encoding="UTF-8"?>
<TestRun id="687f362b-fc1e-4b08-b035-e78e8f1b78ca" name="Wayne@WAYNE-PC 2015-01-06 20:10:47" runUser="Wayne-PC\Wayne" xmlns="http://microsoft.com/schemas/VisualStudio/TeamTest/2010">
  <TestSettings name="Default Test Settings" id="8203296e-3f48-4c06-a2ad-10fafb54ddeb">
    <Deployment runDeploymentRoot="Wayne_WAYNE-PC 2015-01-06 20_10_47">
      <DeploymentItem filename="C:\Users\Wayne\Desktop\SE-Solution\Traders Marketplace\BusinessLogic\bin\Debug\BusinessLogic.dll" />
      <DeploymentItem filename="C:\Users\Wayne\Desktop\SE-Solution\Traders Marketplace\packages\EntityFramework.4.1.10331.0\lib\EntityFramework.dll" />
      <DeploymentItem filename="C:\Users\Wayne\Desktop\SE-Solution\Traders Marketplace\Common\bin\Debug\Common.dll" />
      <DeploymentItem filename="C:\Users\Wayne\Desktop\SE-Solution\Traders Marketplace\Traders Marketplace\bin\Traders Marketplace.dll" />
      <DeploymentItem filename="C:\Users\Wayne\Desktop\SE-Solution\Traders Marketplace\DataAccess\bin\Debug\DataAccess.dll" />
    </Deployment>
    <Execution>
      <TestTypeSpecific />
      <AgentRule name="Execution Agents">
      </AgentRule>
    </Execution>
  </TestSettings>
  <Times creation="2015-01-06T20:10:47.7022370+01:00" queuing="2015-01-06T20:10:49.1362393+01:00" start="2015-01-06T20:10:49.1462393+01:00" finish="2015-01-06T20:10:49.4662397+01:00" />
  <ResultSummary outcome="Completed">
    <Counters total="1" executed="1" passed="1" error="0" failed="0" timeout="0" aborted="0" inconclusive="0" passedButRunAborted="0" notRunnable="0" notExecuted="0" disconnected="0" warning="0" completed="0" inProgress="0" pending="0" />
  </ResultSummary>
  <TestDefinitions>
    <UnitTest name="AddRoleTest3" storage="c:\users\wayne\desktop\se-solution\traders marketplace\traders marketplace.tests\bin\debug\traders marketplace.tests.dll" id="1201ad84-382d-44d0-1ec6-32d4144e1760">
      <Execution id="669ce7d0-b7b9-4ddb-b64b-5e0a8bacaced" />
      <TestMethod codeBase="C:/Users/Wayne/Desktop/SE-Solution/Traders Marketplace/Traders Marketplace.Tests/bin/Debug/Traders Marketplace.Tests.DLL" adapterTypeName="Microsoft.VisualStudio.TestTools.TestTypes.Unit.UnitTestAdapter, Microsoft.VisualStudio.QualityTools.Tips.UnitTest.Adapter, Version=10.0.0.0, Culture=neutral, PublicKeyToken=b03f5f7f11d50a3a" className="Traders_Marketplace.Tests.RolesTest, Traders Marketplace.Tests, Version=1.0.0.0, Culture=neutral, PublicKeyToken=null" name="AddRoleTest3" />
    </UnitTest>
  </TestDefinitions>
  <TestLists>
    <TestList name="Results Not in a List" id="8c84fa94-04c1-424b-9868-57a2d4851a1d" />
    <TestList name="All Loaded Results" id="19431567-8539-422a-85d7-44ee4e166bda" />
  </TestLists>
  <TestEntries>
    <TestEntry testId="1201ad84-382d-44d0-1ec6-32d4144e1760" executionId="669ce7d0-b7b9-4ddb-b64b-5e0a8bacaced" testListId="8c84fa94-04c1-424b-9868-57a2d4851a1d" />
  </TestEntries>
  <Results>
    <UnitTestResult executionId="669ce7d0-b7b9-4ddb-b64b-5e0a8bacaced" testId="1201ad84-382d-44d0-1ec6-32d4144e1760" testName="AddRoleTest3" computerName="WAYNE-PC" duration="00:00:00.1209380" startTime="2015-01-06T20:10:49.1462393+01:00" endTime="2015-01-06T20:10:49.4362397+01:00" testType="13cdc9d9-ddb5-4fa4-a97d-d965ccfc6d4b" outcome="Passed" testListId="8c84fa94-04c1-424b-9868-57a2d4851a1d" relativeResultsDirectory="669ce7d0-b7b9-4ddb-b64b-5e0a8bacaced">
    </UnitTestResult>
  </Results>
</TestRun>