<?xml version="1.0" encoding="UTF-8"?>
<TestRun id="8ead767d-8e01-467f-94df-1ae0757c0a5c" name="Wayne@WAYNE-PC 2015-01-09 21:38:41" runUser="Wayne-PC\Wayne" xmlns="http://microsoft.com/schemas/VisualStudio/TeamTest/2010">
  <TestSettings name="Default Test Settings" id="c49a415e-82c3-42d7-ae4b-8afbee50de16">
    <Deployment runDeploymentRoot="Wayne_WAYNE-PC 2015-01-09 21_38_41">
      <DeploymentItem filename="C:\Users\Wayne\Desktop\SE-Solution\Traders Marketplace\BusinessLogic\bin\Debug\BusinessLogic.dll" />
      <DeploymentItem filename="C:\Users\Wayne\Desktop\SE-Solution\Traders Marketplace\packages\EntityFramework.4.1.10331.0\lib\EntityFramework.dll" />
      <DeploymentItem filename="C:\Users\Wayne\Desktop\SE-Solution\Traders Marketplace\Common\bin\Debug\Common.dll" />
      <DeploymentItem filename="C:\Users\Wayne\Desktop\SE-Solution\Traders Marketplace\Traders Marketplace\bin\Traders Marketplace.dll" />
      <DeploymentItem filename="C:\Users\Wayne\Desktop\SE-Solution\Traders Marketplace\DataAccess\bin\Debug\DataAccess.dll" />
    </Deployment>
    <Execution>
      <TestTypeSpecific />
      <AgentRule name="Execution Agents">
      </AgentRule>
    </Execution>
  </TestSettings>
  <Times creation="2015-01-09T21:38:41.6370998+01:00" queuing="2015-01-09T21:38:43.0781822+01:00" start="2015-01-09T21:38:43.0861826+01:00" finish="2015-01-09T21:38:43.4472033+01:00" />
  <ResultSummary outcome="Failed">
    <Counters total="1" executed="1" error="0" failed="1" timeout="0" aborted="0" inconclusive="0" passedButRunAborted="0" notRunnable="0" notExecuted="0" disconnected="0" warning="0" passed="0" completed="0" inProgress="0" pending="0" />
  </ResultSummary>
  <TestDefinitions>
    <UnitTest name="DeleteRoleTest2" storage="c:\users\wayne\desktop\se-solution\traders marketplace\traders marketplace.tests\bin\debug\traders marketplace.tests.dll" id="bffeae59-bfaa-1b04-507e-f4c66f33e549">
      <Execution id="bc899463-ae34-4235-88ab-a375113d64bc" />
      <TestMethod codeBase="C:/Users/Wayne/Desktop/SE-Solution/Traders Marketplace/Traders Marketplace.Tests/bin/Debug/Traders Marketplace.Tests.DLL" adapterTypeName="Microsoft.VisualStudio.TestTools.TestTypes.Unit.UnitTestAdapter, Microsoft.VisualStudio.QualityTools.Tips.UnitTest.Adapter, Version=10.0.0.0, Culture=neutral, PublicKeyToken=b03f5f7f11d50a3a" className="Traders_Marketplace.Tests.RolesTest, Traders Marketplace.Tests, Version=1.0.0.0, Culture=neutral, PublicKeyToken=null" name="DeleteRoleTest2" />
    </UnitTest>
  </TestDefinitions>
  <TestLists>
    <TestList name="Results Not in a List" id="8c84fa94-04c1-424b-9868-57a2d4851a1d" />
    <TestList name="All Loaded Results" id="19431567-8539-422a-85d7-44ee4e166bda" />
  </TestLists>
  <TestEntries>
    <TestEntry testId="bffeae59-bfaa-1b04-507e-f4c66f33e549" executionId="bc899463-ae34-4235-88ab-a375113d64bc" testListId="8c84fa94-04c1-424b-9868-57a2d4851a1d" />
  </TestEntries>
  <Results>
    <UnitTestResult executionId="bc899463-ae34-4235-88ab-a375113d64bc" testId="bffeae59-bfaa-1b04-507e-f4c66f33e549" testName="DeleteRoleTest2" computerName="WAYNE-PC" duration="00:00:00.1580982" startTime="2015-01-09T21:38:43.0891828+01:00" endTime="2015-01-09T21:38:43.4322024+01:00" testType="13cdc9d9-ddb5-4fa4-a97d-d965ccfc6d4b" outcome="Failed" testListId="8c84fa94-04c1-424b-9868-57a2d4851a1d" relativeResultsDirectory="bc899463-ae34-4235-88ab-a375113d64bc">
      <Output>
        <ErrorInfo>
          <Message>Test method Traders_Marketplace.Tests.RolesTest.DeleteRoleTest2 threw exception: 
System.ArgumentException: Value does not fall within the expected range.</Message>
          <StackTrace>    at DataAccess.RolesRepository.GetRoleByID(Int32 id) in C:\Users\Wayne\Desktop\SE-Solution\Traders Marketplace\DataAccess\RolesRepository.cs:line 82
   at Traders_Marketplace.Tests.RolesTest.DeleteRoleTest2() in C:\Users\Wayne\Desktop\SE-Solution\Traders Marketplace\Traders Marketplace.Tests\RolesTest.cs:line 625
</StackTrace>
        </ErrorInfo>
      </Output>
    </UnitTestResult>
  </Results>
</TestRun>