<?xml version="1.0" encoding="UTF-8"?>
<TestRun id="f83807ad-d2db-4a91-9498-a042e4a38980" name="Wayne@WAYNE-PC 2014-12-29 13:37:49" runUser="Wayne-PC\Wayne" xmlns="http://microsoft.com/schemas/VisualStudio/TeamTest/2010">
  <TestSettings name="Default Test Settings" id="a20fcb37-c514-402c-8e88-b8c463fa0418">
    <Deployment runDeploymentRoot="Wayne_WAYNE-PC 2014-12-29 13_37_49">
      <DeploymentItem filename="C:\Users\Wayne\Desktop\SE-Solution\Traders Marketplace\BusinessLogic\bin\Debug\BusinessLogic.dll" />
      <DeploymentItem filename="C:\Users\Wayne\Desktop\SE-Solution\Traders Marketplace\Common\bin\Debug\Common.dll" />
      <DeploymentItem filename="C:\Users\Wayne\Desktop\SE-Solution\Traders Marketplace\packages\EntityFramework.4.1.10331.0\lib\EntityFramework.dll" />
      <DeploymentItem filename="C:\Users\Wayne\Desktop\SE-Solution\Traders Marketplace\Traders Marketplace\bin\Traders Marketplace.dll" />
      <DeploymentItem filename="C:\Users\Wayne\Desktop\SE-Solution\Traders Marketplace\DataAccess\bin\Debug\DataAccess.dll" />
    </Deployment>
    <Execution>
      <TestTypeSpecific />
      <AgentRule name="Execution Agents">
      </AgentRule>
    </Execution>
  </TestSettings>
  <Times creation="2014-12-29T13:37:49.7038361+01:00" queuing="2014-12-29T13:37:52.5228417+01:00" start="2014-12-29T13:37:52.5540417+01:00" finish="2014-12-29T13:37:54.8004457+01:00" />
  <ResultSummary outcome="Failed">
    <Counters total="4" executed="4" passed="3" error="0" failed="1" timeout="0" aborted="0" inconclusive="0" passedButRunAborted="0" notRunnable="0" notExecuted="0" disconnected="0" warning="0" completed="0" inProgress="0" pending="0" />
  </ResultSummary>
  <TestDefinitions>
    <UnitTest name="CreateRoles" storage="c:\users\wayne\desktop\se-solution\traders marketplace\traders marketplace.tests\bin\debug\traders marketplace.tests.dll" id="0cc7c17d-bc42-3538-16f7-160aa1cf832d">
      <Execution id="bda05166-84a0-4403-b6bd-2a211d5a732c" />
      <TestMethod codeBase="C:/Users/Wayne/Desktop/SE-Solution/Traders Marketplace/Traders Marketplace.Tests/bin/Debug/Traders Marketplace.Tests.DLL" adapterTypeName="Microsoft.VisualStudio.TestTools.TestTypes.Unit.UnitTestAdapter, Microsoft.VisualStudio.QualityTools.Tips.UnitTest.Adapter, Version=10.0.0.0, Culture=neutral, PublicKeyToken=b03f5f7f11d50a3a" className="Traders_Marketplace.Tests.RolesTest, Traders Marketplace.Tests, Version=1.0.0.0, Culture=neutral, PublicKeyToken=null" name="CreateRoles" />
    </UnitTest>
    <UnitTest name="EditRoles" storage="c:\users\wayne\desktop\se-solution\traders marketplace\traders marketplace.tests\bin\debug\traders marketplace.tests.dll" id="97a410b2-598f-32e7-44e5-d53f60f582fe">
      <Execution id="56616a9b-4197-4a7e-9ef8-3b5e0fab940c" />
      <TestMethod codeBase="C:/Users/Wayne/Desktop/SE-Solution/Traders Marketplace/Traders Marketplace.Tests/bin/Debug/Traders Marketplace.Tests.DLL" adapterTypeName="Microsoft.VisualStudio.TestTools.TestTypes.Unit.UnitTestAdapter, Microsoft.VisualStudio.QualityTools.Tips.UnitTest.Adapter, Version=10.0.0.0, Culture=neutral, PublicKeyToken=b03f5f7f11d50a3a" className="Traders_Marketplace.Tests.RolesTest, Traders Marketplace.Tests, Version=1.0.0.0, Culture=neutral, PublicKeyToken=null" name="EditRoles" />
    </UnitTest>
    <UnitTest name="DeleteRoles" storage="c:\users\wayne\desktop\se-solution\traders marketplace\traders marketplace.tests\bin\debug\traders marketplace.tests.dll" id="aaac631b-5742-dd44-d92e-31cf8805ebf9">
      <Execution id="bc0ce3b7-834e-4eed-aa53-7d26733968df" />
      <TestMethod codeBase="C:/Users/Wayne/Desktop/SE-Solution/Traders Marketplace/Traders Marketplace.Tests/bin/Debug/Traders Marketplace.Tests.DLL" adapterTypeName="Microsoft.VisualStudio.TestTools.TestTypes.Unit.UnitTestAdapter, Microsoft.VisualStudio.QualityTools.Tips.UnitTest.Adapter, Version=10.0.0.0, Culture=neutral, PublicKeyToken=b03f5f7f11d50a3a" className="Traders_Marketplace.Tests.RolesTest, Traders Marketplace.Tests, Version=1.0.0.0, Culture=neutral, PublicKeyToken=null" name="DeleteRoles" />
    </UnitTest>
    <UnitTest name="ListRoles" storage="c:\users\wayne\desktop\se-solution\traders marketplace\traders marketplace.tests\bin\debug\traders marketplace.tests.dll" id="55f450ac-1188-c03c-2973-80be084adc87">
      <Execution id="5f4131ac-d2b9-431f-b617-4c7aaba4e110" />
      <TestMethod codeBase="C:/Users/Wayne/Desktop/SE-Solution/Traders Marketplace/Traders Marketplace.Tests/bin/Debug/Traders Marketplace.Tests.DLL" adapterTypeName="Microsoft.VisualStudio.TestTools.TestTypes.Unit.UnitTestAdapter, Microsoft.VisualStudio.QualityTools.Tips.UnitTest.Adapter, Version=10.0.0.0, Culture=neutral, PublicKeyToken=b03f5f7f11d50a3a" className="Traders_Marketplace.Tests.RolesTest, Traders Marketplace.Tests, Version=1.0.0.0, Culture=neutral, PublicKeyToken=null" name="ListRoles" />
    </UnitTest>
  </TestDefinitions>
  <TestLists>
    <TestList name="Results Not in a List" id="8c84fa94-04c1-424b-9868-57a2d4851a1d" />
    <TestList name="All Loaded Results" id="19431567-8539-422a-85d7-44ee4e166bda" />
  </TestLists>
  <TestEntries>
    <TestEntry testId="0cc7c17d-bc42-3538-16f7-160aa1cf832d" executionId="bda05166-84a0-4403-b6bd-2a211d5a732c" testListId="8c84fa94-04c1-424b-9868-57a2d4851a1d" />
    <TestEntry testId="55f450ac-1188-c03c-2973-80be084adc87" executionId="5f4131ac-d2b9-431f-b617-4c7aaba4e110" testListId="8c84fa94-04c1-424b-9868-57a2d4851a1d" />
    <TestEntry testId="97a410b2-598f-32e7-44e5-d53f60f582fe" executionId="56616a9b-4197-4a7e-9ef8-3b5e0fab940c" testListId="8c84fa94-04c1-424b-9868-57a2d4851a1d" />
    <TestEntry testId="aaac631b-5742-dd44-d92e-31cf8805ebf9" executionId="bc0ce3b7-834e-4eed-aa53-7d26733968df" testListId="8c84fa94-04c1-424b-9868-57a2d4851a1d" />
  </TestEntries>
  <Results>
    <UnitTestResult executionId="bda05166-84a0-4403-b6bd-2a211d5a732c" testId="0cc7c17d-bc42-3538-16f7-160aa1cf832d" testName="CreateRoles" computerName="WAYNE-PC" duration="00:00:00.2435116" startTime="2014-12-29T13:37:52.5540417+01:00" endTime="2014-12-29T13:37:53.0064425+01:00" testType="13cdc9d9-ddb5-4fa4-a97d-d965ccfc6d4b" outcome="Passed" testListId="8c84fa94-04c1-424b-9868-57a2d4851a1d" relativeResultsDirectory="bda05166-84a0-4403-b6bd-2a211d5a732c">
    </UnitTestResult>
    <UnitTestResult executionId="5f4131ac-d2b9-431f-b617-4c7aaba4e110" testId="55f450ac-1188-c03c-2973-80be084adc87" testName="ListRoles" computerName="WAYNE-PC" duration="00:00:00.0045486" startTime="2014-12-29T13:37:53.0064425+01:00" endTime="2014-12-29T13:37:53.0220425+01:00" testType="13cdc9d9-ddb5-4fa4-a97d-d965ccfc6d4b" outcome="Passed" testListId="8c84fa94-04c1-424b-9868-57a2d4851a1d" relativeResultsDirectory="5f4131ac-d2b9-431f-b617-4c7aaba4e110">
    </UnitTestResult>
    <UnitTestResult executionId="56616a9b-4197-4a7e-9ef8-3b5e0fab940c" testId="97a410b2-598f-32e7-44e5-d53f60f582fe" testName="EditRoles" computerName="WAYNE-PC" duration="00:00:00.0545697" startTime="2014-12-29T13:37:53.0220425+01:00" endTime="2014-12-29T13:37:53.0688426+01:00" testType="13cdc9d9-ddb5-4fa4-a97d-d965ccfc6d4b" outcome="Passed" testListId="8c84fa94-04c1-424b-9868-57a2d4851a1d" relativeResultsDirectory="56616a9b-4197-4a7e-9ef8-3b5e0fab940c">
    </UnitTestResult>
    <UnitTestResult executionId="bc0ce3b7-834e-4eed-aa53-7d26733968df" testId="aaac631b-5742-dd44-d92e-31cf8805ebf9" testName="DeleteRoles" computerName="WAYNE-PC" duration="00:00:00.0159891" startTime="2014-12-29T13:37:53.0844427+01:00" endTime="2014-12-29T13:37:53.1000427+01:00" testType="13cdc9d9-ddb5-4fa4-a97d-d965ccfc6d4b" outcome="Failed" testListId="8c84fa94-04c1-424b-9868-57a2d4851a1d" relativeResultsDirectory="bc0ce3b7-834e-4eed-aa53-7d26733968df">
      <Output>
        <ErrorInfo>
          <Message>Assert.Fail failed. Role was Not Deleted</Message>
          <StackTrace>   at Traders_Marketplace.Tests.RolesTest.DeleteRoles() in C:\Users\Wayne\Desktop\SE-Solution\Traders Marketplace\Traders Marketplace.Tests\RolesTest.cs:line 96
</StackTrace>
        </ErrorInfo>
      </Output>
    </UnitTestResult>
  </Results>
</TestRun>