<?xml version="1.0" encoding="UTF-8"?>
<TestRun id="0dd747f9-3674-47a1-95f3-e095d21848b0" name="Wayne@WAYNE-PC 2014-12-29 12:47:59" runUser="Wayne-PC\Wayne" xmlns="http://microsoft.com/schemas/VisualStudio/TeamTest/2010">
  <TestSettings name="Default Test Settings" id="2dc42080-abbd-48bd-915d-2e8d147e6470">
    <Deployment runDeploymentRoot="Wayne_WAYNE-PC 2014-12-29 12_47_59">
      <DeploymentItem filename="C:\Users\Wayne\Desktop\SE-Solution\Traders Marketplace\BusinessLogic\bin\Debug\BusinessLogic.dll" />
      <DeploymentItem filename="C:\Users\Wayne\Desktop\SE-Solution\Traders Marketplace\Common\bin\Debug\Common.dll" />
      <DeploymentItem filename="C:\Users\Wayne\Desktop\SE-Solution\Traders Marketplace\packages\EntityFramework.4.1.10331.0\lib\EntityFramework.dll" />
      <DeploymentItem filename="C:\Users\Wayne\Desktop\SE-Solution\Traders Marketplace\Traders Marketplace\bin\Traders Marketplace.dll" />
      <DeploymentItem filename="C:\Users\Wayne\Desktop\SE-Solution\Traders Marketplace\DataAccess\bin\Debug\DataAccess.dll" />
    </Deployment>
    <Execution>
      <TestTypeSpecific />
      <AgentRule name="Execution Agents">
      </AgentRule>
    </Execution>
  </TestSettings>
  <Times creation="2014-12-29T12:47:59.8738149+01:00" queuing="2014-12-29T12:48:01.5126195+01:00" start="2014-12-29T12:48:01.5126195+01:00" finish="2014-12-29T12:48:01.8870202+01:00" />
  <ResultSummary outcome="Completed">
    <Counters total="1" executed="1" passed="1" error="0" failed="0" timeout="0" aborted="0" inconclusive="0" passedButRunAborted="0" notRunnable="0" notExecuted="0" disconnected="0" warning="0" completed="0" inProgress="0" pending="0" />
  </ResultSummary>
  <TestDefinitions>
    <UnitTest name="DeleteRoles" storage="c:\users\wayne\desktop\se-solution\traders marketplace\traders marketplace.tests\bin\debug\traders marketplace.tests.dll" id="aaac631b-5742-dd44-d92e-31cf8805ebf9">
      <Execution id="d3a4022d-a2f1-4b02-aafc-0c0dd6222922" />
      <TestMethod codeBase="C:/Users/Wayne/Desktop/SE-Solution/Traders Marketplace/Traders Marketplace.Tests/bin/Debug/Traders Marketplace.Tests.DLL" adapterTypeName="Microsoft.VisualStudio.TestTools.TestTypes.Unit.UnitTestAdapter, Microsoft.VisualStudio.QualityTools.Tips.UnitTest.Adapter, Version=10.0.0.0, Culture=neutral, PublicKeyToken=b03f5f7f11d50a3a" className="Traders_Marketplace.Tests.RolesTest, Traders Marketplace.Tests, Version=1.0.0.0, Culture=neutral, PublicKeyToken=null" name="DeleteRoles" />
    </UnitTest>
  </TestDefinitions>
  <TestLists>
    <TestList name="Results Not in a List" id="8c84fa94-04c1-424b-9868-57a2d4851a1d" />
    <TestList name="All Loaded Results" id="19431567-8539-422a-85d7-44ee4e166bda" />
  </TestLists>
  <TestEntries>
    <TestEntry testId="aaac631b-5742-dd44-d92e-31cf8805ebf9" executionId="d3a4022d-a2f1-4b02-aafc-0c0dd6222922" testListId="8c84fa94-04c1-424b-9868-57a2d4851a1d" />
  </TestEntries>
  <Results>
    <UnitTestResult executionId="d3a4022d-a2f1-4b02-aafc-0c0dd6222922" testId="aaac631b-5742-dd44-d92e-31cf8805ebf9" testName="DeleteRoles" computerName="WAYNE-PC" duration="00:00:00.1878424" startTime="2014-12-29T12:48:01.5126195+01:00" endTime="2014-12-29T12:48:01.8558201+01:00" testType="13cdc9d9-ddb5-4fa4-a97d-d965ccfc6d4b" outcome="Passed" testListId="8c84fa94-04c1-424b-9868-57a2d4851a1d" relativeResultsDirectory="d3a4022d-a2f1-4b02-aafc-0c0dd6222922">
    </UnitTestResult>
  </Results>
</TestRun>