<?xml version="1.0" encoding="UTF-8"?>
<TestRun id="7aa7ce82-29b1-4b24-918a-f40b0bd539c4" name="Wayne@WAYNE-PC 2015-01-14 16:48:03" runUser="Wayne-PC\Wayne" xmlns="http://microsoft.com/schemas/VisualStudio/TeamTest/2010">
  <TestSettings name="Default Test Settings" id="aba672b3-9cc6-4fdf-b647-d22e7f10de66">
    <Deployment runDeploymentRoot="Wayne_WAYNE-PC 2015-01-14 16_48_03">
      <DeploymentItem filename="C:\Users\Wayne\Desktop\SE-Solution\Traders Marketplace\BusinessLogic\bin\Debug\BusinessLogic.dll" />
      <DeploymentItem filename="C:\Users\Wayne\Desktop\SE-Solution\Traders Marketplace\packages\EntityFramework.4.1.10331.0\lib\EntityFramework.dll" />
      <DeploymentItem filename="C:\Users\Wayne\Desktop\SE-Solution\Traders Marketplace\Common\bin\Debug\Common.dll" />
      <DeploymentItem filename="C:\Users\Wayne\Desktop\SE-Solution\Traders Marketplace\Traders Marketplace\bin\Traders Marketplace.dll" />
      <DeploymentItem filename="C:\Users\Wayne\Desktop\SE-Solution\Traders Marketplace\DataAccess\bin\Debug\DataAccess.dll" />
    </Deployment>
    <Execution>
      <TestTypeSpecific />
      <AgentRule name="Execution Agents">
      </AgentRule>
    </Execution>
  </TestSettings>
  <Times creation="2015-01-14T16:48:03.2579719+01:00" queuing="2015-01-14T16:48:06.1453780+01:00" start="2015-01-14T16:48:06.2233781+01:00" finish="2015-01-14T16:48:08.0329813+01:00" />
  <ResultSummary outcome="Completed">
    <Counters total="1" executed="1" passed="1" error="0" failed="0" timeout="0" aborted="0" inconclusive="0" passedButRunAborted="0" notRunnable="0" notExecuted="0" disconnected="0" warning="0" completed="0" inProgress="0" pending="0" />
  </ResultSummary>
  <TestDefinitions>
    <UnitTest name="AddRole_IndependentPath1" storage="c:\users\wayne\desktop\se-solution\traders marketplace\traders marketplace.tests\bin\debug\traders marketplace.tests.dll" id="d3ef0048-a552-91b0-750b-af88471c15db">
      <Execution id="968b5df2-79b5-44fd-b5e2-5ec683eb90d8" />
      <TestMethod codeBase="C:/Users/Wayne/Desktop/SE-Solution/Traders Marketplace/Traders Marketplace.Tests/bin/Debug/Traders Marketplace.Tests.DLL" adapterTypeName="Microsoft.VisualStudio.TestTools.TestTypes.Unit.UnitTestAdapter, Microsoft.VisualStudio.QualityTools.Tips.UnitTest.Adapter, Version=10.0.0.0, Culture=neutral, PublicKeyToken=b03f5f7f11d50a3a" className="Traders_Marketplace.Tests.RolesTest, Traders Marketplace.Tests, Version=1.0.0.0, Culture=neutral, PublicKeyToken=null" name="AddRole_IndependentPath1" />
    </UnitTest>
  </TestDefinitions>
  <TestLists>
    <TestList name="Results Not in a List" id="8c84fa94-04c1-424b-9868-57a2d4851a1d" />
    <TestList name="All Loaded Results" id="19431567-8539-422a-85d7-44ee4e166bda" />
  </TestLists>
  <TestEntries>
    <TestEntry testId="d3ef0048-a552-91b0-750b-af88471c15db" executionId="968b5df2-79b5-44fd-b5e2-5ec683eb90d8" testListId="8c84fa94-04c1-424b-9868-57a2d4851a1d" />
  </TestEntries>
  <Results>
    <UnitTestResult executionId="968b5df2-79b5-44fd-b5e2-5ec683eb90d8" testId="d3ef0048-a552-91b0-750b-af88471c15db" testName="AddRole_IndependentPath1" computerName="WAYNE-PC" duration="00:00:00.5399367" startTime="2015-01-14T16:48:06.2545781+01:00" endTime="2015-01-14T16:48:07.9237811+01:00" testType="13cdc9d9-ddb5-4fa4-a97d-d965ccfc6d4b" outcome="Passed" testListId="8c84fa94-04c1-424b-9868-57a2d4851a1d" relativeResultsDirectory="968b5df2-79b5-44fd-b5e2-5ec683eb90d8">
    </UnitTestResult>
  </Results>
</TestRun>