<?xml version="1.0" encoding="UTF-8"?>
<TestRun id="31f53c8d-b4c6-411a-b344-59d87c1ee8fa" name="Wayne@WAYNE-PC 2015-01-06 20:28:07" runUser="Wayne-PC\Wayne" xmlns="http://microsoft.com/schemas/VisualStudio/TeamTest/2010">
  <TestSettings name="Default Test Settings" id="65a580c5-01ec-409f-9eea-d87a18747b14">
    <Deployment runDeploymentRoot="Wayne_WAYNE-PC 2015-01-06 20_28_07">
      <DeploymentItem filename="C:\Users\Wayne\Desktop\SE-Solution\Traders Marketplace\BusinessLogic\bin\Debug\BusinessLogic.dll" />
      <DeploymentItem filename="C:\Users\Wayne\Desktop\SE-Solution\Traders Marketplace\packages\EntityFramework.4.1.10331.0\lib\EntityFramework.dll" />
      <DeploymentItem filename="C:\Users\Wayne\Desktop\SE-Solution\Traders Marketplace\Common\bin\Debug\Common.dll" />
      <DeploymentItem filename="C:\Users\Wayne\Desktop\SE-Solution\Traders Marketplace\Traders Marketplace\bin\Traders Marketplace.dll" />
      <DeploymentItem filename="C:\Users\Wayne\Desktop\SE-Solution\Traders Marketplace\DataAccess\bin\Debug\DataAccess.dll" />
    </Deployment>
    <Execution>
      <TestTypeSpecific />
      <AgentRule name="Execution Agents">
      </AgentRule>
    </Execution>
  </TestSettings>
  <Times creation="2015-01-06T20:28:07.6398307+01:00" queuing="2015-01-06T20:28:10.7409662+01:00" start="2015-01-06T20:28:10.9039733+01:00" finish="2015-01-06T20:28:31.0538535+01:00" />
  <ResultSummary outcome="Error">
    <Counters total="7" executed="4" passed="3" error="0" failed="0" timeout="0" aborted="1" inconclusive="0" passedButRunAborted="0" notRunnable="0" notExecuted="3" disconnected="0" warning="0" completed="0" inProgress="0" pending="0" />
    <RunInfos>
      <RunInfo computerName="WAYNE-PC" outcome="Error" timestamp="2015-01-06T20:28:31.0528535+01:00">
        <Text>Test host process exited unexpectedly.</Text>
      </RunInfo>
    </RunInfos>
  </ResultSummary>
  <TestDefinitions>
    <UnitTest name="ReadRoleTest1" storage="c:\users\wayne\desktop\se-solution\traders marketplace\traders marketplace.tests\bin\debug\traders marketplace.tests.dll" id="cd6796a7-52ee-3c06-e33f-822eb9305e5c">
      <Execution id="0d43e8b8-a8f5-455d-89a9-a8b10a377ac6" />
      <TestMethod codeBase="C:/Users/Wayne/Desktop/SE-Solution/Traders Marketplace/Traders Marketplace.Tests/bin/Debug/Traders Marketplace.Tests.DLL" adapterTypeName="Microsoft.VisualStudio.TestTools.TestTypes.Unit.UnitTestAdapter, Microsoft.VisualStudio.QualityTools.Tips.UnitTest.Adapter, Version=10.0.0.0, Culture=neutral, PublicKeyToken=b03f5f7f11d50a3a" className="Traders_Marketplace.Tests.RolesTest, Traders Marketplace.Tests, Version=1.0.0.0, Culture=neutral, PublicKeyToken=null" name="ReadRoleTest1" />
    </UnitTest>
    <UnitTest name="AddRoleTest3" storage="c:\users\wayne\desktop\se-solution\traders marketplace\traders marketplace.tests\bin\debug\traders marketplace.tests.dll" id="1201ad84-382d-44d0-1ec6-32d4144e1760">
      <Execution id="297057e1-47ba-472e-9da4-debf3a4cf00c" />
      <TestMethod codeBase="C:/Users/Wayne/Desktop/SE-Solution/Traders Marketplace/Traders Marketplace.Tests/bin/Debug/Traders Marketplace.Tests.DLL" adapterTypeName="Microsoft.VisualStudio.TestTools.TestTypes.Unit.UnitTestAdapter, Microsoft.VisualStudio.QualityTools.Tips.UnitTest.Adapter, Version=10.0.0.0, Culture=neutral, PublicKeyToken=b03f5f7f11d50a3a" className="Traders_Marketplace.Tests.RolesTest, Traders Marketplace.Tests, Version=1.0.0.0, Culture=neutral, PublicKeyToken=null" name="AddRoleTest3" />
    </UnitTest>
    <UnitTest name="UpdateRoleTest1" storage="c:\users\wayne\desktop\se-solution\traders marketplace\traders marketplace.tests\bin\debug\traders marketplace.tests.dll" id="6c049101-2c65-c774-7cc1-38a25667ce78">
      <Execution id="565ab860-304e-433d-9e88-19f2d31fa68a" />
      <TestMethod codeBase="C:/Users/Wayne/Desktop/SE-Solution/Traders Marketplace/Traders Marketplace.Tests/bin/Debug/Traders Marketplace.Tests.DLL" adapterTypeName="Microsoft.VisualStudio.TestTools.TestTypes.Unit.UnitTestAdapter, Microsoft.VisualStudio.QualityTools.Tips.UnitTest.Adapter, Version=10.0.0.0, Culture=neutral, PublicKeyToken=b03f5f7f11d50a3a" className="Traders_Marketplace.Tests.RolesTest, Traders Marketplace.Tests, Version=1.0.0.0, Culture=neutral, PublicKeyToken=null" name="UpdateRoleTest1" />
    </UnitTest>
    <UnitTest name="AddRoleTest4" storage="c:\users\wayne\desktop\se-solution\traders marketplace\traders marketplace.tests\bin\debug\traders marketplace.tests.dll" id="b2929c2d-f953-21ba-87f3-4b1425e28c94">
      <Execution id="14bdc826-f8f3-4e08-9f9c-81247deb3ad1" />
      <TestMethod codeBase="C:/Users/Wayne/Desktop/SE-Solution/Traders Marketplace/Traders Marketplace.Tests/bin/Debug/Traders Marketplace.Tests.DLL" adapterTypeName="Microsoft.VisualStudio.TestTools.TestTypes.Unit.UnitTestAdapter, Microsoft.VisualStudio.QualityTools.Tips.UnitTest.Adapter, Version=10.0.0.0, Culture=neutral, PublicKeyToken=b03f5f7f11d50a3a" className="Traders_Marketplace.Tests.RolesTest, Traders Marketplace.Tests, Version=1.0.0.0, Culture=neutral, PublicKeyToken=null" name="AddRoleTest4" />
    </UnitTest>
    <UnitTest name="AddRoleTest2" storage="c:\users\wayne\desktop\se-solution\traders marketplace\traders marketplace.tests\bin\debug\traders marketplace.tests.dll" id="5c83ec1f-176d-44aa-c3ce-4656ea925732">
      <Execution id="757318a1-d8e2-4baf-81a6-391c6d1794ca" />
      <TestMethod codeBase="C:/Users/Wayne/Desktop/SE-Solution/Traders Marketplace/Traders Marketplace.Tests/bin/Debug/Traders Marketplace.Tests.DLL" adapterTypeName="Microsoft.VisualStudio.TestTools.TestTypes.Unit.UnitTestAdapter, Microsoft.VisualStudio.QualityTools.Tips.UnitTest.Adapter, Version=10.0.0.0, Culture=neutral, PublicKeyToken=b03f5f7f11d50a3a" className="Traders_Marketplace.Tests.RolesTest, Traders Marketplace.Tests, Version=1.0.0.0, Culture=neutral, PublicKeyToken=null" name="AddRoleTest2" />
    </UnitTest>
    <UnitTest name="AddRoleTest1" storage="c:\users\wayne\desktop\se-solution\traders marketplace\traders marketplace.tests\bin\debug\traders marketplace.tests.dll" id="6ac98c11-7f26-c092-5eb3-7da2cc561ac2">
      <Execution id="ecb658be-9f7f-4672-801e-6f4baa790303" />
      <TestMethod codeBase="C:/Users/Wayne/Desktop/SE-Solution/Traders Marketplace/Traders Marketplace.Tests/bin/Debug/Traders Marketplace.Tests.DLL" adapterTypeName="Microsoft.VisualStudio.TestTools.TestTypes.Unit.UnitTestAdapter, Microsoft.VisualStudio.QualityTools.Tips.UnitTest.Adapter, Version=10.0.0.0, Culture=neutral, PublicKeyToken=b03f5f7f11d50a3a" className="Traders_Marketplace.Tests.RolesTest, Traders Marketplace.Tests, Version=1.0.0.0, Culture=neutral, PublicKeyToken=null" name="AddRoleTest1" />
    </UnitTest>
    <UnitTest name="ReadRoleTest2" storage="c:\users\wayne\desktop\se-solution\traders marketplace\traders marketplace.tests\bin\debug\traders marketplace.tests.dll" id="8209c04f-dcd2-7695-2208-f708cd488df9">
      <Execution id="326f52e8-c08c-4b72-8cb5-96406b64b122" />
      <TestMethod codeBase="C:/Users/Wayne/Desktop/SE-Solution/Traders Marketplace/Traders Marketplace.Tests/bin/Debug/Traders Marketplace.Tests.DLL" adapterTypeName="Microsoft.VisualStudio.TestTools.TestTypes.Unit.UnitTestAdapter, Microsoft.VisualStudio.QualityTools.Tips.UnitTest.Adapter, Version=10.0.0.0, Culture=neutral, PublicKeyToken=b03f5f7f11d50a3a" className="Traders_Marketplace.Tests.RolesTest, Traders Marketplace.Tests, Version=1.0.0.0, Culture=neutral, PublicKeyToken=null" name="ReadRoleTest2" />
    </UnitTest>
  </TestDefinitions>
  <TestLists>
    <TestList name="Results Not in a List" id="8c84fa94-04c1-424b-9868-57a2d4851a1d" />
    <TestList name="All Loaded Results" id="19431567-8539-422a-85d7-44ee4e166bda" />
  </TestLists>
  <TestEntries>
    <TestEntry testId="1201ad84-382d-44d0-1ec6-32d4144e1760" executionId="297057e1-47ba-472e-9da4-debf3a4cf00c" testListId="8c84fa94-04c1-424b-9868-57a2d4851a1d" />
    <TestEntry testId="5c83ec1f-176d-44aa-c3ce-4656ea925732" executionId="757318a1-d8e2-4baf-81a6-391c6d1794ca" testListId="8c84fa94-04c1-424b-9868-57a2d4851a1d" />
    <TestEntry testId="6ac98c11-7f26-c092-5eb3-7da2cc561ac2" executionId="ecb658be-9f7f-4672-801e-6f4baa790303" testListId="8c84fa94-04c1-424b-9868-57a2d4851a1d" />
    <TestEntry testId="6c049101-2c65-c774-7cc1-38a25667ce78" executionId="565ab860-304e-433d-9e88-19f2d31fa68a" testListId="8c84fa94-04c1-424b-9868-57a2d4851a1d" />
    <TestEntry testId="8209c04f-dcd2-7695-2208-f708cd488df9" executionId="326f52e8-c08c-4b72-8cb5-96406b64b122" testListId="8c84fa94-04c1-424b-9868-57a2d4851a1d" />
    <TestEntry testId="b2929c2d-f953-21ba-87f3-4b1425e28c94" executionId="14bdc826-f8f3-4e08-9f9c-81247deb3ad1" testListId="8c84fa94-04c1-424b-9868-57a2d4851a1d" />
    <TestEntry testId="cd6796a7-52ee-3c06-e33f-822eb9305e5c" executionId="0d43e8b8-a8f5-455d-89a9-a8b10a377ac6" testListId="8c84fa94-04c1-424b-9868-57a2d4851a1d" />
  </TestEntries>
  <Results>
    <UnitTestResult executionId="297057e1-47ba-472e-9da4-debf3a4cf00c" testId="1201ad84-382d-44d0-1ec6-32d4144e1760" testName="AddRoleTest3" computerName="WAYNE-PC" duration="00:00:00.4418508" startTime="2015-01-06T20:28:11.0329807+01:00" endTime="2015-01-06T20:28:12.2900342+01:00" testType="13cdc9d9-ddb5-4fa4-a97d-d965ccfc6d4b" outcome="Passed" testListId="8c84fa94-04c1-424b-9868-57a2d4851a1d" relativeResultsDirectory="297057e1-47ba-472e-9da4-debf3a4cf00c">
    </UnitTestResult>
    <UnitTestResult executionId="757318a1-d8e2-4baf-81a6-391c6d1794ca" testId="5c83ec1f-176d-44aa-c3ce-4656ea925732" testName="AddRoleTest2" computerName="WAYNE-PC" duration="00:00:00.0034566" startTime="2015-01-06T20:28:12.3040350+01:00" endTime="2015-01-06T20:28:12.3140350+01:00" testType="13cdc9d9-ddb5-4fa4-a97d-d965ccfc6d4b" outcome="Passed" testListId="8c84fa94-04c1-424b-9868-57a2d4851a1d" relativeResultsDirectory="757318a1-d8e2-4baf-81a6-391c6d1794ca">
    </UnitTestResult>
    <UnitTestResult executionId="ecb658be-9f7f-4672-801e-6f4baa790303" testId="6ac98c11-7f26-c092-5eb3-7da2cc561ac2" testName="AddRoleTest1" computerName="WAYNE-PC" duration="00:00:00.0295588" startTime="2015-01-06T20:28:12.3240350+01:00" endTime="2015-01-06T20:28:12.3640367+01:00" testType="13cdc9d9-ddb5-4fa4-a97d-d965ccfc6d4b" outcome="Passed" testListId="8c84fa94-04c1-424b-9868-57a2d4851a1d" relativeResultsDirectory="ecb658be-9f7f-4672-801e-6f4baa790303">
    </UnitTestResult>
    <UnitTestResult executionId="565ab860-304e-433d-9e88-19f2d31fa68a" testId="6c049101-2c65-c774-7cc1-38a25667ce78" testName="UpdateRoleTest1" computerName="WAYNE-PC" duration="00:00:18.6838164" startTime="2015-01-06T20:28:12.3700371+01:00" endTime="2015-01-06T20:28:31.0538535+01:00" testType="13cdc9d9-ddb5-4fa4-a97d-d965ccfc6d4b" outcome="Aborted" testListId="8c84fa94-04c1-424b-9868-57a2d4851a1d" relativeResultsDirectory="565ab860-304e-433d-9e88-19f2d31fa68a">
    </UnitTestResult>
    <UnitTestResult executionId="326f52e8-c08c-4b72-8cb5-96406b64b122" testId="8209c04f-dcd2-7695-2208-f708cd488df9" testName="ReadRoleTest2" computerName="WAYNE-PC" testType="13cdc9d9-ddb5-4fa4-a97d-d965ccfc6d4b" outcome="NotExecuted" testListId="8c84fa94-04c1-424b-9868-57a2d4851a1d" relativeResultsDirectory="326f52e8-c08c-4b72-8cb5-96406b64b122">
    </UnitTestResult>
    <UnitTestResult executionId="14bdc826-f8f3-4e08-9f9c-81247deb3ad1" testId="b2929c2d-f953-21ba-87f3-4b1425e28c94" testName="AddRoleTest4" computerName="WAYNE-PC" testType="13cdc9d9-ddb5-4fa4-a97d-d965ccfc6d4b" outcome="NotExecuted" testListId="8c84fa94-04c1-424b-9868-57a2d4851a1d" relativeResultsDirectory="14bdc826-f8f3-4e08-9f9c-81247deb3ad1">
    </UnitTestResult>
    <UnitTestResult executionId="0d43e8b8-a8f5-455d-89a9-a8b10a377ac6" testId="cd6796a7-52ee-3c06-e33f-822eb9305e5c" testName="ReadRoleTest1" computerName="WAYNE-PC" testType="13cdc9d9-ddb5-4fa4-a97d-d965ccfc6d4b" outcome="NotExecuted" testListId="8c84fa94-04c1-424b-9868-57a2d4851a1d" relativeResultsDirectory="0d43e8b8-a8f5-455d-89a9-a8b10a377ac6">
    </UnitTestResult>
  </Results>
</TestRun>