<?xml version="1.0" encoding="UTF-8"?>
<TestRun id="cdaa8262-8eac-4e36-bc2f-c6c378709ed9" name="Wayne@WAYNE-PC 2015-01-06 20:59:17" runUser="Wayne-PC\Wayne" xmlns="http://microsoft.com/schemas/VisualStudio/TeamTest/2010">
  <TestSettings name="Default Test Settings" id="c9260dae-98f4-4663-be64-747c2ed536eb">
    <Deployment runDeploymentRoot="Wayne_WAYNE-PC 2015-01-06 20_59_17">
      <DeploymentItem filename="C:\Users\Wayne\Desktop\SE-Solution\Traders Marketplace\BusinessLogic\bin\Debug\BusinessLogic.dll" />
      <DeploymentItem filename="C:\Users\Wayne\Desktop\SE-Solution\Traders Marketplace\packages\EntityFramework.4.1.10331.0\lib\EntityFramework.dll" />
      <DeploymentItem filename="C:\Users\Wayne\Desktop\SE-Solution\Traders Marketplace\Common\bin\Debug\Common.dll" />
      <DeploymentItem filename="C:\Users\Wayne\Desktop\SE-Solution\Traders Marketplace\Traders Marketplace\bin\Traders Marketplace.dll" />
      <DeploymentItem filename="C:\Users\Wayne\Desktop\SE-Solution\Traders Marketplace\DataAccess\bin\Debug\DataAccess.dll" />
    </Deployment>
    <Execution>
      <TestTypeSpecific />
      <AgentRule name="Execution Agents">
      </AgentRule>
    </Execution>
  </TestSettings>
  <Times creation="2015-01-06T20:59:17.6525465+01:00" queuing="2015-01-06T20:59:19.5495507+01:00" start="2015-01-06T20:59:19.5795507+01:00" finish="2015-01-06T20:59:21.6855618+01:00" />
  <ResultSummary outcome="Completed">
    <Counters total="7" executed="7" passed="7" error="0" failed="0" timeout="0" aborted="0" inconclusive="0" passedButRunAborted="0" notRunnable="0" notExecuted="0" disconnected="0" warning="0" completed="0" inProgress="0" pending="0" />
  </ResultSummary>
  <TestDefinitions>
    <UnitTest name="ReadRoleTest1" storage="c:\users\wayne\desktop\se-solution\traders marketplace\traders marketplace.tests\bin\debug\traders marketplace.tests.dll" id="cd6796a7-52ee-3c06-e33f-822eb9305e5c">
      <Execution id="78c987dd-2326-4f44-9627-81db8ce095a9" />
      <TestMethod codeBase="C:/Users/Wayne/Desktop/SE-Solution/Traders Marketplace/Traders Marketplace.Tests/bin/Debug/Traders Marketplace.Tests.DLL" adapterTypeName="Microsoft.VisualStudio.TestTools.TestTypes.Unit.UnitTestAdapter, Microsoft.VisualStudio.QualityTools.Tips.UnitTest.Adapter, Version=10.0.0.0, Culture=neutral, PublicKeyToken=b03f5f7f11d50a3a" className="Traders_Marketplace.Tests.RolesTest, Traders Marketplace.Tests, Version=1.0.0.0, Culture=neutral, PublicKeyToken=null" name="ReadRoleTest1" />
    </UnitTest>
    <UnitTest name="AddRoleTest3" storage="c:\users\wayne\desktop\se-solution\traders marketplace\traders marketplace.tests\bin\debug\traders marketplace.tests.dll" id="1201ad84-382d-44d0-1ec6-32d4144e1760">
      <Execution id="98cfc0e8-0244-4122-883e-b9199a81cc12" />
      <TestMethod codeBase="C:/Users/Wayne/Desktop/SE-Solution/Traders Marketplace/Traders Marketplace.Tests/bin/Debug/Traders Marketplace.Tests.DLL" adapterTypeName="Microsoft.VisualStudio.TestTools.TestTypes.Unit.UnitTestAdapter, Microsoft.VisualStudio.QualityTools.Tips.UnitTest.Adapter, Version=10.0.0.0, Culture=neutral, PublicKeyToken=b03f5f7f11d50a3a" className="Traders_Marketplace.Tests.RolesTest, Traders Marketplace.Tests, Version=1.0.0.0, Culture=neutral, PublicKeyToken=null" name="AddRoleTest3" />
    </UnitTest>
    <UnitTest name="UpdateRoleTest1" storage="c:\users\wayne\desktop\se-solution\traders marketplace\traders marketplace.tests\bin\debug\traders marketplace.tests.dll" id="6c049101-2c65-c774-7cc1-38a25667ce78">
      <Execution id="b089e03b-3831-41d5-abc2-9a2cf02b804b" />
      <TestMethod codeBase="C:/Users/Wayne/Desktop/SE-Solution/Traders Marketplace/Traders Marketplace.Tests/bin/Debug/Traders Marketplace.Tests.DLL" adapterTypeName="Microsoft.VisualStudio.TestTools.TestTypes.Unit.UnitTestAdapter, Microsoft.VisualStudio.QualityTools.Tips.UnitTest.Adapter, Version=10.0.0.0, Culture=neutral, PublicKeyToken=b03f5f7f11d50a3a" className="Traders_Marketplace.Tests.RolesTest, Traders Marketplace.Tests, Version=1.0.0.0, Culture=neutral, PublicKeyToken=null" name="UpdateRoleTest1" />
    </UnitTest>
    <UnitTest name="AddRoleTest4" storage="c:\users\wayne\desktop\se-solution\traders marketplace\traders marketplace.tests\bin\debug\traders marketplace.tests.dll" id="b2929c2d-f953-21ba-87f3-4b1425e28c94">
      <Execution id="2a25ba8b-4345-4725-908c-a5e94ef58dfa" />
      <TestMethod codeBase="C:/Users/Wayne/Desktop/SE-Solution/Traders Marketplace/Traders Marketplace.Tests/bin/Debug/Traders Marketplace.Tests.DLL" adapterTypeName="Microsoft.VisualStudio.TestTools.TestTypes.Unit.UnitTestAdapter, Microsoft.VisualStudio.QualityTools.Tips.UnitTest.Adapter, Version=10.0.0.0, Culture=neutral, PublicKeyToken=b03f5f7f11d50a3a" className="Traders_Marketplace.Tests.RolesTest, Traders Marketplace.Tests, Version=1.0.0.0, Culture=neutral, PublicKeyToken=null" name="AddRoleTest4" />
    </UnitTest>
    <UnitTest name="AddRoleTest2" storage="c:\users\wayne\desktop\se-solution\traders marketplace\traders marketplace.tests\bin\debug\traders marketplace.tests.dll" id="5c83ec1f-176d-44aa-c3ce-4656ea925732">
      <Execution id="f1d7e960-2fdd-458e-abba-dffa88663405" />
      <TestMethod codeBase="C:/Users/Wayne/Desktop/SE-Solution/Traders Marketplace/Traders Marketplace.Tests/bin/Debug/Traders Marketplace.Tests.DLL" adapterTypeName="Microsoft.VisualStudio.TestTools.TestTypes.Unit.UnitTestAdapter, Microsoft.VisualStudio.QualityTools.Tips.UnitTest.Adapter, Version=10.0.0.0, Culture=neutral, PublicKeyToken=b03f5f7f11d50a3a" className="Traders_Marketplace.Tests.RolesTest, Traders Marketplace.Tests, Version=1.0.0.0, Culture=neutral, PublicKeyToken=null" name="AddRoleTest2" />
    </UnitTest>
    <UnitTest name="AddRoleTest1" storage="c:\users\wayne\desktop\se-solution\traders marketplace\traders marketplace.tests\bin\debug\traders marketplace.tests.dll" id="6ac98c11-7f26-c092-5eb3-7da2cc561ac2">
      <Execution id="7505c804-6f6b-42b0-8fa7-9ac3070f3ebf" />
      <TestMethod codeBase="C:/Users/Wayne/Desktop/SE-Solution/Traders Marketplace/Traders Marketplace.Tests/bin/Debug/Traders Marketplace.Tests.DLL" adapterTypeName="Microsoft.VisualStudio.TestTools.TestTypes.Unit.UnitTestAdapter, Microsoft.VisualStudio.QualityTools.Tips.UnitTest.Adapter, Version=10.0.0.0, Culture=neutral, PublicKeyToken=b03f5f7f11d50a3a" className="Traders_Marketplace.Tests.RolesTest, Traders Marketplace.Tests, Version=1.0.0.0, Culture=neutral, PublicKeyToken=null" name="AddRoleTest1" />
    </UnitTest>
    <UnitTest name="ReadRoleTest2" storage="c:\users\wayne\desktop\se-solution\traders marketplace\traders marketplace.tests\bin\debug\traders marketplace.tests.dll" id="8209c04f-dcd2-7695-2208-f708cd488df9">
      <Execution id="23c9bd5a-58f9-41d7-ba94-548e50d2613f" />
      <TestMethod codeBase="C:/Users/Wayne/Desktop/SE-Solution/Traders Marketplace/Traders Marketplace.Tests/bin/Debug/Traders Marketplace.Tests.DLL" adapterTypeName="Microsoft.VisualStudio.TestTools.TestTypes.Unit.UnitTestAdapter, Microsoft.VisualStudio.QualityTools.Tips.UnitTest.Adapter, Version=10.0.0.0, Culture=neutral, PublicKeyToken=b03f5f7f11d50a3a" className="Traders_Marketplace.Tests.RolesTest, Traders Marketplace.Tests, Version=1.0.0.0, Culture=neutral, PublicKeyToken=null" name="ReadRoleTest2" />
    </UnitTest>
  </TestDefinitions>
  <TestLists>
    <TestList name="Results Not in a List" id="8c84fa94-04c1-424b-9868-57a2d4851a1d" />
    <TestList name="All Loaded Results" id="19431567-8539-422a-85d7-44ee4e166bda" />
  </TestLists>
  <TestEntries>
    <TestEntry testId="1201ad84-382d-44d0-1ec6-32d4144e1760" executionId="98cfc0e8-0244-4122-883e-b9199a81cc12" testListId="8c84fa94-04c1-424b-9868-57a2d4851a1d" />
    <TestEntry testId="5c83ec1f-176d-44aa-c3ce-4656ea925732" executionId="f1d7e960-2fdd-458e-abba-dffa88663405" testListId="8c84fa94-04c1-424b-9868-57a2d4851a1d" />
    <TestEntry testId="6ac98c11-7f26-c092-5eb3-7da2cc561ac2" executionId="7505c804-6f6b-42b0-8fa7-9ac3070f3ebf" testListId="8c84fa94-04c1-424b-9868-57a2d4851a1d" />
    <TestEntry testId="6c049101-2c65-c774-7cc1-38a25667ce78" executionId="b089e03b-3831-41d5-abc2-9a2cf02b804b" testListId="8c84fa94-04c1-424b-9868-57a2d4851a1d" />
    <TestEntry testId="8209c04f-dcd2-7695-2208-f708cd488df9" executionId="23c9bd5a-58f9-41d7-ba94-548e50d2613f" testListId="8c84fa94-04c1-424b-9868-57a2d4851a1d" />
    <TestEntry testId="b2929c2d-f953-21ba-87f3-4b1425e28c94" executionId="2a25ba8b-4345-4725-908c-a5e94ef58dfa" testListId="8c84fa94-04c1-424b-9868-57a2d4851a1d" />
    <TestEntry testId="cd6796a7-52ee-3c06-e33f-822eb9305e5c" executionId="78c987dd-2326-4f44-9627-81db8ce095a9" testListId="8c84fa94-04c1-424b-9868-57a2d4851a1d" />
  </TestEntries>
  <Results>
    <UnitTestResult executionId="98cfc0e8-0244-4122-883e-b9199a81cc12" testId="1201ad84-382d-44d0-1ec6-32d4144e1760" testName="AddRoleTest3" computerName="WAYNE-PC" duration="00:00:00.2332144" startTime="2015-01-06T20:59:19.5895507+01:00" endTime="2015-01-06T20:59:19.9955595+01:00" testType="13cdc9d9-ddb5-4fa4-a97d-d965ccfc6d4b" outcome="Passed" testListId="8c84fa94-04c1-424b-9868-57a2d4851a1d" relativeResultsDirectory="98cfc0e8-0244-4122-883e-b9199a81cc12">
    </UnitTestResult>
    <UnitTestResult executionId="f1d7e960-2fdd-458e-abba-dffa88663405" testId="5c83ec1f-176d-44aa-c3ce-4656ea925732" testName="AddRoleTest2" computerName="WAYNE-PC" duration="00:00:00.0027599" startTime="2015-01-06T20:59:20.0055595+01:00" endTime="2015-01-06T20:59:20.0055595+01:00" testType="13cdc9d9-ddb5-4fa4-a97d-d965ccfc6d4b" outcome="Passed" testListId="8c84fa94-04c1-424b-9868-57a2d4851a1d" relativeResultsDirectory="f1d7e960-2fdd-458e-abba-dffa88663405">
    </UnitTestResult>
    <UnitTestResult executionId="7505c804-6f6b-42b0-8fa7-9ac3070f3ebf" testId="6ac98c11-7f26-c092-5eb3-7da2cc561ac2" testName="AddRoleTest1" computerName="WAYNE-PC" duration="00:00:00.0209797" startTime="2015-01-06T20:59:20.0155595+01:00" endTime="2015-01-06T20:59:20.0355595+01:00" testType="13cdc9d9-ddb5-4fa4-a97d-d965ccfc6d4b" outcome="Passed" testListId="8c84fa94-04c1-424b-9868-57a2d4851a1d" relativeResultsDirectory="7505c804-6f6b-42b0-8fa7-9ac3070f3ebf">
    </UnitTestResult>
    <UnitTestResult executionId="b089e03b-3831-41d5-abc2-9a2cf02b804b" testId="6c049101-2c65-c774-7cc1-38a25667ce78" testName="UpdateRoleTest1" computerName="WAYNE-PC" duration="00:00:00.0492077" startTime="2015-01-06T20:59:20.0455595+01:00" endTime="2015-01-06T20:59:20.0955596+01:00" testType="13cdc9d9-ddb5-4fa4-a97d-d965ccfc6d4b" outcome="Passed" testListId="8c84fa94-04c1-424b-9868-57a2d4851a1d" relativeResultsDirectory="b089e03b-3831-41d5-abc2-9a2cf02b804b">
    </UnitTestResult>
    <UnitTestResult executionId="23c9bd5a-58f9-41d7-ba94-548e50d2613f" testId="8209c04f-dcd2-7695-2208-f708cd488df9" testName="ReadRoleTest2" computerName="WAYNE-PC" duration="00:00:00.0058729" startTime="2015-01-06T20:59:20.0955596+01:00" endTime="2015-01-06T20:59:20.1055596+01:00" testType="13cdc9d9-ddb5-4fa4-a97d-d965ccfc6d4b" outcome="Passed" testListId="8c84fa94-04c1-424b-9868-57a2d4851a1d" relativeResultsDirectory="23c9bd5a-58f9-41d7-ba94-548e50d2613f">
    </UnitTestResult>
    <UnitTestResult executionId="2a25ba8b-4345-4725-908c-a5e94ef58dfa" testId="b2929c2d-f953-21ba-87f3-4b1425e28c94" testName="AddRoleTest4" computerName="WAYNE-PC" duration="00:00:00.0027792" startTime="2015-01-06T20:59:20.1055596+01:00" endTime="2015-01-06T20:59:20.1155596+01:00" testType="13cdc9d9-ddb5-4fa4-a97d-d965ccfc6d4b" outcome="Passed" testListId="8c84fa94-04c1-424b-9868-57a2d4851a1d" relativeResultsDirectory="2a25ba8b-4345-4725-908c-a5e94ef58dfa">
    </UnitTestResult>
    <UnitTestResult executionId="78c987dd-2326-4f44-9627-81db8ce095a9" testId="cd6796a7-52ee-3c06-e33f-822eb9305e5c" testName="ReadRoleTest1" computerName="WAYNE-PC" duration="00:00:00.0045059" startTime="2015-01-06T20:59:20.1155596+01:00" endTime="2015-01-06T20:59:20.1255596+01:00" testType="13cdc9d9-ddb5-4fa4-a97d-d965ccfc6d4b" outcome="Passed" testListId="8c84fa94-04c1-424b-9868-57a2d4851a1d" relativeResultsDirectory="78c987dd-2326-4f44-9627-81db8ce095a9">
    </UnitTestResult>
  </Results>
</TestRun>