<?xml version="1.0" encoding="UTF-8"?>
<TestRun id="ab96af20-1dc9-4302-ba25-651d2bd6b087" name="Wayne@WAYNE-PC 2014-12-29 12:27:19" runUser="Wayne-PC\Wayne" xmlns="http://microsoft.com/schemas/VisualStudio/TeamTest/2010">
  <TestSettings name="Default Test Settings" id="6cd9b9e3-6387-4c0b-a446-e284b041d249">
    <Deployment runDeploymentRoot="Wayne_WAYNE-PC 2014-12-29 12_27_19">
      <DeploymentItem filename="C:\Users\Wayne\Desktop\SE-Solution\Traders Marketplace\BusinessLogic\bin\Debug\BusinessLogic.dll" />
      <DeploymentItem filename="C:\Users\Wayne\Desktop\SE-Solution\Traders Marketplace\Common\bin\Debug\Common.dll" />
      <DeploymentItem filename="C:\Users\Wayne\Desktop\SE-Solution\Traders Marketplace\packages\EntityFramework.4.1.10331.0\lib\EntityFramework.dll" />
      <DeploymentItem filename="C:\Users\Wayne\Desktop\SE-Solution\Traders Marketplace\Traders Marketplace\bin\Traders Marketplace.dll" />
      <DeploymentItem filename="C:\Users\Wayne\Desktop\SE-Solution\Traders Marketplace\DataAccess\bin\Debug\DataAccess.dll" />
    </Deployment>
    <Execution>
      <TestTypeSpecific />
      <AgentRule name="Execution Agents">
      </AgentRule>
    </Execution>
  </TestSettings>
  <Times creation="2014-12-29T12:27:19.4855673+01:00" queuing="2014-12-29T12:27:21.7755815+01:00" start="2014-12-29T12:27:21.9003817+01:00" finish="2014-12-29T12:27:28.9379942+01:00" />
  <ResultSummary outcome="Completed">
    <Counters total="3" executed="3" passed="3" error="0" failed="0" timeout="0" aborted="0" inconclusive="0" passedButRunAborted="0" notRunnable="0" notExecuted="0" disconnected="0" warning="0" completed="0" inProgress="0" pending="0" />
  </ResultSummary>
  <TestDefinitions>
    <UnitTest name="ListRoles" storage="c:\users\wayne\desktop\se-solution\traders marketplace\traders marketplace.tests\bin\debug\traders marketplace.tests.dll" id="55f450ac-1188-c03c-2973-80be084adc87">
      <Execution id="b285605a-78b0-477f-9df2-b6404f052d10" />
      <TestMethod codeBase="C:/Users/Wayne/Desktop/SE-Solution/Traders Marketplace/Traders Marketplace.Tests/bin/Debug/Traders Marketplace.Tests.DLL" adapterTypeName="Microsoft.VisualStudio.TestTools.TestTypes.Unit.UnitTestAdapter, Microsoft.VisualStudio.QualityTools.Tips.UnitTest.Adapter, Version=10.0.0.0, Culture=neutral, PublicKeyToken=b03f5f7f11d50a3a" className="Traders_Marketplace.Tests.RolesTest, Traders Marketplace.Tests, Version=1.0.0.0, Culture=neutral, PublicKeyToken=null" name="ListRoles" />
    </UnitTest>
    <UnitTest name="About" storage="c:\users\wayne\desktop\se-solution\traders marketplace\traders marketplace.tests\bin\debug\traders marketplace.tests.dll" id="618f3ae5-e1f1-4fd1-2427-a6c39328a474">
      <Execution id="9e2c9aa6-bbb9-4137-b8d2-bea52d71ef42" />
      <TestMethod codeBase="C:/Users/Wayne/Desktop/SE-Solution/Traders Marketplace/Traders Marketplace.Tests/bin/Debug/Traders Marketplace.Tests.DLL" adapterTypeName="Microsoft.VisualStudio.TestTools.TestTypes.Unit.UnitTestAdapter, Microsoft.VisualStudio.QualityTools.Tips.UnitTest.Adapter, Version=10.0.0.0, Culture=neutral, PublicKeyToken=b03f5f7f11d50a3a" className="Traders_Marketplace.Tests.Controllers.HomeControllerTest, Traders Marketplace.Tests, Version=1.0.0.0, Culture=neutral, PublicKeyToken=null" name="About" />
    </UnitTest>
    <UnitTest name="Index" storage="c:\users\wayne\desktop\se-solution\traders marketplace\traders marketplace.tests\bin\debug\traders marketplace.tests.dll" id="fd67c041-2ff1-0b59-3b64-08218efd1613">
      <Execution id="17c3161c-1496-4700-9d06-4dd823542e0a" />
      <TestMethod codeBase="C:/Users/Wayne/Desktop/SE-Solution/Traders Marketplace/Traders Marketplace.Tests/bin/Debug/Traders Marketplace.Tests.DLL" adapterTypeName="Microsoft.VisualStudio.TestTools.TestTypes.Unit.UnitTestAdapter, Microsoft.VisualStudio.QualityTools.Tips.UnitTest.Adapter, Version=10.0.0.0, Culture=neutral, PublicKeyToken=b03f5f7f11d50a3a" className="Traders_Marketplace.Tests.Controllers.HomeControllerTest, Traders Marketplace.Tests, Version=1.0.0.0, Culture=neutral, PublicKeyToken=null" name="Index" />
    </UnitTest>
  </TestDefinitions>
  <TestLists>
    <TestList name="Results Not in a List" id="8c84fa94-04c1-424b-9868-57a2d4851a1d" />
    <TestList name="All Loaded Results" id="19431567-8539-422a-85d7-44ee4e166bda" />
  </TestLists>
  <TestEntries>
    <TestEntry testId="55f450ac-1188-c03c-2973-80be084adc87" executionId="b285605a-78b0-477f-9df2-b6404f052d10" testListId="8c84fa94-04c1-424b-9868-57a2d4851a1d" />
    <TestEntry testId="618f3ae5-e1f1-4fd1-2427-a6c39328a474" executionId="9e2c9aa6-bbb9-4137-b8d2-bea52d71ef42" testListId="8c84fa94-04c1-424b-9868-57a2d4851a1d" />
    <TestEntry testId="fd67c041-2ff1-0b59-3b64-08218efd1613" executionId="17c3161c-1496-4700-9d06-4dd823542e0a" testListId="8c84fa94-04c1-424b-9868-57a2d4851a1d" />
  </TestEntries>
  <Results>
    <UnitTestResult executionId="b285605a-78b0-477f-9df2-b6404f052d10" testId="55f450ac-1188-c03c-2973-80be084adc87" testName="ListRoles" computerName="WAYNE-PC" duration="00:00:03.8173293" startTime="2014-12-29T12:27:22.0095819+01:00" endTime="2014-12-29T12:27:26.8611904+01:00" testType="13cdc9d9-ddb5-4fa4-a97d-d965ccfc6d4b" outcome="Passed" testListId="8c84fa94-04c1-424b-9868-57a2d4851a1d" relativeResultsDirectory="b285605a-78b0-477f-9df2-b6404f052d10">
    </UnitTestResult>
    <UnitTestResult executionId="9e2c9aa6-bbb9-4137-b8d2-bea52d71ef42" testId="618f3ae5-e1f1-4fd1-2427-a6c39328a474" testName="About" computerName="WAYNE-PC" duration="00:00:00.0417856" startTime="2014-12-29T12:27:26.8767904+01:00" endTime="2014-12-29T12:27:26.9235905+01:00" testType="13cdc9d9-ddb5-4fa4-a97d-d965ccfc6d4b" outcome="Passed" testListId="8c84fa94-04c1-424b-9868-57a2d4851a1d" relativeResultsDirectory="9e2c9aa6-bbb9-4137-b8d2-bea52d71ef42">
    </UnitTestResult>
    <UnitTestResult executionId="17c3161c-1496-4700-9d06-4dd823542e0a" testId="fd67c041-2ff1-0b59-3b64-08218efd1613" testName="Index" computerName="WAYNE-PC" duration="00:00:00.0776470" startTime="2014-12-29T12:27:26.9391905+01:00" endTime="2014-12-29T12:27:27.0171907+01:00" testType="13cdc9d9-ddb5-4fa4-a97d-d965ccfc6d4b" outcome="Passed" testListId="8c84fa94-04c1-424b-9868-57a2d4851a1d" relativeResultsDirectory="17c3161c-1496-4700-9d06-4dd823542e0a">
    </UnitTestResult>
  </Results>
</TestRun>