<?xml version="1.0" encoding="UTF-8"?>
<TestRun id="fe405d12-58c5-44da-bfea-189c127c64de" name="Wayne@WAYNE-PC 2015-01-13 15:16:21" runUser="Wayne-PC\Wayne" xmlns="http://microsoft.com/schemas/VisualStudio/TeamTest/2010">
  <TestSettings name="Default Test Settings" id="ce46c34b-3e97-4f2f-920e-adf10ad53134">
    <Deployment runDeploymentRoot="Wayne_WAYNE-PC 2015-01-13 15_16_21">
      <DeploymentItem filename="C:\Users\Wayne\Desktop\SE-Solution\Traders Marketplace\BusinessLogic\bin\Debug\BusinessLogic.dll" />
      <DeploymentItem filename="C:\Users\Wayne\Desktop\SE-Solution\Traders Marketplace\packages\EntityFramework.4.1.10331.0\lib\EntityFramework.dll" />
      <DeploymentItem filename="C:\Users\Wayne\Desktop\SE-Solution\Traders Marketplace\Common\bin\Debug\Common.dll" />
      <DeploymentItem filename="C:\Users\Wayne\Desktop\SE-Solution\Traders Marketplace\Traders Marketplace\bin\Traders Marketplace.dll" />
      <DeploymentItem filename="C:\Users\Wayne\Desktop\SE-Solution\Traders Marketplace\DataAccess\bin\Debug\DataAccess.dll" />
    </Deployment>
    <Execution>
      <TestTypeSpecific />
      <AgentRule name="Execution Agents">
      </AgentRule>
    </Execution>
  </TestSettings>
  <Times creation="2015-01-13T15:16:21.4875337+01:00" queuing="2015-01-13T15:16:23.0473381+01:00" start="2015-01-13T15:16:23.0629381+01:00" finish="2015-01-13T15:16:23.4841389+01:00" />
  <ResultSummary outcome="Completed">
    <Counters total="18" executed="18" passed="18" error="0" failed="0" timeout="0" aborted="0" inconclusive="0" passedButRunAborted="0" notRunnable="0" notExecuted="0" disconnected="0" warning="0" completed="0" inProgress="0" pending="0" />
  </ResultSummary>
  <TestDefinitions>
    <UnitTest name="AddRoleTest3" storage="c:\users\wayne\desktop\se-solution\traders marketplace\traders marketplace.tests\bin\debug\traders marketplace.tests.dll" id="1201ad84-382d-44d0-1ec6-32d4144e1760">
      <Execution id="0f26d429-0451-4472-8e9a-0e9f3500f653" />
      <TestMethod codeBase="C:/Users/Wayne/Desktop/SE-Solution/Traders Marketplace/Traders Marketplace.Tests/bin/Debug/Traders Marketplace.Tests.DLL" adapterTypeName="Microsoft.VisualStudio.TestTools.TestTypes.Unit.UnitTestAdapter, Microsoft.VisualStudio.QualityTools.Tips.UnitTest.Adapter, Version=10.0.0.0, Culture=neutral, PublicKeyToken=b03f5f7f11d50a3a" className="Traders_Marketplace.Tests.RolesTest, Traders Marketplace.Tests, Version=1.0.0.0, Culture=neutral, PublicKeyToken=null" name="AddRoleTest3" />
    </UnitTest>
    <UnitTest name="DeleteRoleTest1" storage="c:\users\wayne\desktop\se-solution\traders marketplace\traders marketplace.tests\bin\debug\traders marketplace.tests.dll" id="8fd45f5e-65cb-27bc-d561-88c75a4fd117">
      <Execution id="2d03fa39-cd1e-4943-a1d7-5c9f9b7f39a7" />
      <TestMethod codeBase="C:/Users/Wayne/Desktop/SE-Solution/Traders Marketplace/Traders Marketplace.Tests/bin/Debug/Traders Marketplace.Tests.DLL" adapterTypeName="Microsoft.VisualStudio.TestTools.TestTypes.Unit.UnitTestAdapter, Microsoft.VisualStudio.QualityTools.Tips.UnitTest.Adapter, Version=10.0.0.0, Culture=neutral, PublicKeyToken=b03f5f7f11d50a3a" className="Traders_Marketplace.Tests.RolesTest, Traders Marketplace.Tests, Version=1.0.0.0, Culture=neutral, PublicKeyToken=null" name="DeleteRoleTest1" />
    </UnitTest>
    <UnitTest name="UpdateRoleTest3" storage="c:\users\wayne\desktop\se-solution\traders marketplace\traders marketplace.tests\bin\debug\traders marketplace.tests.dll" id="0c517cea-1b2c-b3b4-eed6-ef0adee4e641">
      <Execution id="a555c0cb-7708-4705-9cea-3ded78b26bc4" />
      <TestMethod codeBase="C:/Users/Wayne/Desktop/SE-Solution/Traders Marketplace/Traders Marketplace.Tests/bin/Debug/Traders Marketplace.Tests.DLL" adapterTypeName="Microsoft.VisualStudio.TestTools.TestTypes.Unit.UnitTestAdapter, Microsoft.VisualStudio.QualityTools.Tips.UnitTest.Adapter, Version=10.0.0.0, Culture=neutral, PublicKeyToken=b03f5f7f11d50a3a" className="Traders_Marketplace.Tests.RolesTest, Traders Marketplace.Tests, Version=1.0.0.0, Culture=neutral, PublicKeyToken=null" name="UpdateRoleTest3" />
    </UnitTest>
    <UnitTest name="AddRoleTest1" storage="c:\users\wayne\desktop\se-solution\traders marketplace\traders marketplace.tests\bin\debug\traders marketplace.tests.dll" id="6ac98c11-7f26-c092-5eb3-7da2cc561ac2">
      <Execution id="77362165-91c7-411f-995f-266818822d65" />
      <TestMethod codeBase="C:/Users/Wayne/Desktop/SE-Solution/Traders Marketplace/Traders Marketplace.Tests/bin/Debug/Traders Marketplace.Tests.DLL" adapterTypeName="Microsoft.VisualStudio.TestTools.TestTypes.Unit.UnitTestAdapter, Microsoft.VisualStudio.QualityTools.Tips.UnitTest.Adapter, Version=10.0.0.0, Culture=neutral, PublicKeyToken=b03f5f7f11d50a3a" className="Traders_Marketplace.Tests.RolesTest, Traders Marketplace.Tests, Version=1.0.0.0, Culture=neutral, PublicKeyToken=null" name="AddRoleTest1" />
    </UnitTest>
    <UnitTest name="UpdateRoleTest4" storage="c:\users\wayne\desktop\se-solution\traders marketplace\traders marketplace.tests\bin\debug\traders marketplace.tests.dll" id="ea4b6f36-8015-2c3a-bc40-5b4bc5bead08">
      <Execution id="546dc58c-089d-4c8e-9d28-c4a0a7d4ec00" />
      <TestMethod codeBase="C:/Users/Wayne/Desktop/SE-Solution/Traders Marketplace/Traders Marketplace.Tests/bin/Debug/Traders Marketplace.Tests.DLL" adapterTypeName="Microsoft.VisualStudio.TestTools.TestTypes.Unit.UnitTestAdapter, Microsoft.VisualStudio.QualityTools.Tips.UnitTest.Adapter, Version=10.0.0.0, Culture=neutral, PublicKeyToken=b03f5f7f11d50a3a" className="Traders_Marketplace.Tests.RolesTest, Traders Marketplace.Tests, Version=1.0.0.0, Culture=neutral, PublicKeyToken=null" name="UpdateRoleTest4" />
    </UnitTest>
    <UnitTest name="AddRoleTest2" storage="c:\users\wayne\desktop\se-solution\traders marketplace\traders marketplace.tests\bin\debug\traders marketplace.tests.dll" id="5c83ec1f-176d-44aa-c3ce-4656ea925732">
      <Execution id="1634fe99-331f-4657-86cb-948ca1b3003a" />
      <TestMethod codeBase="C:/Users/Wayne/Desktop/SE-Solution/Traders Marketplace/Traders Marketplace.Tests/bin/Debug/Traders Marketplace.Tests.DLL" adapterTypeName="Microsoft.VisualStudio.TestTools.TestTypes.Unit.UnitTestAdapter, Microsoft.VisualStudio.QualityTools.Tips.UnitTest.Adapter, Version=10.0.0.0, Culture=neutral, PublicKeyToken=b03f5f7f11d50a3a" className="Traders_Marketplace.Tests.RolesTest, Traders Marketplace.Tests, Version=1.0.0.0, Culture=neutral, PublicKeyToken=null" name="AddRoleTest2" />
    </UnitTest>
    <UnitTest name="AddRoleTest7" storage="c:\users\wayne\desktop\se-solution\traders marketplace\traders marketplace.tests\bin\debug\traders marketplace.tests.dll" id="37be030d-0767-d74d-0bdb-772f36e51f2d">
      <Execution id="c71b0bc1-71a8-4550-8bc4-d19b09c32be6" />
      <TestMethod codeBase="C:/Users/Wayne/Desktop/SE-Solution/Traders Marketplace/Traders Marketplace.Tests/bin/Debug/Traders Marketplace.Tests.DLL" adapterTypeName="Microsoft.VisualStudio.TestTools.TestTypes.Unit.UnitTestAdapter, Microsoft.VisualStudio.QualityTools.Tips.UnitTest.Adapter, Version=10.0.0.0, Culture=neutral, PublicKeyToken=b03f5f7f11d50a3a" className="Traders_Marketplace.Tests.RolesTest, Traders Marketplace.Tests, Version=1.0.0.0, Culture=neutral, PublicKeyToken=null" name="AddRoleTest7" />
    </UnitTest>
    <UnitTest name="AddRoleTest4" storage="c:\users\wayne\desktop\se-solution\traders marketplace\traders marketplace.tests\bin\debug\traders marketplace.tests.dll" id="b2929c2d-f953-21ba-87f3-4b1425e28c94">
      <Execution id="5144da5b-9d11-4df6-aabd-582e4d2598c4" />
      <TestMethod codeBase="C:/Users/Wayne/Desktop/SE-Solution/Traders Marketplace/Traders Marketplace.Tests/bin/Debug/Traders Marketplace.Tests.DLL" adapterTypeName="Microsoft.VisualStudio.TestTools.TestTypes.Unit.UnitTestAdapter, Microsoft.VisualStudio.QualityTools.Tips.UnitTest.Adapter, Version=10.0.0.0, Culture=neutral, PublicKeyToken=b03f5f7f11d50a3a" className="Traders_Marketplace.Tests.RolesTest, Traders Marketplace.Tests, Version=1.0.0.0, Culture=neutral, PublicKeyToken=null" name="AddRoleTest4" />
    </UnitTest>
    <UnitTest name="DeleteRoleTest2" storage="c:\users\wayne\desktop\se-solution\traders marketplace\traders marketplace.tests\bin\debug\traders marketplace.tests.dll" id="bffeae59-bfaa-1b04-507e-f4c66f33e549">
      <Execution id="80d77632-9ee9-4305-af90-c1d17b6bf98b" />
      <TestMethod codeBase="C:/Users/Wayne/Desktop/SE-Solution/Traders Marketplace/Traders Marketplace.Tests/bin/Debug/Traders Marketplace.Tests.DLL" adapterTypeName="Microsoft.VisualStudio.TestTools.TestTypes.Unit.UnitTestAdapter, Microsoft.VisualStudio.QualityTools.Tips.UnitTest.Adapter, Version=10.0.0.0, Culture=neutral, PublicKeyToken=b03f5f7f11d50a3a" className="Traders_Marketplace.Tests.RolesTest, Traders Marketplace.Tests, Version=1.0.0.0, Culture=neutral, PublicKeyToken=null" name="DeleteRoleTest2" />
    </UnitTest>
    <UnitTest name="UpdateRoleTest5" storage="c:\users\wayne\desktop\se-solution\traders marketplace\traders marketplace.tests\bin\debug\traders marketplace.tests.dll" id="28f0b300-43df-df58-20b1-fe498a87ea0c">
      <Execution id="53615203-0a2e-44b1-b688-b3e2caabacb6" />
      <TestMethod codeBase="C:/Users/Wayne/Desktop/SE-Solution/Traders Marketplace/Traders Marketplace.Tests/bin/Debug/Traders Marketplace.Tests.DLL" adapterTypeName="Microsoft.VisualStudio.TestTools.TestTypes.Unit.UnitTestAdapter, Microsoft.VisualStudio.QualityTools.Tips.UnitTest.Adapter, Version=10.0.0.0, Culture=neutral, PublicKeyToken=b03f5f7f11d50a3a" className="Traders_Marketplace.Tests.RolesTest, Traders Marketplace.Tests, Version=1.0.0.0, Culture=neutral, PublicKeyToken=null" name="UpdateRoleTest5" />
    </UnitTest>
    <UnitTest name="UpdateRoleTest6" storage="c:\users\wayne\desktop\se-solution\traders marketplace\traders marketplace.tests\bin\debug\traders marketplace.tests.dll" id="b3d1d811-2c26-7d8b-665b-702049d63015">
      <Execution id="6120ccf8-2f33-40d0-be14-fb5c091d149d" />
      <TestMethod codeBase="C:/Users/Wayne/Desktop/SE-Solution/Traders Marketplace/Traders Marketplace.Tests/bin/Debug/Traders Marketplace.Tests.DLL" adapterTypeName="Microsoft.VisualStudio.TestTools.TestTypes.Unit.UnitTestAdapter, Microsoft.VisualStudio.QualityTools.Tips.UnitTest.Adapter, Version=10.0.0.0, Culture=neutral, PublicKeyToken=b03f5f7f11d50a3a" className="Traders_Marketplace.Tests.RolesTest, Traders Marketplace.Tests, Version=1.0.0.0, Culture=neutral, PublicKeyToken=null" name="UpdateRoleTest6" />
    </UnitTest>
    <UnitTest name="ReadRoleTest2" storage="c:\users\wayne\desktop\se-solution\traders marketplace\traders marketplace.tests\bin\debug\traders marketplace.tests.dll" id="8209c04f-dcd2-7695-2208-f708cd488df9">
      <Execution id="c53738e9-044c-4281-9da9-623486b96bf1" />
      <TestMethod codeBase="C:/Users/Wayne/Desktop/SE-Solution/Traders Marketplace/Traders Marketplace.Tests/bin/Debug/Traders Marketplace.Tests.DLL" adapterTypeName="Microsoft.VisualStudio.TestTools.TestTypes.Unit.UnitTestAdapter, Microsoft.VisualStudio.QualityTools.Tips.UnitTest.Adapter, Version=10.0.0.0, Culture=neutral, PublicKeyToken=b03f5f7f11d50a3a" className="Traders_Marketplace.Tests.RolesTest, Traders Marketplace.Tests, Version=1.0.0.0, Culture=neutral, PublicKeyToken=null" name="ReadRoleTest2" />
    </UnitTest>
    <UnitTest name="UpdateRoleTest2" storage="c:\users\wayne\desktop\se-solution\traders marketplace\traders marketplace.tests\bin\debug\traders marketplace.tests.dll" id="704cdaac-ac7c-4e94-af5b-3f6b9c432f38">
      <Execution id="f764b8e6-07e2-4d50-8755-3d665faa27b8" />
      <TestMethod codeBase="C:/Users/Wayne/Desktop/SE-Solution/Traders Marketplace/Traders Marketplace.Tests/bin/Debug/Traders Marketplace.Tests.DLL" adapterTypeName="Microsoft.VisualStudio.TestTools.TestTypes.Unit.UnitTestAdapter, Microsoft.VisualStudio.QualityTools.Tips.UnitTest.Adapter, Version=10.0.0.0, Culture=neutral, PublicKeyToken=b03f5f7f11d50a3a" className="Traders_Marketplace.Tests.RolesTest, Traders Marketplace.Tests, Version=1.0.0.0, Culture=neutral, PublicKeyToken=null" name="UpdateRoleTest2" />
    </UnitTest>
    <UnitTest name="UpdateRoleTest1" storage="c:\users\wayne\desktop\se-solution\traders marketplace\traders marketplace.tests\bin\debug\traders marketplace.tests.dll" id="6c049101-2c65-c774-7cc1-38a25667ce78">
      <Execution id="6efaec03-e428-46ad-bd53-ee27926826c8" />
      <TestMethod codeBase="C:/Users/Wayne/Desktop/SE-Solution/Traders Marketplace/Traders Marketplace.Tests/bin/Debug/Traders Marketplace.Tests.DLL" adapterTypeName="Microsoft.VisualStudio.TestTools.TestTypes.Unit.UnitTestAdapter, Microsoft.VisualStudio.QualityTools.Tips.UnitTest.Adapter, Version=10.0.0.0, Culture=neutral, PublicKeyToken=b03f5f7f11d50a3a" className="Traders_Marketplace.Tests.RolesTest, Traders Marketplace.Tests, Version=1.0.0.0, Culture=neutral, PublicKeyToken=null" name="UpdateRoleTest1" />
    </UnitTest>
    <UnitTest name="ReadRoleTest1" storage="c:\users\wayne\desktop\se-solution\traders marketplace\traders marketplace.tests\bin\debug\traders marketplace.tests.dll" id="cd6796a7-52ee-3c06-e33f-822eb9305e5c">
      <Execution id="1ddfe1c7-5070-4d63-b4e5-eff728fa9be8" />
      <TestMethod codeBase="C:/Users/Wayne/Desktop/SE-Solution/Traders Marketplace/Traders Marketplace.Tests/bin/Debug/Traders Marketplace.Tests.DLL" adapterTypeName="Microsoft.VisualStudio.TestTools.TestTypes.Unit.UnitTestAdapter, Microsoft.VisualStudio.QualityTools.Tips.UnitTest.Adapter, Version=10.0.0.0, Culture=neutral, PublicKeyToken=b03f5f7f11d50a3a" className="Traders_Marketplace.Tests.RolesTest, Traders Marketplace.Tests, Version=1.0.0.0, Culture=neutral, PublicKeyToken=null" name="ReadRoleTest1" />
    </UnitTest>
    <UnitTest name="AddRoleTest5" storage="c:\users\wayne\desktop\se-solution\traders marketplace\traders marketplace.tests\bin\debug\traders marketplace.tests.dll" id="d35d6bab-9284-b0ec-b5d5-bcb0a4f3a010">
      <Execution id="20d5eca7-97c1-4e97-82be-f00754f5709b" />
      <TestMethod codeBase="C:/Users/Wayne/Desktop/SE-Solution/Traders Marketplace/Traders Marketplace.Tests/bin/Debug/Traders Marketplace.Tests.DLL" adapterTypeName="Microsoft.VisualStudio.TestTools.TestTypes.Unit.UnitTestAdapter, Microsoft.VisualStudio.QualityTools.Tips.UnitTest.Adapter, Version=10.0.0.0, Culture=neutral, PublicKeyToken=b03f5f7f11d50a3a" className="Traders_Marketplace.Tests.RolesTest, Traders Marketplace.Tests, Version=1.0.0.0, Culture=neutral, PublicKeyToken=null" name="AddRoleTest5" />
    </UnitTest>
    <UnitTest name="UpdateRoleTest7" storage="c:\users\wayne\desktop\se-solution\traders marketplace\traders marketplace.tests\bin\debug\traders marketplace.tests.dll" id="e9e4e746-2288-cc2e-1e96-e70127638202">
      <Execution id="735bc826-0727-49a6-acf3-6a2c8bada901" />
      <TestMethod codeBase="C:/Users/Wayne/Desktop/SE-Solution/Traders Marketplace/Traders Marketplace.Tests/bin/Debug/Traders Marketplace.Tests.DLL" adapterTypeName="Microsoft.VisualStudio.TestTools.TestTypes.Unit.UnitTestAdapter, Microsoft.VisualStudio.QualityTools.Tips.UnitTest.Adapter, Version=10.0.0.0, Culture=neutral, PublicKeyToken=b03f5f7f11d50a3a" className="Traders_Marketplace.Tests.RolesTest, Traders Marketplace.Tests, Version=1.0.0.0, Culture=neutral, PublicKeyToken=null" name="UpdateRoleTest7" />
    </UnitTest>
    <UnitTest name="AddRoleTest6" storage="c:\users\wayne\desktop\se-solution\traders marketplace\traders marketplace.tests\bin\debug\traders marketplace.tests.dll" id="3066ccc4-335d-88fc-d2aa-f90345048216">
      <Execution id="257edac3-cad7-4959-8203-ae8ceba5919d" />
      <TestMethod codeBase="C:/Users/Wayne/Desktop/SE-Solution/Traders Marketplace/Traders Marketplace.Tests/bin/Debug/Traders Marketplace.Tests.DLL" adapterTypeName="Microsoft.VisualStudio.TestTools.TestTypes.Unit.UnitTestAdapter, Microsoft.VisualStudio.QualityTools.Tips.UnitTest.Adapter, Version=10.0.0.0, Culture=neutral, PublicKeyToken=b03f5f7f11d50a3a" className="Traders_Marketplace.Tests.RolesTest, Traders Marketplace.Tests, Version=1.0.0.0, Culture=neutral, PublicKeyToken=null" name="AddRoleTest6" />
    </UnitTest>
  </TestDefinitions>
  <TestLists>
    <TestList name="Results Not in a List" id="8c84fa94-04c1-424b-9868-57a2d4851a1d" />
    <TestList name="All Loaded Results" id="19431567-8539-422a-85d7-44ee4e166bda" />
  </TestLists>
  <TestEntries>
    <TestEntry testId="0c517cea-1b2c-b3b4-eed6-ef0adee4e641" executionId="a555c0cb-7708-4705-9cea-3ded78b26bc4" testListId="8c84fa94-04c1-424b-9868-57a2d4851a1d" />
    <TestEntry testId="1201ad84-382d-44d0-1ec6-32d4144e1760" executionId="0f26d429-0451-4472-8e9a-0e9f3500f653" testListId="8c84fa94-04c1-424b-9868-57a2d4851a1d" />
    <TestEntry testId="28f0b300-43df-df58-20b1-fe498a87ea0c" executionId="53615203-0a2e-44b1-b688-b3e2caabacb6" testListId="8c84fa94-04c1-424b-9868-57a2d4851a1d" />
    <TestEntry testId="3066ccc4-335d-88fc-d2aa-f90345048216" executionId="257edac3-cad7-4959-8203-ae8ceba5919d" testListId="8c84fa94-04c1-424b-9868-57a2d4851a1d" />
    <TestEntry testId="37be030d-0767-d74d-0bdb-772f36e51f2d" executionId="c71b0bc1-71a8-4550-8bc4-d19b09c32be6" testListId="8c84fa94-04c1-424b-9868-57a2d4851a1d" />
    <TestEntry testId="5c83ec1f-176d-44aa-c3ce-4656ea925732" executionId="1634fe99-331f-4657-86cb-948ca1b3003a" testListId="8c84fa94-04c1-424b-9868-57a2d4851a1d" />
    <TestEntry testId="6ac98c11-7f26-c092-5eb3-7da2cc561ac2" executionId="77362165-91c7-411f-995f-266818822d65" testListId="8c84fa94-04c1-424b-9868-57a2d4851a1d" />
    <TestEntry testId="6c049101-2c65-c774-7cc1-38a25667ce78" executionId="6efaec03-e428-46ad-bd53-ee27926826c8" testListId="8c84fa94-04c1-424b-9868-57a2d4851a1d" />
    <TestEntry testId="704cdaac-ac7c-4e94-af5b-3f6b9c432f38" executionId="f764b8e6-07e2-4d50-8755-3d665faa27b8" testListId="8c84fa94-04c1-424b-9868-57a2d4851a1d" />
    <TestEntry testId="8209c04f-dcd2-7695-2208-f708cd488df9" executionId="c53738e9-044c-4281-9da9-623486b96bf1" testListId="8c84fa94-04c1-424b-9868-57a2d4851a1d" />
    <TestEntry testId="8fd45f5e-65cb-27bc-d561-88c75a4fd117" executionId="2d03fa39-cd1e-4943-a1d7-5c9f9b7f39a7" testListId="8c84fa94-04c1-424b-9868-57a2d4851a1d" />
    <TestEntry testId="b2929c2d-f953-21ba-87f3-4b1425e28c94" executionId="5144da5b-9d11-4df6-aabd-582e4d2598c4" testListId="8c84fa94-04c1-424b-9868-57a2d4851a1d" />
    <TestEntry testId="b3d1d811-2c26-7d8b-665b-702049d63015" executionId="6120ccf8-2f33-40d0-be14-fb5c091d149d" testListId="8c84fa94-04c1-424b-9868-57a2d4851a1d" />
    <TestEntry testId="bffeae59-bfaa-1b04-507e-f4c66f33e549" executionId="80d77632-9ee9-4305-af90-c1d17b6bf98b" testListId="8c84fa94-04c1-424b-9868-57a2d4851a1d" />
    <TestEntry testId="cd6796a7-52ee-3c06-e33f-822eb9305e5c" executionId="1ddfe1c7-5070-4d63-b4e5-eff728fa9be8" testListId="8c84fa94-04c1-424b-9868-57a2d4851a1d" />
    <TestEntry testId="d35d6bab-9284-b0ec-b5d5-bcb0a4f3a010" executionId="20d5eca7-97c1-4e97-82be-f00754f5709b" testListId="8c84fa94-04c1-424b-9868-57a2d4851a1d" />
    <TestEntry testId="e9e4e746-2288-cc2e-1e96-e70127638202" executionId="735bc826-0727-49a6-acf3-6a2c8bada901" testListId="8c84fa94-04c1-424b-9868-57a2d4851a1d" />
    <TestEntry testId="ea4b6f36-8015-2c3a-bc40-5b4bc5bead08" executionId="546dc58c-089d-4c8e-9d28-c4a0a7d4ec00" testListId="8c84fa94-04c1-424b-9868-57a2d4851a1d" />
  </TestEntries>
  <Results>
    <UnitTestResult executionId="a555c0cb-7708-4705-9cea-3ded78b26bc4" testId="0c517cea-1b2c-b3b4-eed6-ef0adee4e641" testName="UpdateRoleTest3" computerName="WAYNE-PC" duration="00:00:00.1197520" startTime="2015-01-13T15:16:23.0629381+01:00" endTime="2015-01-13T15:16:23.3281386+01:00" testType="13cdc9d9-ddb5-4fa4-a97d-d965ccfc6d4b" outcome="Passed" testListId="8c84fa94-04c1-424b-9868-57a2d4851a1d" relativeResultsDirectory="a555c0cb-7708-4705-9cea-3ded78b26bc4">
    </UnitTestResult>
    <UnitTestResult executionId="0f26d429-0451-4472-8e9a-0e9f3500f653" testId="1201ad84-382d-44d0-1ec6-32d4144e1760" testName="AddRoleTest3" computerName="WAYNE-PC" duration="00:00:00.0056508" startTime="2015-01-13T15:16:23.3437386+01:00" endTime="2015-01-13T15:16:23.3437386+01:00" testType="13cdc9d9-ddb5-4fa4-a97d-d965ccfc6d4b" outcome="Passed" testListId="8c84fa94-04c1-424b-9868-57a2d4851a1d" relativeResultsDirectory="0f26d429-0451-4472-8e9a-0e9f3500f653">
    </UnitTestResult>
    <UnitTestResult executionId="53615203-0a2e-44b1-b688-b3e2caabacb6" testId="28f0b300-43df-df58-20b1-fe498a87ea0c" testName="UpdateRoleTest5" computerName="WAYNE-PC" duration="00:00:00.0043958" startTime="2015-01-13T15:16:23.3437386+01:00" endTime="2015-01-13T15:16:23.3593387+01:00" testType="13cdc9d9-ddb5-4fa4-a97d-d965ccfc6d4b" outcome="Passed" testListId="8c84fa94-04c1-424b-9868-57a2d4851a1d" relativeResultsDirectory="53615203-0a2e-44b1-b688-b3e2caabacb6">
    </UnitTestResult>
    <UnitTestResult executionId="257edac3-cad7-4959-8203-ae8ceba5919d" testId="3066ccc4-335d-88fc-d2aa-f90345048216" testName="AddRoleTest6" computerName="WAYNE-PC" duration="00:00:00.0027849" startTime="2015-01-13T15:16:23.3593387+01:00" endTime="2015-01-13T15:16:23.3593387+01:00" testType="13cdc9d9-ddb5-4fa4-a97d-d965ccfc6d4b" outcome="Passed" testListId="8c84fa94-04c1-424b-9868-57a2d4851a1d" relativeResultsDirectory="257edac3-cad7-4959-8203-ae8ceba5919d">
    </UnitTestResult>
    <UnitTestResult executionId="c71b0bc1-71a8-4550-8bc4-d19b09c32be6" testId="37be030d-0767-d74d-0bdb-772f36e51f2d" testName="AddRoleTest7" computerName="WAYNE-PC" duration="00:00:00.0025592" startTime="2015-01-13T15:16:23.3593387+01:00" endTime="2015-01-13T15:16:23.3593387+01:00" testType="13cdc9d9-ddb5-4fa4-a97d-d965ccfc6d4b" outcome="Passed" testListId="8c84fa94-04c1-424b-9868-57a2d4851a1d" relativeResultsDirectory="c71b0bc1-71a8-4550-8bc4-d19b09c32be6">
    </UnitTestResult>
    <UnitTestResult executionId="1634fe99-331f-4657-86cb-948ca1b3003a" testId="5c83ec1f-176d-44aa-c3ce-4656ea925732" testName="AddRoleTest2" computerName="WAYNE-PC" duration="00:00:00.0035387" startTime="2015-01-13T15:16:23.3749387+01:00" endTime="2015-01-13T15:16:23.3749387+01:00" testType="13cdc9d9-ddb5-4fa4-a97d-d965ccfc6d4b" outcome="Passed" testListId="8c84fa94-04c1-424b-9868-57a2d4851a1d" relativeResultsDirectory="1634fe99-331f-4657-86cb-948ca1b3003a">
    </UnitTestResult>
    <UnitTestResult executionId="77362165-91c7-411f-995f-266818822d65" testId="6ac98c11-7f26-c092-5eb3-7da2cc561ac2" testName="AddRoleTest1" computerName="WAYNE-PC" duration="00:00:00.0028962" startTime="2015-01-13T15:16:23.3749387+01:00" endTime="2015-01-13T15:16:23.3749387+01:00" testType="13cdc9d9-ddb5-4fa4-a97d-d965ccfc6d4b" outcome="Passed" testListId="8c84fa94-04c1-424b-9868-57a2d4851a1d" relativeResultsDirectory="77362165-91c7-411f-995f-266818822d65">
    </UnitTestResult>
    <UnitTestResult executionId="6efaec03-e428-46ad-bd53-ee27926826c8" testId="6c049101-2c65-c774-7cc1-38a25667ce78" testName="UpdateRoleTest1" computerName="WAYNE-PC" duration="00:00:00.0028326" startTime="2015-01-13T15:16:23.3749387+01:00" endTime="2015-01-13T15:16:23.3905387+01:00" testType="13cdc9d9-ddb5-4fa4-a97d-d965ccfc6d4b" outcome="Passed" testListId="8c84fa94-04c1-424b-9868-57a2d4851a1d" relativeResultsDirectory="6efaec03-e428-46ad-bd53-ee27926826c8">
    </UnitTestResult>
    <UnitTestResult executionId="f764b8e6-07e2-4d50-8755-3d665faa27b8" testId="704cdaac-ac7c-4e94-af5b-3f6b9c432f38" testName="UpdateRoleTest2" computerName="WAYNE-PC" duration="00:00:00.0026860" startTime="2015-01-13T15:16:23.3905387+01:00" endTime="2015-01-13T15:16:23.3905387+01:00" testType="13cdc9d9-ddb5-4fa4-a97d-d965ccfc6d4b" outcome="Passed" testListId="8c84fa94-04c1-424b-9868-57a2d4851a1d" relativeResultsDirectory="f764b8e6-07e2-4d50-8755-3d665faa27b8">
    </UnitTestResult>
    <UnitTestResult executionId="c53738e9-044c-4281-9da9-623486b96bf1" testId="8209c04f-dcd2-7695-2208-f708cd488df9" testName="ReadRoleTest2" computerName="WAYNE-PC" duration="00:00:00.0038301" startTime="2015-01-13T15:16:23.3905387+01:00" endTime="2015-01-13T15:16:23.4061387+01:00" testType="13cdc9d9-ddb5-4fa4-a97d-d965ccfc6d4b" outcome="Passed" testListId="8c84fa94-04c1-424b-9868-57a2d4851a1d" relativeResultsDirectory="c53738e9-044c-4281-9da9-623486b96bf1">
    </UnitTestResult>
    <UnitTestResult executionId="2d03fa39-cd1e-4943-a1d7-5c9f9b7f39a7" testId="8fd45f5e-65cb-27bc-d561-88c75a4fd117" testName="DeleteRoleTest1" computerName="WAYNE-PC" duration="00:00:00.0035071" startTime="2015-01-13T15:16:23.4061387+01:00" endTime="2015-01-13T15:16:23.4217388+01:00" testType="13cdc9d9-ddb5-4fa4-a97d-d965ccfc6d4b" outcome="Passed" testListId="8c84fa94-04c1-424b-9868-57a2d4851a1d" relativeResultsDirectory="2d03fa39-cd1e-4943-a1d7-5c9f9b7f39a7">
    </UnitTestResult>
    <UnitTestResult executionId="5144da5b-9d11-4df6-aabd-582e4d2598c4" testId="b2929c2d-f953-21ba-87f3-4b1425e28c94" testName="AddRoleTest4" computerName="WAYNE-PC" duration="00:00:00.0034824" startTime="2015-01-13T15:16:23.4217388+01:00" endTime="2015-01-13T15:16:23.4373388+01:00" testType="13cdc9d9-ddb5-4fa4-a97d-d965ccfc6d4b" outcome="Passed" testListId="8c84fa94-04c1-424b-9868-57a2d4851a1d" relativeResultsDirectory="5144da5b-9d11-4df6-aabd-582e4d2598c4">
    </UnitTestResult>
    <UnitTestResult executionId="6120ccf8-2f33-40d0-be14-fb5c091d149d" testId="b3d1d811-2c26-7d8b-665b-702049d63015" testName="UpdateRoleTest6" computerName="WAYNE-PC" duration="00:00:00.0039057" startTime="2015-01-13T15:16:23.4373388+01:00" endTime="2015-01-13T15:16:23.4373388+01:00" testType="13cdc9d9-ddb5-4fa4-a97d-d965ccfc6d4b" outcome="Passed" testListId="8c84fa94-04c1-424b-9868-57a2d4851a1d" relativeResultsDirectory="6120ccf8-2f33-40d0-be14-fb5c091d149d">
    </UnitTestResult>
    <UnitTestResult executionId="80d77632-9ee9-4305-af90-c1d17b6bf98b" testId="bffeae59-bfaa-1b04-507e-f4c66f33e549" testName="DeleteRoleTest2" computerName="WAYNE-PC" duration="00:00:00.0028790" startTime="2015-01-13T15:16:23.4373388+01:00" endTime="2015-01-13T15:16:23.4373388+01:00" testType="13cdc9d9-ddb5-4fa4-a97d-d965ccfc6d4b" outcome="Passed" testListId="8c84fa94-04c1-424b-9868-57a2d4851a1d" relativeResultsDirectory="80d77632-9ee9-4305-af90-c1d17b6bf98b">
    </UnitTestResult>
    <UnitTestResult executionId="1ddfe1c7-5070-4d63-b4e5-eff728fa9be8" testId="cd6796a7-52ee-3c06-e33f-822eb9305e5c" testName="ReadRoleTest1" computerName="WAYNE-PC" duration="00:00:00.0037583" startTime="2015-01-13T15:16:23.4529388+01:00" endTime="2015-01-13T15:16:23.4529388+01:00" testType="13cdc9d9-ddb5-4fa4-a97d-d965ccfc6d4b" outcome="Passed" testListId="8c84fa94-04c1-424b-9868-57a2d4851a1d" relativeResultsDirectory="1ddfe1c7-5070-4d63-b4e5-eff728fa9be8">
    </UnitTestResult>
    <UnitTestResult executionId="20d5eca7-97c1-4e97-82be-f00754f5709b" testId="d35d6bab-9284-b0ec-b5d5-bcb0a4f3a010" testName="AddRoleTest5" computerName="WAYNE-PC" duration="00:00:00.0028042" startTime="2015-01-13T15:16:23.4529388+01:00" endTime="2015-01-13T15:16:23.4529388+01:00" testType="13cdc9d9-ddb5-4fa4-a97d-d965ccfc6d4b" outcome="Passed" testListId="8c84fa94-04c1-424b-9868-57a2d4851a1d" relativeResultsDirectory="20d5eca7-97c1-4e97-82be-f00754f5709b">
    </UnitTestResult>
    <UnitTestResult executionId="735bc826-0727-49a6-acf3-6a2c8bada901" testId="e9e4e746-2288-cc2e-1e96-e70127638202" testName="UpdateRoleTest7" computerName="WAYNE-PC" duration="00:00:00.0030083" startTime="2015-01-13T15:16:23.4529388+01:00" endTime="2015-01-13T15:16:23.4685389+01:00" testType="13cdc9d9-ddb5-4fa4-a97d-d965ccfc6d4b" outcome="Passed" testListId="8c84fa94-04c1-424b-9868-57a2d4851a1d" relativeResultsDirectory="735bc826-0727-49a6-acf3-6a2c8bada901">
    </UnitTestResult>
    <UnitTestResult executionId="546dc58c-089d-4c8e-9d28-c4a0a7d4ec00" testId="ea4b6f36-8015-2c3a-bc40-5b4bc5bead08" testName="UpdateRoleTest4" computerName="WAYNE-PC" duration="00:00:00.0029832" startTime="2015-01-13T15:16:23.4685389+01:00" endTime="2015-01-13T15:16:23.4685389+01:00" testType="13cdc9d9-ddb5-4fa4-a97d-d965ccfc6d4b" outcome="Passed" testListId="8c84fa94-04c1-424b-9868-57a2d4851a1d" relativeResultsDirectory="546dc58c-089d-4c8e-9d28-c4a0a7d4ec00">
    </UnitTestResult>
  </Results>
</TestRun>