<?xml version="1.0" encoding="UTF-8"?>
<TestRun id="0c364eff-8fcb-4c37-a32b-ea411692166a" name="Wayne@WAYNE-PC 2015-01-06 20:49:26" runUser="Wayne-PC\Wayne" xmlns="http://microsoft.com/schemas/VisualStudio/TeamTest/2010">
  <TestSettings name="Default Test Settings" id="15086c06-22b8-4efc-a6da-689a1689479f">
    <Deployment runDeploymentRoot="Wayne_WAYNE-PC 2015-01-06 20_49_26">
      <DeploymentItem filename="C:\Users\Wayne\Desktop\SE-Solution\Traders Marketplace\BusinessLogic\bin\Debug\BusinessLogic.dll" />
      <DeploymentItem filename="C:\Users\Wayne\Desktop\SE-Solution\Traders Marketplace\packages\EntityFramework.4.1.10331.0\lib\EntityFramework.dll" />
      <DeploymentItem filename="C:\Users\Wayne\Desktop\SE-Solution\Traders Marketplace\Common\bin\Debug\Common.dll" />
      <DeploymentItem filename="C:\Users\Wayne\Desktop\SE-Solution\Traders Marketplace\Traders Marketplace\bin\Traders Marketplace.dll" />
      <DeploymentItem filename="C:\Users\Wayne\Desktop\SE-Solution\Traders Marketplace\DataAccess\bin\Debug\DataAccess.dll" />
    </Deployment>
    <Execution>
      <TestTypeSpecific />
      <AgentRule name="Execution Agents">
      </AgentRule>
    </Execution>
  </TestSettings>
  <Times creation="2015-01-06T20:49:26.6889780+01:00" queuing="2015-01-06T20:49:29.0849823+01:00" start="2015-01-06T20:49:29.2049825+01:00" finish="2015-01-06T20:50:14.5230754+01:00" />
  <ResultSummary outcome="Error">
    <Counters total="1" executed="1" error="0" failed="0" timeout="0" aborted="1" inconclusive="0" passedButRunAborted="0" notRunnable="0" notExecuted="0" disconnected="0" warning="0" passed="0" completed="0" inProgress="0" pending="0" />
    <RunInfos>
      <RunInfo computerName="WAYNE-PC" outcome="Error" timestamp="2015-01-06T20:50:14.5230754+01:00">
        <Text>Test host process exited unexpectedly.</Text>
      </RunInfo>
    </RunInfos>
  </ResultSummary>
  <TestDefinitions>
    <UnitTest name="UpdateRoleTest1" storage="c:\users\wayne\desktop\se-solution\traders marketplace\traders marketplace.tests\bin\debug\traders marketplace.tests.dll" id="6c049101-2c65-c774-7cc1-38a25667ce78">
      <Execution id="2cf6a68f-b65e-42ee-a401-f4331ec674ca" />
      <TestMethod codeBase="C:/Users/Wayne/Desktop/SE-Solution/Traders Marketplace/Traders Marketplace.Tests/bin/Debug/Traders Marketplace.Tests.DLL" adapterTypeName="Microsoft.VisualStudio.TestTools.TestTypes.Unit.UnitTestAdapter, Microsoft.VisualStudio.QualityTools.Tips.UnitTest.Adapter, Version=10.0.0.0, Culture=neutral, PublicKeyToken=b03f5f7f11d50a3a" className="Traders_Marketplace.Tests.RolesTest, Traders Marketplace.Tests, Version=1.0.0.0, Culture=neutral, PublicKeyToken=null" name="UpdateRoleTest1" />
    </UnitTest>
  </TestDefinitions>
  <TestLists>
    <TestList name="Results Not in a List" id="8c84fa94-04c1-424b-9868-57a2d4851a1d" />
    <TestList name="All Loaded Results" id="19431567-8539-422a-85d7-44ee4e166bda" />
  </TestLists>
  <TestEntries>
    <TestEntry testId="6c049101-2c65-c774-7cc1-38a25667ce78" executionId="2cf6a68f-b65e-42ee-a401-f4331ec674ca" testListId="8c84fa94-04c1-424b-9868-57a2d4851a1d" />
  </TestEntries>
  <Results>
    <UnitTestResult executionId="2cf6a68f-b65e-42ee-a401-f4331ec674ca" testId="6c049101-2c65-c774-7cc1-38a25667ce78" testName="UpdateRoleTest1" computerName="WAYNE-PC" duration="00:00:45.2080928" startTime="2015-01-06T20:49:29.3149826+01:00" endTime="2015-01-06T20:50:14.5230754+01:00" testType="13cdc9d9-ddb5-4fa4-a97d-d965ccfc6d4b" outcome="Aborted" testListId="8c84fa94-04c1-424b-9868-57a2d4851a1d" relativeResultsDirectory="2cf6a68f-b65e-42ee-a401-f4331ec674ca">
    </UnitTestResult>
  </Results>
</TestRun>