<?xml version="1.0" encoding="UTF-8"?>
<TestRun id="5be5daf8-89c8-40ad-9cf9-84a599e54008" name="Wayne@WAYNE-PC 2015-01-14 19:05:03" runUser="Wayne-PC\Wayne" xmlns="http://microsoft.com/schemas/VisualStudio/TeamTest/2010">
  <TestSettings name="Default Test Settings" id="ac0d12c6-d912-47bc-99d5-4697a528ed04">
    <Deployment runDeploymentRoot="Wayne_WAYNE-PC 2015-01-14 19_05_03">
      <DeploymentItem filename="C:\Users\Wayne\Desktop\SE-Solution\Traders Marketplace\BusinessLogic\bin\Debug\BusinessLogic.dll" />
      <DeploymentItem filename="C:\Users\Wayne\Desktop\SE-Solution\Traders Marketplace\packages\EntityFramework.4.1.10331.0\lib\EntityFramework.dll" />
      <DeploymentItem filename="C:\Users\Wayne\Desktop\SE-Solution\Traders Marketplace\Common\bin\Debug\Common.dll" />
      <DeploymentItem filename="C:\Users\Wayne\Desktop\SE-Solution\Traders Marketplace\Traders Marketplace\bin\Traders Marketplace.dll" />
      <DeploymentItem filename="C:\Users\Wayne\Desktop\SE-Solution\Traders Marketplace\DataAccess\bin\Debug\DataAccess.dll" />
    </Deployment>
    <Execution>
      <TestTypeSpecific />
      <AgentRule name="Execution Agents">
      </AgentRule>
    </Execution>
  </TestSettings>
  <Times creation="2015-01-14T19:05:03.3298547+01:00" queuing="2015-01-14T19:05:04.7431251+01:00" start="2015-01-14T19:05:04.7521256+01:00" finish="2015-01-14T19:05:05.2035480+01:00" />
  <ResultSummary outcome="Completed">
    <Counters total="1" executed="1" passed="1" error="0" failed="0" timeout="0" aborted="0" inconclusive="0" passedButRunAborted="0" notRunnable="0" notExecuted="0" disconnected="0" warning="0" completed="0" inProgress="0" pending="0" />
  </ResultSummary>
  <TestDefinitions>
    <UnitTest name="UpdateRole_IndependentPath1" storage="c:\users\wayne\desktop\se-solution\traders marketplace\traders marketplace.tests\bin\debug\traders marketplace.tests.dll" id="258a7d1d-f3ee-203a-c6e6-f1d8ed5af987">
      <Execution id="39ce4d6e-546c-4347-81da-761f857aa7dd" />
      <TestMethod codeBase="C:/Users/Wayne/Desktop/SE-Solution/Traders Marketplace/Traders Marketplace.Tests/bin/Debug/Traders Marketplace.Tests.DLL" adapterTypeName="Microsoft.VisualStudio.TestTools.TestTypes.Unit.UnitTestAdapter, Microsoft.VisualStudio.QualityTools.Tips.UnitTest.Adapter, Version=10.0.0.0, Culture=neutral, PublicKeyToken=b03f5f7f11d50a3a" className="Traders_Marketplace.Tests.RolesTest, Traders Marketplace.Tests, Version=1.0.0.0, Culture=neutral, PublicKeyToken=null" name="UpdateRole_IndependentPath1" />
    </UnitTest>
  </TestDefinitions>
  <TestLists>
    <TestList name="Results Not in a List" id="8c84fa94-04c1-424b-9868-57a2d4851a1d" />
    <TestList name="All Loaded Results" id="19431567-8539-422a-85d7-44ee4e166bda" />
  </TestLists>
  <TestEntries>
    <TestEntry testId="258a7d1d-f3ee-203a-c6e6-f1d8ed5af987" executionId="39ce4d6e-546c-4347-81da-761f857aa7dd" testListId="8c84fa94-04c1-424b-9868-57a2d4851a1d" />
  </TestEntries>
  <Results>
    <UnitTestResult executionId="39ce4d6e-546c-4347-81da-761f857aa7dd" testId="258a7d1d-f3ee-203a-c6e6-f1d8ed5af987" testName="UpdateRole_IndependentPath1" computerName="WAYNE-PC" duration="00:00:00.2189145" startTime="2015-01-14T19:05:04.7551258+01:00" endTime="2015-01-14T19:05:05.1785466+01:00" testType="13cdc9d9-ddb5-4fa4-a97d-d965ccfc6d4b" outcome="Passed" testListId="8c84fa94-04c1-424b-9868-57a2d4851a1d" relativeResultsDirectory="39ce4d6e-546c-4347-81da-761f857aa7dd">
    </UnitTestResult>
  </Results>
</TestRun>