<?xml version="1.0" encoding="UTF-8"?>
<TestRun id="f1394140-72dd-4415-b40b-0972fe545823" name="Wayne@WAYNE-PC 2015-01-14 18:49:42" runUser="Wayne-PC\Wayne" xmlns="http://microsoft.com/schemas/VisualStudio/TeamTest/2010">
  <TestSettings name="Default Test Settings" id="5e456163-282d-4961-8047-06e96f8772af">
    <Deployment runDeploymentRoot="Wayne_WAYNE-PC 2015-01-14 18_49_42">
      <DeploymentItem filename="C:\Users\Wayne\Desktop\SE-Solution\Traders Marketplace\BusinessLogic\bin\Debug\BusinessLogic.dll" />
      <DeploymentItem filename="C:\Users\Wayne\Desktop\SE-Solution\Traders Marketplace\packages\EntityFramework.4.1.10331.0\lib\EntityFramework.dll" />
      <DeploymentItem filename="C:\Users\Wayne\Desktop\SE-Solution\Traders Marketplace\Common\bin\Debug\Common.dll" />
      <DeploymentItem filename="C:\Users\Wayne\Desktop\SE-Solution\Traders Marketplace\Traders Marketplace\bin\Traders Marketplace.dll" />
      <DeploymentItem filename="C:\Users\Wayne\Desktop\SE-Solution\Traders Marketplace\DataAccess\bin\Debug\DataAccess.dll" />
    </Deployment>
    <Execution>
      <TestTypeSpecific />
      <AgentRule name="Execution Agents">
      </AgentRule>
    </Execution>
  </TestSettings>
  <Times creation="2015-01-14T18:49:42.4137839+01:00" queuing="2015-01-14T18:49:44.0002711+01:00" start="2015-01-14T18:49:44.0158712+01:00" finish="2015-01-14T18:49:46.2622751+01:00" />
  <ResultSummary outcome="Completed">
    <Counters total="24" executed="24" passed="24" error="0" failed="0" timeout="0" aborted="0" inconclusive="0" passedButRunAborted="0" notRunnable="0" notExecuted="0" disconnected="0" warning="0" completed="0" inProgress="0" pending="0" />
  </ResultSummary>
  <TestDefinitions>
    <UnitTest name="AddRole_IndependentPath2" storage="c:\users\wayne\desktop\se-solution\traders marketplace\traders marketplace.tests\bin\debug\traders marketplace.tests.dll" id="b033d028-3524-c930-6034-3dc42ba11bff">
      <Execution id="f1df03c5-482c-46db-8c6b-541647009f42" />
      <TestMethod codeBase="C:/Users/Wayne/Desktop/SE-Solution/Traders Marketplace/Traders Marketplace.Tests/bin/Debug/Traders Marketplace.Tests.DLL" adapterTypeName="Microsoft.VisualStudio.TestTools.TestTypes.Unit.UnitTestAdapter, Microsoft.VisualStudio.QualityTools.Tips.UnitTest.Adapter, Version=10.0.0.0, Culture=neutral, PublicKeyToken=b03f5f7f11d50a3a" className="Traders_Marketplace.Tests.RolesTest, Traders Marketplace.Tests, Version=1.0.0.0, Culture=neutral, PublicKeyToken=null" name="AddRole_IndependentPath2" />
    </UnitTest>
    <UnitTest name="DeleteRole_IndependentPath1" storage="c:\users\wayne\desktop\se-solution\traders marketplace\traders marketplace.tests\bin\debug\traders marketplace.tests.dll" id="047c2c40-015c-e4f3-8bca-f58055d7e56d">
      <Execution id="897a754a-6182-4836-998c-9b83ca67a366" />
      <TestMethod codeBase="C:/Users/Wayne/Desktop/SE-Solution/Traders Marketplace/Traders Marketplace.Tests/bin/Debug/Traders Marketplace.Tests.DLL" adapterTypeName="Microsoft.VisualStudio.TestTools.TestTypes.Unit.UnitTestAdapter, Microsoft.VisualStudio.QualityTools.Tips.UnitTest.Adapter, Version=10.0.0.0, Culture=neutral, PublicKeyToken=b03f5f7f11d50a3a" className="Traders_Marketplace.Tests.RolesTest, Traders Marketplace.Tests, Version=1.0.0.0, Culture=neutral, PublicKeyToken=null" name="DeleteRole_IndependentPath1" />
    </UnitTest>
    <UnitTest name="UpdateRoleTest3" storage="c:\users\wayne\desktop\se-solution\traders marketplace\traders marketplace.tests\bin\debug\traders marketplace.tests.dll" id="0c517cea-1b2c-b3b4-eed6-ef0adee4e641">
      <Execution id="d95e4ec7-73d5-41ea-9020-5206374ec3a2" />
      <TestMethod codeBase="C:/Users/Wayne/Desktop/SE-Solution/Traders Marketplace/Traders Marketplace.Tests/bin/Debug/Traders Marketplace.Tests.DLL" adapterTypeName="Microsoft.VisualStudio.TestTools.TestTypes.Unit.UnitTestAdapter, Microsoft.VisualStudio.QualityTools.Tips.UnitTest.Adapter, Version=10.0.0.0, Culture=neutral, PublicKeyToken=b03f5f7f11d50a3a" className="Traders_Marketplace.Tests.RolesTest, Traders Marketplace.Tests, Version=1.0.0.0, Culture=neutral, PublicKeyToken=null" name="UpdateRoleTest3" />
    </UnitTest>
    <UnitTest name="AddRoleTest1" storage="c:\users\wayne\desktop\se-solution\traders marketplace\traders marketplace.tests\bin\debug\traders marketplace.tests.dll" id="6ac98c11-7f26-c092-5eb3-7da2cc561ac2">
      <Execution id="b9b99aef-4836-48c5-8d13-05f05547d12a" />
      <TestMethod codeBase="C:/Users/Wayne/Desktop/SE-Solution/Traders Marketplace/Traders Marketplace.Tests/bin/Debug/Traders Marketplace.Tests.DLL" adapterTypeName="Microsoft.VisualStudio.TestTools.TestTypes.Unit.UnitTestAdapter, Microsoft.VisualStudio.QualityTools.Tips.UnitTest.Adapter, Version=10.0.0.0, Culture=neutral, PublicKeyToken=b03f5f7f11d50a3a" className="Traders_Marketplace.Tests.RolesTest, Traders Marketplace.Tests, Version=1.0.0.0, Culture=neutral, PublicKeyToken=null" name="AddRoleTest1" />
    </UnitTest>
    <UnitTest name="UpdateRoleTest4" storage="c:\users\wayne\desktop\se-solution\traders marketplace\traders marketplace.tests\bin\debug\traders marketplace.tests.dll" id="ea4b6f36-8015-2c3a-bc40-5b4bc5bead08">
      <Execution id="572df618-0bb9-485d-8cc4-90ef659d92ff" />
      <TestMethod codeBase="C:/Users/Wayne/Desktop/SE-Solution/Traders Marketplace/Traders Marketplace.Tests/bin/Debug/Traders Marketplace.Tests.DLL" adapterTypeName="Microsoft.VisualStudio.TestTools.TestTypes.Unit.UnitTestAdapter, Microsoft.VisualStudio.QualityTools.Tips.UnitTest.Adapter, Version=10.0.0.0, Culture=neutral, PublicKeyToken=b03f5f7f11d50a3a" className="Traders_Marketplace.Tests.RolesTest, Traders Marketplace.Tests, Version=1.0.0.0, Culture=neutral, PublicKeyToken=null" name="UpdateRoleTest4" />
    </UnitTest>
    <UnitTest name="AddRoleTest2" storage="c:\users\wayne\desktop\se-solution\traders marketplace\traders marketplace.tests\bin\debug\traders marketplace.tests.dll" id="5c83ec1f-176d-44aa-c3ce-4656ea925732">
      <Execution id="94421993-ca66-4a43-87ff-d8eadcdd3afa" />
      <TestMethod codeBase="C:/Users/Wayne/Desktop/SE-Solution/Traders Marketplace/Traders Marketplace.Tests/bin/Debug/Traders Marketplace.Tests.DLL" adapterTypeName="Microsoft.VisualStudio.TestTools.TestTypes.Unit.UnitTestAdapter, Microsoft.VisualStudio.QualityTools.Tips.UnitTest.Adapter, Version=10.0.0.0, Culture=neutral, PublicKeyToken=b03f5f7f11d50a3a" className="Traders_Marketplace.Tests.RolesTest, Traders Marketplace.Tests, Version=1.0.0.0, Culture=neutral, PublicKeyToken=null" name="AddRoleTest2" />
    </UnitTest>
    <UnitTest name="AddRoleTest7" storage="c:\users\wayne\desktop\se-solution\traders marketplace\traders marketplace.tests\bin\debug\traders marketplace.tests.dll" id="37be030d-0767-d74d-0bdb-772f36e51f2d">
      <Execution id="10597ee8-17ad-4862-8d02-3f7248fadf00" />
      <TestMethod codeBase="C:/Users/Wayne/Desktop/SE-Solution/Traders Marketplace/Traders Marketplace.Tests/bin/Debug/Traders Marketplace.Tests.DLL" adapterTypeName="Microsoft.VisualStudio.TestTools.TestTypes.Unit.UnitTestAdapter, Microsoft.VisualStudio.QualityTools.Tips.UnitTest.Adapter, Version=10.0.0.0, Culture=neutral, PublicKeyToken=b03f5f7f11d50a3a" className="Traders_Marketplace.Tests.RolesTest, Traders Marketplace.Tests, Version=1.0.0.0, Culture=neutral, PublicKeyToken=null" name="AddRoleTest7" />
    </UnitTest>
    <UnitTest name="AddRoleTest3" storage="c:\users\wayne\desktop\se-solution\traders marketplace\traders marketplace.tests\bin\debug\traders marketplace.tests.dll" id="1201ad84-382d-44d0-1ec6-32d4144e1760">
      <Execution id="51ca219b-37e0-4b48-8bfe-658ad7f54ad8" />
      <TestMethod codeBase="C:/Users/Wayne/Desktop/SE-Solution/Traders Marketplace/Traders Marketplace.Tests/bin/Debug/Traders Marketplace.Tests.DLL" adapterTypeName="Microsoft.VisualStudio.TestTools.TestTypes.Unit.UnitTestAdapter, Microsoft.VisualStudio.QualityTools.Tips.UnitTest.Adapter, Version=10.0.0.0, Culture=neutral, PublicKeyToken=b03f5f7f11d50a3a" className="Traders_Marketplace.Tests.RolesTest, Traders Marketplace.Tests, Version=1.0.0.0, Culture=neutral, PublicKeyToken=null" name="AddRoleTest3" />
    </UnitTest>
    <UnitTest name="AddRoleTest4" storage="c:\users\wayne\desktop\se-solution\traders marketplace\traders marketplace.tests\bin\debug\traders marketplace.tests.dll" id="b2929c2d-f953-21ba-87f3-4b1425e28c94">
      <Execution id="8c125eaa-989c-4460-844a-1adf7fa81a19" />
      <TestMethod codeBase="C:/Users/Wayne/Desktop/SE-Solution/Traders Marketplace/Traders Marketplace.Tests/bin/Debug/Traders Marketplace.Tests.DLL" adapterTypeName="Microsoft.VisualStudio.TestTools.TestTypes.Unit.UnitTestAdapter, Microsoft.VisualStudio.QualityTools.Tips.UnitTest.Adapter, Version=10.0.0.0, Culture=neutral, PublicKeyToken=b03f5f7f11d50a3a" className="Traders_Marketplace.Tests.RolesTest, Traders Marketplace.Tests, Version=1.0.0.0, Culture=neutral, PublicKeyToken=null" name="AddRoleTest4" />
    </UnitTest>
    <UnitTest name="DeleteRoleTest2" storage="c:\users\wayne\desktop\se-solution\traders marketplace\traders marketplace.tests\bin\debug\traders marketplace.tests.dll" id="bffeae59-bfaa-1b04-507e-f4c66f33e549">
      <Execution id="eca10942-775d-4034-a524-f3d98ff232ee" />
      <TestMethod codeBase="C:/Users/Wayne/Desktop/SE-Solution/Traders Marketplace/Traders Marketplace.Tests/bin/Debug/Traders Marketplace.Tests.DLL" adapterTypeName="Microsoft.VisualStudio.TestTools.TestTypes.Unit.UnitTestAdapter, Microsoft.VisualStudio.QualityTools.Tips.UnitTest.Adapter, Version=10.0.0.0, Culture=neutral, PublicKeyToken=b03f5f7f11d50a3a" className="Traders_Marketplace.Tests.RolesTest, Traders Marketplace.Tests, Version=1.0.0.0, Culture=neutral, PublicKeyToken=null" name="DeleteRoleTest2" />
    </UnitTest>
    <UnitTest name="UpdateRoleTest5" storage="c:\users\wayne\desktop\se-solution\traders marketplace\traders marketplace.tests\bin\debug\traders marketplace.tests.dll" id="28f0b300-43df-df58-20b1-fe498a87ea0c">
      <Execution id="7b29d87b-609c-47c9-a658-45feb209369b" />
      <TestMethod codeBase="C:/Users/Wayne/Desktop/SE-Solution/Traders Marketplace/Traders Marketplace.Tests/bin/Debug/Traders Marketplace.Tests.DLL" adapterTypeName="Microsoft.VisualStudio.TestTools.TestTypes.Unit.UnitTestAdapter, Microsoft.VisualStudio.QualityTools.Tips.UnitTest.Adapter, Version=10.0.0.0, Culture=neutral, PublicKeyToken=b03f5f7f11d50a3a" className="Traders_Marketplace.Tests.RolesTest, Traders Marketplace.Tests, Version=1.0.0.0, Culture=neutral, PublicKeyToken=null" name="UpdateRoleTest5" />
    </UnitTest>
    <UnitTest name="UpdateRoleTest6" storage="c:\users\wayne\desktop\se-solution\traders marketplace\traders marketplace.tests\bin\debug\traders marketplace.tests.dll" id="b3d1d811-2c26-7d8b-665b-702049d63015">
      <Execution id="98320abd-b396-4a0f-afec-1bbb3ec4cdee" />
      <TestMethod codeBase="C:/Users/Wayne/Desktop/SE-Solution/Traders Marketplace/Traders Marketplace.Tests/bin/Debug/Traders Marketplace.Tests.DLL" adapterTypeName="Microsoft.VisualStudio.TestTools.TestTypes.Unit.UnitTestAdapter, Microsoft.VisualStudio.QualityTools.Tips.UnitTest.Adapter, Version=10.0.0.0, Culture=neutral, PublicKeyToken=b03f5f7f11d50a3a" className="Traders_Marketplace.Tests.RolesTest, Traders Marketplace.Tests, Version=1.0.0.0, Culture=neutral, PublicKeyToken=null" name="UpdateRoleTest6" />
    </UnitTest>
    <UnitTest name="ReadRoleTest2" storage="c:\users\wayne\desktop\se-solution\traders marketplace\traders marketplace.tests\bin\debug\traders marketplace.tests.dll" id="8209c04f-dcd2-7695-2208-f708cd488df9">
      <Execution id="11bf5c64-afca-40f6-b624-881f10cb3d1e" />
      <TestMethod codeBase="C:/Users/Wayne/Desktop/SE-Solution/Traders Marketplace/Traders Marketplace.Tests/bin/Debug/Traders Marketplace.Tests.DLL" adapterTypeName="Microsoft.VisualStudio.TestTools.TestTypes.Unit.UnitTestAdapter, Microsoft.VisualStudio.QualityTools.Tips.UnitTest.Adapter, Version=10.0.0.0, Culture=neutral, PublicKeyToken=b03f5f7f11d50a3a" className="Traders_Marketplace.Tests.RolesTest, Traders Marketplace.Tests, Version=1.0.0.0, Culture=neutral, PublicKeyToken=null" name="ReadRoleTest2" />
    </UnitTest>
    <UnitTest name="UpdateRoleTest2" storage="c:\users\wayne\desktop\se-solution\traders marketplace\traders marketplace.tests\bin\debug\traders marketplace.tests.dll" id="704cdaac-ac7c-4e94-af5b-3f6b9c432f38">
      <Execution id="e79f645a-b381-4022-83eb-5a194db832fd" />
      <TestMethod codeBase="C:/Users/Wayne/Desktop/SE-Solution/Traders Marketplace/Traders Marketplace.Tests/bin/Debug/Traders Marketplace.Tests.DLL" adapterTypeName="Microsoft.VisualStudio.TestTools.TestTypes.Unit.UnitTestAdapter, Microsoft.VisualStudio.QualityTools.Tips.UnitTest.Adapter, Version=10.0.0.0, Culture=neutral, PublicKeyToken=b03f5f7f11d50a3a" className="Traders_Marketplace.Tests.RolesTest, Traders Marketplace.Tests, Version=1.0.0.0, Culture=neutral, PublicKeyToken=null" name="UpdateRoleTest2" />
    </UnitTest>
    <UnitTest name="UpdateRoleTest1" storage="c:\users\wayne\desktop\se-solution\traders marketplace\traders marketplace.tests\bin\debug\traders marketplace.tests.dll" id="6c049101-2c65-c774-7cc1-38a25667ce78">
      <Execution id="a13431b2-8044-4844-a478-77cfd3bf6b27" />
      <TestMethod codeBase="C:/Users/Wayne/Desktop/SE-Solution/Traders Marketplace/Traders Marketplace.Tests/bin/Debug/Traders Marketplace.Tests.DLL" adapterTypeName="Microsoft.VisualStudio.TestTools.TestTypes.Unit.UnitTestAdapter, Microsoft.VisualStudio.QualityTools.Tips.UnitTest.Adapter, Version=10.0.0.0, Culture=neutral, PublicKeyToken=b03f5f7f11d50a3a" className="Traders_Marketplace.Tests.RolesTest, Traders Marketplace.Tests, Version=1.0.0.0, Culture=neutral, PublicKeyToken=null" name="UpdateRoleTest1" />
    </UnitTest>
    <UnitTest name="AddRole_IndependentPath3" storage="c:\users\wayne\desktop\se-solution\traders marketplace\traders marketplace.tests\bin\debug\traders marketplace.tests.dll" id="d73aa66d-af57-2c66-2323-fd3b0369f465">
      <Execution id="5c308d25-35ec-4321-96f8-045fdaae7dce" />
      <TestMethod codeBase="C:/Users/Wayne/Desktop/SE-Solution/Traders Marketplace/Traders Marketplace.Tests/bin/Debug/Traders Marketplace.Tests.DLL" adapterTypeName="Microsoft.VisualStudio.TestTools.TestTypes.Unit.UnitTestAdapter, Microsoft.VisualStudio.QualityTools.Tips.UnitTest.Adapter, Version=10.0.0.0, Culture=neutral, PublicKeyToken=b03f5f7f11d50a3a" className="Traders_Marketplace.Tests.RolesTest, Traders Marketplace.Tests, Version=1.0.0.0, Culture=neutral, PublicKeyToken=null" name="AddRole_IndependentPath3" />
    </UnitTest>
    <UnitTest name="DeleteRoleTest1" storage="c:\users\wayne\desktop\se-solution\traders marketplace\traders marketplace.tests\bin\debug\traders marketplace.tests.dll" id="8fd45f5e-65cb-27bc-d561-88c75a4fd117">
      <Execution id="73865dbd-8c91-4266-846e-1ae2830015a8" />
      <TestMethod codeBase="C:/Users/Wayne/Desktop/SE-Solution/Traders Marketplace/Traders Marketplace.Tests/bin/Debug/Traders Marketplace.Tests.DLL" adapterTypeName="Microsoft.VisualStudio.TestTools.TestTypes.Unit.UnitTestAdapter, Microsoft.VisualStudio.QualityTools.Tips.UnitTest.Adapter, Version=10.0.0.0, Culture=neutral, PublicKeyToken=b03f5f7f11d50a3a" className="Traders_Marketplace.Tests.RolesTest, Traders Marketplace.Tests, Version=1.0.0.0, Culture=neutral, PublicKeyToken=null" name="DeleteRoleTest1" />
    </UnitTest>
    <UnitTest name="ReadRoleTest1" storage="c:\users\wayne\desktop\se-solution\traders marketplace\traders marketplace.tests\bin\debug\traders marketplace.tests.dll" id="cd6796a7-52ee-3c06-e33f-822eb9305e5c">
      <Execution id="e3488f2f-3ecc-41c3-b9e7-f7c10108854f" />
      <TestMethod codeBase="C:/Users/Wayne/Desktop/SE-Solution/Traders Marketplace/Traders Marketplace.Tests/bin/Debug/Traders Marketplace.Tests.DLL" adapterTypeName="Microsoft.VisualStudio.TestTools.TestTypes.Unit.UnitTestAdapter, Microsoft.VisualStudio.QualityTools.Tips.UnitTest.Adapter, Version=10.0.0.0, Culture=neutral, PublicKeyToken=b03f5f7f11d50a3a" className="Traders_Marketplace.Tests.RolesTest, Traders Marketplace.Tests, Version=1.0.0.0, Culture=neutral, PublicKeyToken=null" name="ReadRoleTest1" />
    </UnitTest>
    <UnitTest name="AddRole_IndependentPath4" storage="c:\users\wayne\desktop\se-solution\traders marketplace\traders marketplace.tests\bin\debug\traders marketplace.tests.dll" id="61026357-65bb-6527-f1bb-dc0875e8411b">
      <Execution id="0e31d970-720a-4711-99cb-3641de5ed4c5" />
      <TestMethod codeBase="C:/Users/Wayne/Desktop/SE-Solution/Traders Marketplace/Traders Marketplace.Tests/bin/Debug/Traders Marketplace.Tests.DLL" adapterTypeName="Microsoft.VisualStudio.TestTools.TestTypes.Unit.UnitTestAdapter, Microsoft.VisualStudio.QualityTools.Tips.UnitTest.Adapter, Version=10.0.0.0, Culture=neutral, PublicKeyToken=b03f5f7f11d50a3a" className="Traders_Marketplace.Tests.RolesTest, Traders Marketplace.Tests, Version=1.0.0.0, Culture=neutral, PublicKeyToken=null" name="AddRole_IndependentPath4" />
    </UnitTest>
    <UnitTest name="AddRoleTest5" storage="c:\users\wayne\desktop\se-solution\traders marketplace\traders marketplace.tests\bin\debug\traders marketplace.tests.dll" id="d35d6bab-9284-b0ec-b5d5-bcb0a4f3a010">
      <Execution id="4c779ced-df98-41b9-a2bf-ea3e472abc76" />
      <TestMethod codeBase="C:/Users/Wayne/Desktop/SE-Solution/Traders Marketplace/Traders Marketplace.Tests/bin/Debug/Traders Marketplace.Tests.DLL" adapterTypeName="Microsoft.VisualStudio.TestTools.TestTypes.Unit.UnitTestAdapter, Microsoft.VisualStudio.QualityTools.Tips.UnitTest.Adapter, Version=10.0.0.0, Culture=neutral, PublicKeyToken=b03f5f7f11d50a3a" className="Traders_Marketplace.Tests.RolesTest, Traders Marketplace.Tests, Version=1.0.0.0, Culture=neutral, PublicKeyToken=null" name="AddRoleTest5" />
    </UnitTest>
    <UnitTest name="AddRole_IndependentPath1" storage="c:\users\wayne\desktop\se-solution\traders marketplace\traders marketplace.tests\bin\debug\traders marketplace.tests.dll" id="d3ef0048-a552-91b0-750b-af88471c15db">
      <Execution id="d6f2acba-2f99-4ee1-bb9e-978fa0fe5540" />
      <TestMethod codeBase="C:/Users/Wayne/Desktop/SE-Solution/Traders Marketplace/Traders Marketplace.Tests/bin/Debug/Traders Marketplace.Tests.DLL" adapterTypeName="Microsoft.VisualStudio.TestTools.TestTypes.Unit.UnitTestAdapter, Microsoft.VisualStudio.QualityTools.Tips.UnitTest.Adapter, Version=10.0.0.0, Culture=neutral, PublicKeyToken=b03f5f7f11d50a3a" className="Traders_Marketplace.Tests.RolesTest, Traders Marketplace.Tests, Version=1.0.0.0, Culture=neutral, PublicKeyToken=null" name="AddRole_IndependentPath1" />
    </UnitTest>
    <UnitTest name="UpdateRoleTest7" storage="c:\users\wayne\desktop\se-solution\traders marketplace\traders marketplace.tests\bin\debug\traders marketplace.tests.dll" id="e9e4e746-2288-cc2e-1e96-e70127638202">
      <Execution id="0054805c-d3b2-4473-b6d1-7595bd07f9e6" />
      <TestMethod codeBase="C:/Users/Wayne/Desktop/SE-Solution/Traders Marketplace/Traders Marketplace.Tests/bin/Debug/Traders Marketplace.Tests.DLL" adapterTypeName="Microsoft.VisualStudio.TestTools.TestTypes.Unit.UnitTestAdapter, Microsoft.VisualStudio.QualityTools.Tips.UnitTest.Adapter, Version=10.0.0.0, Culture=neutral, PublicKeyToken=b03f5f7f11d50a3a" className="Traders_Marketplace.Tests.RolesTest, Traders Marketplace.Tests, Version=1.0.0.0, Culture=neutral, PublicKeyToken=null" name="UpdateRoleTest7" />
    </UnitTest>
    <UnitTest name="AddRoleTest6" storage="c:\users\wayne\desktop\se-solution\traders marketplace\traders marketplace.tests\bin\debug\traders marketplace.tests.dll" id="3066ccc4-335d-88fc-d2aa-f90345048216">
      <Execution id="82b435e5-5308-4277-88b5-2898004427a4" />
      <TestMethod codeBase="C:/Users/Wayne/Desktop/SE-Solution/Traders Marketplace/Traders Marketplace.Tests/bin/Debug/Traders Marketplace.Tests.DLL" adapterTypeName="Microsoft.VisualStudio.TestTools.TestTypes.Unit.UnitTestAdapter, Microsoft.VisualStudio.QualityTools.Tips.UnitTest.Adapter, Version=10.0.0.0, Culture=neutral, PublicKeyToken=b03f5f7f11d50a3a" className="Traders_Marketplace.Tests.RolesTest, Traders Marketplace.Tests, Version=1.0.0.0, Culture=neutral, PublicKeyToken=null" name="AddRoleTest6" />
    </UnitTest>
    <UnitTest name="DeleteRole_IndependentPath2" storage="c:\users\wayne\desktop\se-solution\traders marketplace\traders marketplace.tests\bin\debug\traders marketplace.tests.dll" id="9613ba5b-e8f8-4859-75f5-9902d960a03f">
      <Execution id="9b55768b-5bb7-4d14-9290-eccbbbbe6159" />
      <TestMethod codeBase="C:/Users/Wayne/Desktop/SE-Solution/Traders Marketplace/Traders Marketplace.Tests/bin/Debug/Traders Marketplace.Tests.DLL" adapterTypeName="Microsoft.VisualStudio.TestTools.TestTypes.Unit.UnitTestAdapter, Microsoft.VisualStudio.QualityTools.Tips.UnitTest.Adapter, Version=10.0.0.0, Culture=neutral, PublicKeyToken=b03f5f7f11d50a3a" className="Traders_Marketplace.Tests.RolesTest, Traders Marketplace.Tests, Version=1.0.0.0, Culture=neutral, PublicKeyToken=null" name="DeleteRole_IndependentPath2" />
    </UnitTest>
  </TestDefinitions>
  <TestLists>
    <TestList name="Results Not in a List" id="8c84fa94-04c1-424b-9868-57a2d4851a1d" />
    <TestList name="All Loaded Results" id="19431567-8539-422a-85d7-44ee4e166bda" />
  </TestLists>
  <TestEntries>
    <TestEntry testId="047c2c40-015c-e4f3-8bca-f58055d7e56d" executionId="897a754a-6182-4836-998c-9b83ca67a366" testListId="8c84fa94-04c1-424b-9868-57a2d4851a1d" />
    <TestEntry testId="0c517cea-1b2c-b3b4-eed6-ef0adee4e641" executionId="d95e4ec7-73d5-41ea-9020-5206374ec3a2" testListId="8c84fa94-04c1-424b-9868-57a2d4851a1d" />
    <TestEntry testId="1201ad84-382d-44d0-1ec6-32d4144e1760" executionId="51ca219b-37e0-4b48-8bfe-658ad7f54ad8" testListId="8c84fa94-04c1-424b-9868-57a2d4851a1d" />
    <TestEntry testId="28f0b300-43df-df58-20b1-fe498a87ea0c" executionId="7b29d87b-609c-47c9-a658-45feb209369b" testListId="8c84fa94-04c1-424b-9868-57a2d4851a1d" />
    <TestEntry testId="3066ccc4-335d-88fc-d2aa-f90345048216" executionId="82b435e5-5308-4277-88b5-2898004427a4" testListId="8c84fa94-04c1-424b-9868-57a2d4851a1d" />
    <TestEntry testId="37be030d-0767-d74d-0bdb-772f36e51f2d" executionId="10597ee8-17ad-4862-8d02-3f7248fadf00" testListId="8c84fa94-04c1-424b-9868-57a2d4851a1d" />
    <TestEntry testId="5c83ec1f-176d-44aa-c3ce-4656ea925732" executionId="94421993-ca66-4a43-87ff-d8eadcdd3afa" testListId="8c84fa94-04c1-424b-9868-57a2d4851a1d" />
    <TestEntry testId="61026357-65bb-6527-f1bb-dc0875e8411b" executionId="0e31d970-720a-4711-99cb-3641de5ed4c5" testListId="8c84fa94-04c1-424b-9868-57a2d4851a1d" />
    <TestEntry testId="6ac98c11-7f26-c092-5eb3-7da2cc561ac2" executionId="b9b99aef-4836-48c5-8d13-05f05547d12a" testListId="8c84fa94-04c1-424b-9868-57a2d4851a1d" />
    <TestEntry testId="6c049101-2c65-c774-7cc1-38a25667ce78" executionId="a13431b2-8044-4844-a478-77cfd3bf6b27" testListId="8c84fa94-04c1-424b-9868-57a2d4851a1d" />
    <TestEntry testId="704cdaac-ac7c-4e94-af5b-3f6b9c432f38" executionId="e79f645a-b381-4022-83eb-5a194db832fd" testListId="8c84fa94-04c1-424b-9868-57a2d4851a1d" />
    <TestEntry testId="8209c04f-dcd2-7695-2208-f708cd488df9" executionId="11bf5c64-afca-40f6-b624-881f10cb3d1e" testListId="8c84fa94-04c1-424b-9868-57a2d4851a1d" />
    <TestEntry testId="8fd45f5e-65cb-27bc-d561-88c75a4fd117" executionId="73865dbd-8c91-4266-846e-1ae2830015a8" testListId="8c84fa94-04c1-424b-9868-57a2d4851a1d" />
    <TestEntry testId="9613ba5b-e8f8-4859-75f5-9902d960a03f" executionId="9b55768b-5bb7-4d14-9290-eccbbbbe6159" testListId="8c84fa94-04c1-424b-9868-57a2d4851a1d" />
    <TestEntry testId="b033d028-3524-c930-6034-3dc42ba11bff" executionId="f1df03c5-482c-46db-8c6b-541647009f42" testListId="8c84fa94-04c1-424b-9868-57a2d4851a1d" />
    <TestEntry testId="b2929c2d-f953-21ba-87f3-4b1425e28c94" executionId="8c125eaa-989c-4460-844a-1adf7fa81a19" testListId="8c84fa94-04c1-424b-9868-57a2d4851a1d" />
    <TestEntry testId="b3d1d811-2c26-7d8b-665b-702049d63015" executionId="98320abd-b396-4a0f-afec-1bbb3ec4cdee" testListId="8c84fa94-04c1-424b-9868-57a2d4851a1d" />
    <TestEntry testId="bffeae59-bfaa-1b04-507e-f4c66f33e549" executionId="eca10942-775d-4034-a524-f3d98ff232ee" testListId="8c84fa94-04c1-424b-9868-57a2d4851a1d" />
    <TestEntry testId="cd6796a7-52ee-3c06-e33f-822eb9305e5c" executionId="e3488f2f-3ecc-41c3-b9e7-f7c10108854f" testListId="8c84fa94-04c1-424b-9868-57a2d4851a1d" />
    <TestEntry testId="d35d6bab-9284-b0ec-b5d5-bcb0a4f3a010" executionId="4c779ced-df98-41b9-a2bf-ea3e472abc76" testListId="8c84fa94-04c1-424b-9868-57a2d4851a1d" />
    <TestEntry testId="d3ef0048-a552-91b0-750b-af88471c15db" executionId="d6f2acba-2f99-4ee1-bb9e-978fa0fe5540" testListId="8c84fa94-04c1-424b-9868-57a2d4851a1d" />
    <TestEntry testId="d73aa66d-af57-2c66-2323-fd3b0369f465" executionId="5c308d25-35ec-4321-96f8-045fdaae7dce" testListId="8c84fa94-04c1-424b-9868-57a2d4851a1d" />
    <TestEntry testId="e9e4e746-2288-cc2e-1e96-e70127638202" executionId="0054805c-d3b2-4473-b6d1-7595bd07f9e6" testListId="8c84fa94-04c1-424b-9868-57a2d4851a1d" />
    <TestEntry testId="ea4b6f36-8015-2c3a-bc40-5b4bc5bead08" executionId="572df618-0bb9-485d-8cc4-90ef659d92ff" testListId="8c84fa94-04c1-424b-9868-57a2d4851a1d" />
  </TestEntries>
  <Results>
    <UnitTestResult executionId="897a754a-6182-4836-998c-9b83ca67a366" testId="047c2c40-015c-e4f3-8bca-f58055d7e56d" testName="DeleteRole_IndependentPath1" computerName="WAYNE-PC" duration="00:00:00.2409450" startTime="2015-01-14T18:49:44.0158712+01:00" endTime="2015-01-14T18:49:44.4058719+01:00" testType="13cdc9d9-ddb5-4fa4-a97d-d965ccfc6d4b" outcome="Passed" testListId="8c84fa94-04c1-424b-9868-57a2d4851a1d" relativeResultsDirectory="897a754a-6182-4836-998c-9b83ca67a366">
    </UnitTestResult>
    <UnitTestResult executionId="d95e4ec7-73d5-41ea-9020-5206374ec3a2" testId="0c517cea-1b2c-b3b4-eed6-ef0adee4e641" testName="UpdateRoleTest3" computerName="WAYNE-PC" duration="00:00:00.0284202" startTime="2015-01-14T18:49:44.4058719+01:00" endTime="2015-01-14T18:49:44.4370719+01:00" testType="13cdc9d9-ddb5-4fa4-a97d-d965ccfc6d4b" outcome="Passed" testListId="8c84fa94-04c1-424b-9868-57a2d4851a1d" relativeResultsDirectory="d95e4ec7-73d5-41ea-9020-5206374ec3a2">
    </UnitTestResult>
    <UnitTestResult executionId="51ca219b-37e0-4b48-8bfe-658ad7f54ad8" testId="1201ad84-382d-44d0-1ec6-32d4144e1760" testName="AddRoleTest3" computerName="WAYNE-PC" duration="00:00:00.0078573" startTime="2015-01-14T18:49:44.4370719+01:00" endTime="2015-01-14T18:49:44.4526719+01:00" testType="13cdc9d9-ddb5-4fa4-a97d-d965ccfc6d4b" outcome="Passed" testListId="8c84fa94-04c1-424b-9868-57a2d4851a1d" relativeResultsDirectory="51ca219b-37e0-4b48-8bfe-658ad7f54ad8">
    </UnitTestResult>
    <UnitTestResult executionId="7b29d87b-609c-47c9-a658-45feb209369b" testId="28f0b300-43df-df58-20b1-fe498a87ea0c" testName="UpdateRoleTest5" computerName="WAYNE-PC" duration="00:00:00.0039643" startTime="2015-01-14T18:49:44.4526719+01:00" endTime="2015-01-14T18:49:44.4526719+01:00" testType="13cdc9d9-ddb5-4fa4-a97d-d965ccfc6d4b" outcome="Passed" testListId="8c84fa94-04c1-424b-9868-57a2d4851a1d" relativeResultsDirectory="7b29d87b-609c-47c9-a658-45feb209369b">
    </UnitTestResult>
    <UnitTestResult executionId="82b435e5-5308-4277-88b5-2898004427a4" testId="3066ccc4-335d-88fc-d2aa-f90345048216" testName="AddRoleTest6" computerName="WAYNE-PC" duration="00:00:00.0026823" startTime="2015-01-14T18:49:44.4526719+01:00" endTime="2015-01-14T18:49:44.4682720+01:00" testType="13cdc9d9-ddb5-4fa4-a97d-d965ccfc6d4b" outcome="Passed" testListId="8c84fa94-04c1-424b-9868-57a2d4851a1d" relativeResultsDirectory="82b435e5-5308-4277-88b5-2898004427a4">
    </UnitTestResult>
    <UnitTestResult executionId="10597ee8-17ad-4862-8d02-3f7248fadf00" testId="37be030d-0767-d74d-0bdb-772f36e51f2d" testName="AddRoleTest7" computerName="WAYNE-PC" duration="00:00:00.0024245" startTime="2015-01-14T18:49:44.4682720+01:00" endTime="2015-01-14T18:49:44.4682720+01:00" testType="13cdc9d9-ddb5-4fa4-a97d-d965ccfc6d4b" outcome="Passed" testListId="8c84fa94-04c1-424b-9868-57a2d4851a1d" relativeResultsDirectory="10597ee8-17ad-4862-8d02-3f7248fadf00">
    </UnitTestResult>
    <UnitTestResult executionId="94421993-ca66-4a43-87ff-d8eadcdd3afa" testId="5c83ec1f-176d-44aa-c3ce-4656ea925732" testName="AddRoleTest2" computerName="WAYNE-PC" duration="00:00:00.0062218" startTime="2015-01-14T18:49:44.4682720+01:00" endTime="2015-01-14T18:49:44.4838720+01:00" testType="13cdc9d9-ddb5-4fa4-a97d-d965ccfc6d4b" outcome="Passed" testListId="8c84fa94-04c1-424b-9868-57a2d4851a1d" relativeResultsDirectory="94421993-ca66-4a43-87ff-d8eadcdd3afa">
    </UnitTestResult>
    <UnitTestResult executionId="0e31d970-720a-4711-99cb-3641de5ed4c5" testId="61026357-65bb-6527-f1bb-dc0875e8411b" testName="AddRole_IndependentPath4" computerName="WAYNE-PC" duration="00:00:00.0014150" startTime="2015-01-14T18:49:44.4838720+01:00" endTime="2015-01-14T18:49:44.4838720+01:00" testType="13cdc9d9-ddb5-4fa4-a97d-d965ccfc6d4b" outcome="Passed" testListId="8c84fa94-04c1-424b-9868-57a2d4851a1d" relativeResultsDirectory="0e31d970-720a-4711-99cb-3641de5ed4c5">
    </UnitTestResult>
    <UnitTestResult executionId="b9b99aef-4836-48c5-8d13-05f05547d12a" testId="6ac98c11-7f26-c092-5eb3-7da2cc561ac2" testName="AddRoleTest1" computerName="WAYNE-PC" duration="00:00:00.0028613" startTime="2015-01-14T18:49:44.4838720+01:00" endTime="2015-01-14T18:49:44.4838720+01:00" testType="13cdc9d9-ddb5-4fa4-a97d-d965ccfc6d4b" outcome="Passed" testListId="8c84fa94-04c1-424b-9868-57a2d4851a1d" relativeResultsDirectory="b9b99aef-4836-48c5-8d13-05f05547d12a">
    </UnitTestResult>
    <UnitTestResult executionId="a13431b2-8044-4844-a478-77cfd3bf6b27" testId="6c049101-2c65-c774-7cc1-38a25667ce78" testName="UpdateRoleTest1" computerName="WAYNE-PC" duration="00:00:00.0025887" startTime="2015-01-14T18:49:44.4994720+01:00" endTime="2015-01-14T18:49:44.4994720+01:00" testType="13cdc9d9-ddb5-4fa4-a97d-d965ccfc6d4b" outcome="Passed" testListId="8c84fa94-04c1-424b-9868-57a2d4851a1d" relativeResultsDirectory="a13431b2-8044-4844-a478-77cfd3bf6b27">
    </UnitTestResult>
    <UnitTestResult executionId="e79f645a-b381-4022-83eb-5a194db832fd" testId="704cdaac-ac7c-4e94-af5b-3f6b9c432f38" testName="UpdateRoleTest2" computerName="WAYNE-PC" duration="00:00:00.0025411" startTime="2015-01-14T18:49:44.4994720+01:00" endTime="2015-01-14T18:49:44.4994720+01:00" testType="13cdc9d9-ddb5-4fa4-a97d-d965ccfc6d4b" outcome="Passed" testListId="8c84fa94-04c1-424b-9868-57a2d4851a1d" relativeResultsDirectory="e79f645a-b381-4022-83eb-5a194db832fd">
    </UnitTestResult>
    <UnitTestResult executionId="11bf5c64-afca-40f6-b624-881f10cb3d1e" testId="8209c04f-dcd2-7695-2208-f708cd488df9" testName="ReadRoleTest2" computerName="WAYNE-PC" duration="00:00:00.0046684" startTime="2015-01-14T18:49:44.5150720+01:00" endTime="2015-01-14T18:49:44.5150720+01:00" testType="13cdc9d9-ddb5-4fa4-a97d-d965ccfc6d4b" outcome="Passed" testListId="8c84fa94-04c1-424b-9868-57a2d4851a1d" relativeResultsDirectory="11bf5c64-afca-40f6-b624-881f10cb3d1e">
    </UnitTestResult>
    <UnitTestResult executionId="73865dbd-8c91-4266-846e-1ae2830015a8" testId="8fd45f5e-65cb-27bc-d561-88c75a4fd117" testName="DeleteRoleTest1" computerName="WAYNE-PC" duration="00:00:00.0032492" startTime="2015-01-14T18:49:44.5150720+01:00" endTime="2015-01-14T18:49:44.5150720+01:00" testType="13cdc9d9-ddb5-4fa4-a97d-d965ccfc6d4b" outcome="Passed" testListId="8c84fa94-04c1-424b-9868-57a2d4851a1d" relativeResultsDirectory="73865dbd-8c91-4266-846e-1ae2830015a8">
    </UnitTestResult>
    <UnitTestResult executionId="9b55768b-5bb7-4d14-9290-eccbbbbe6159" testId="9613ba5b-e8f8-4859-75f5-9902d960a03f" testName="DeleteRole_IndependentPath2" computerName="WAYNE-PC" duration="00:00:00.0020842" startTime="2015-01-14T18:49:44.5306721+01:00" endTime="2015-01-14T18:49:44.5306721+01:00" testType="13cdc9d9-ddb5-4fa4-a97d-d965ccfc6d4b" outcome="Passed" testListId="8c84fa94-04c1-424b-9868-57a2d4851a1d" relativeResultsDirectory="9b55768b-5bb7-4d14-9290-eccbbbbe6159">
    </UnitTestResult>
    <UnitTestResult executionId="f1df03c5-482c-46db-8c6b-541647009f42" testId="b033d028-3524-c930-6034-3dc42ba11bff" testName="AddRole_IndependentPath2" computerName="WAYNE-PC" duration="00:00:00.0015049" startTime="2015-01-14T18:49:44.5306721+01:00" endTime="2015-01-14T18:49:44.5306721+01:00" testType="13cdc9d9-ddb5-4fa4-a97d-d965ccfc6d4b" outcome="Passed" testListId="8c84fa94-04c1-424b-9868-57a2d4851a1d" relativeResultsDirectory="f1df03c5-482c-46db-8c6b-541647009f42">
    </UnitTestResult>
    <UnitTestResult executionId="8c125eaa-989c-4460-844a-1adf7fa81a19" testId="b2929c2d-f953-21ba-87f3-4b1425e28c94" testName="AddRoleTest4" computerName="WAYNE-PC" duration="00:00:00.0133147" startTime="2015-01-14T18:49:44.5306721+01:00" endTime="2015-01-14T18:49:44.5462721+01:00" testType="13cdc9d9-ddb5-4fa4-a97d-d965ccfc6d4b" outcome="Passed" testListId="8c84fa94-04c1-424b-9868-57a2d4851a1d" relativeResultsDirectory="8c125eaa-989c-4460-844a-1adf7fa81a19">
    </UnitTestResult>
    <UnitTestResult executionId="98320abd-b396-4a0f-afec-1bbb3ec4cdee" testId="b3d1d811-2c26-7d8b-665b-702049d63015" testName="UpdateRoleTest6" computerName="WAYNE-PC" duration="00:00:00.0033342" startTime="2015-01-14T18:49:44.5462721+01:00" endTime="2015-01-14T18:49:44.5618721+01:00" testType="13cdc9d9-ddb5-4fa4-a97d-d965ccfc6d4b" outcome="Passed" testListId="8c84fa94-04c1-424b-9868-57a2d4851a1d" relativeResultsDirectory="98320abd-b396-4a0f-afec-1bbb3ec4cdee">
    </UnitTestResult>
    <UnitTestResult executionId="eca10942-775d-4034-a524-f3d98ff232ee" testId="bffeae59-bfaa-1b04-507e-f4c66f33e549" testName="DeleteRoleTest2" computerName="WAYNE-PC" duration="00:00:00.0027418" startTime="2015-01-14T18:49:44.5618721+01:00" endTime="2015-01-14T18:49:44.5618721+01:00" testType="13cdc9d9-ddb5-4fa4-a97d-d965ccfc6d4b" outcome="Passed" testListId="8c84fa94-04c1-424b-9868-57a2d4851a1d" relativeResultsDirectory="eca10942-775d-4034-a524-f3d98ff232ee">
    </UnitTestResult>
    <UnitTestResult executionId="e3488f2f-3ecc-41c3-b9e7-f7c10108854f" testId="cd6796a7-52ee-3c06-e33f-822eb9305e5c" testName="ReadRoleTest1" computerName="WAYNE-PC" duration="00:00:00.0044463" startTime="2015-01-14T18:49:44.5618721+01:00" endTime="2015-01-14T18:49:44.5774722+01:00" testType="13cdc9d9-ddb5-4fa4-a97d-d965ccfc6d4b" outcome="Passed" testListId="8c84fa94-04c1-424b-9868-57a2d4851a1d" relativeResultsDirectory="e3488f2f-3ecc-41c3-b9e7-f7c10108854f">
    </UnitTestResult>
    <UnitTestResult executionId="4c779ced-df98-41b9-a2bf-ea3e472abc76" testId="d35d6bab-9284-b0ec-b5d5-bcb0a4f3a010" testName="AddRoleTest5" computerName="WAYNE-PC" duration="00:00:00.0025378" startTime="2015-01-14T18:49:44.5774722+01:00" endTime="2015-01-14T18:49:44.5774722+01:00" testType="13cdc9d9-ddb5-4fa4-a97d-d965ccfc6d4b" outcome="Passed" testListId="8c84fa94-04c1-424b-9868-57a2d4851a1d" relativeResultsDirectory="4c779ced-df98-41b9-a2bf-ea3e472abc76">
    </UnitTestResult>
    <UnitTestResult executionId="d6f2acba-2f99-4ee1-bb9e-978fa0fe5540" testId="d3ef0048-a552-91b0-750b-af88471c15db" testName="AddRole_IndependentPath1" computerName="WAYNE-PC" duration="00:00:00.0021511" startTime="2015-01-14T18:49:44.5774722+01:00" endTime="2015-01-14T18:49:44.5930722+01:00" testType="13cdc9d9-ddb5-4fa4-a97d-d965ccfc6d4b" outcome="Passed" testListId="8c84fa94-04c1-424b-9868-57a2d4851a1d" relativeResultsDirectory="d6f2acba-2f99-4ee1-bb9e-978fa0fe5540">
    </UnitTestResult>
    <UnitTestResult executionId="5c308d25-35ec-4321-96f8-045fdaae7dce" testId="d73aa66d-af57-2c66-2323-fd3b0369f465" testName="AddRole_IndependentPath3" computerName="WAYNE-PC" duration="00:00:00.0023764" startTime="2015-01-14T18:49:44.5930722+01:00" endTime="2015-01-14T18:49:44.5930722+01:00" testType="13cdc9d9-ddb5-4fa4-a97d-d965ccfc6d4b" outcome="Passed" testListId="8c84fa94-04c1-424b-9868-57a2d4851a1d" relativeResultsDirectory="5c308d25-35ec-4321-96f8-045fdaae7dce">
    </UnitTestResult>
    <UnitTestResult executionId="0054805c-d3b2-4473-b6d1-7595bd07f9e6" testId="e9e4e746-2288-cc2e-1e96-e70127638202" testName="UpdateRoleTest7" computerName="WAYNE-PC" duration="00:00:00.0041774" startTime="2015-01-14T18:49:44.5930722+01:00" endTime="2015-01-14T18:49:44.6086722+01:00" testType="13cdc9d9-ddb5-4fa4-a97d-d965ccfc6d4b" outcome="Passed" testListId="8c84fa94-04c1-424b-9868-57a2d4851a1d" relativeResultsDirectory="0054805c-d3b2-4473-b6d1-7595bd07f9e6">
    </UnitTestResult>
    <UnitTestResult executionId="572df618-0bb9-485d-8cc4-90ef659d92ff" testId="ea4b6f36-8015-2c3a-bc40-5b4bc5bead08" testName="UpdateRoleTest4" computerName="WAYNE-PC" duration="00:00:00.0028531" startTime="2015-01-14T18:49:44.6086722+01:00" endTime="2015-01-14T18:49:44.6086722+01:00" testType="13cdc9d9-ddb5-4fa4-a97d-d965ccfc6d4b" outcome="Passed" testListId="8c84fa94-04c1-424b-9868-57a2d4851a1d" relativeResultsDirectory="572df618-0bb9-485d-8cc4-90ef659d92ff">
    </UnitTestResult>
  </Results>
</TestRun>