<?xml version="1.0" encoding="UTF-8"?>
<TestRun id="3da7c2f5-4963-4254-a5e2-b2db4f997258" name="Wayne@WAYNE-PC 2014-12-29 13:19:05" runUser="Wayne-PC\Wayne" xmlns="http://microsoft.com/schemas/VisualStudio/TeamTest/2010">
  <TestSettings name="Default Test Settings" id="41b613e2-2cb7-4af9-8131-a5921b07b0af">
    <Deployment runDeploymentRoot="Wayne_WAYNE-PC 2014-12-29 13_19_05">
      <DeploymentItem filename="C:\Users\Wayne\Desktop\SE-Solution\Traders Marketplace\BusinessLogic\bin\Debug\BusinessLogic.dll" />
      <DeploymentItem filename="C:\Users\Wayne\Desktop\SE-Solution\Traders Marketplace\Common\bin\Debug\Common.dll" />
      <DeploymentItem filename="C:\Users\Wayne\Desktop\SE-Solution\Traders Marketplace\packages\EntityFramework.4.1.10331.0\lib\EntityFramework.dll" />
      <DeploymentItem filename="C:\Users\Wayne\Desktop\SE-Solution\Traders Marketplace\Traders Marketplace\bin\Traders Marketplace.dll" />
      <DeploymentItem filename="C:\Users\Wayne\Desktop\SE-Solution\Traders Marketplace\DataAccess\bin\Debug\DataAccess.dll" />
    </Deployment>
    <Execution>
      <TestTypeSpecific />
      <AgentRule name="Execution Agents">
      </AgentRule>
    </Execution>
  </TestSettings>
  <Times creation="2014-12-29T13:19:05.7625966+01:00" queuing="2014-12-29T13:19:09.0476029+01:00" start="2014-12-29T13:19:09.1724031+01:00" finish="2014-12-29T13:19:18.4518201+01:00" />
  <ResultSummary outcome="Failed">
    <Counters total="3" executed="3" passed="2" error="0" failed="1" timeout="0" aborted="0" inconclusive="0" passedButRunAborted="0" notRunnable="0" notExecuted="0" disconnected="0" warning="0" completed="0" inProgress="0" pending="0" />
  </ResultSummary>
  <TestDefinitions>
    <UnitTest name="CreateRoles" storage="c:\users\wayne\desktop\se-solution\traders marketplace\traders marketplace.tests\bin\debug\traders marketplace.tests.dll" id="0cc7c17d-bc42-3538-16f7-160aa1cf832d">
      <Execution id="d80a8066-ae73-4ff6-99a6-e68394b50bee" />
      <TestMethod codeBase="C:/Users/Wayne/Desktop/SE-Solution/Traders Marketplace/Traders Marketplace.Tests/bin/Debug/Traders Marketplace.Tests.DLL" adapterTypeName="Microsoft.VisualStudio.TestTools.TestTypes.Unit.UnitTestAdapter, Microsoft.VisualStudio.QualityTools.Tips.UnitTest.Adapter, Version=10.0.0.0, Culture=neutral, PublicKeyToken=b03f5f7f11d50a3a" className="Traders_Marketplace.Tests.RolesTest, Traders Marketplace.Tests, Version=1.0.0.0, Culture=neutral, PublicKeyToken=null" name="CreateRoles" />
    </UnitTest>
    <UnitTest name="DeleteRoles" storage="c:\users\wayne\desktop\se-solution\traders marketplace\traders marketplace.tests\bin\debug\traders marketplace.tests.dll" id="aaac631b-5742-dd44-d92e-31cf8805ebf9">
      <Execution id="762ceba2-97ce-4d66-9288-3e3a1f4550c3" />
      <TestMethod codeBase="C:/Users/Wayne/Desktop/SE-Solution/Traders Marketplace/Traders Marketplace.Tests/bin/Debug/Traders Marketplace.Tests.DLL" adapterTypeName="Microsoft.VisualStudio.TestTools.TestTypes.Unit.UnitTestAdapter, Microsoft.VisualStudio.QualityTools.Tips.UnitTest.Adapter, Version=10.0.0.0, Culture=neutral, PublicKeyToken=b03f5f7f11d50a3a" className="Traders_Marketplace.Tests.RolesTest, Traders Marketplace.Tests, Version=1.0.0.0, Culture=neutral, PublicKeyToken=null" name="DeleteRoles" />
    </UnitTest>
    <UnitTest name="ListRoles" storage="c:\users\wayne\desktop\se-solution\traders marketplace\traders marketplace.tests\bin\debug\traders marketplace.tests.dll" id="55f450ac-1188-c03c-2973-80be084adc87">
      <Execution id="8b68c7a2-b431-42f1-81cc-43ab892ffedf" />
      <TestMethod codeBase="C:/Users/Wayne/Desktop/SE-Solution/Traders Marketplace/Traders Marketplace.Tests/bin/Debug/Traders Marketplace.Tests.DLL" adapterTypeName="Microsoft.VisualStudio.TestTools.TestTypes.Unit.UnitTestAdapter, Microsoft.VisualStudio.QualityTools.Tips.UnitTest.Adapter, Version=10.0.0.0, Culture=neutral, PublicKeyToken=b03f5f7f11d50a3a" className="Traders_Marketplace.Tests.RolesTest, Traders Marketplace.Tests, Version=1.0.0.0, Culture=neutral, PublicKeyToken=null" name="ListRoles" />
    </UnitTest>
  </TestDefinitions>
  <TestLists>
    <TestList name="Results Not in a List" id="8c84fa94-04c1-424b-9868-57a2d4851a1d" />
    <TestList name="All Loaded Results" id="19431567-8539-422a-85d7-44ee4e166bda" />
  </TestLists>
  <TestEntries>
    <TestEntry testId="0cc7c17d-bc42-3538-16f7-160aa1cf832d" executionId="d80a8066-ae73-4ff6-99a6-e68394b50bee" testListId="8c84fa94-04c1-424b-9868-57a2d4851a1d" />
    <TestEntry testId="55f450ac-1188-c03c-2973-80be084adc87" executionId="8b68c7a2-b431-42f1-81cc-43ab892ffedf" testListId="8c84fa94-04c1-424b-9868-57a2d4851a1d" />
    <TestEntry testId="aaac631b-5742-dd44-d92e-31cf8805ebf9" executionId="762ceba2-97ce-4d66-9288-3e3a1f4550c3" testListId="8c84fa94-04c1-424b-9868-57a2d4851a1d" />
  </TestEntries>
  <Results>
    <UnitTestResult executionId="d80a8066-ae73-4ff6-99a6-e68394b50bee" testId="0cc7c17d-bc42-3538-16f7-160aa1cf832d" testName="CreateRoles" computerName="WAYNE-PC" duration="00:00:00.4391672" startTime="2014-12-29T13:19:09.2972033+01:00" endTime="2014-12-29T13:19:10.4516053+01:00" testType="13cdc9d9-ddb5-4fa4-a97d-d965ccfc6d4b" outcome="Passed" testListId="8c84fa94-04c1-424b-9868-57a2d4851a1d" relativeResultsDirectory="d80a8066-ae73-4ff6-99a6-e68394b50bee">
    </UnitTestResult>
    <UnitTestResult executionId="8b68c7a2-b431-42f1-81cc-43ab892ffedf" testId="55f450ac-1188-c03c-2973-80be084adc87" testName="ListRoles" computerName="WAYNE-PC" duration="00:00:00.0035752" startTime="2014-12-29T13:19:10.4672054+01:00" endTime="2014-12-29T13:19:10.4828054+01:00" testType="13cdc9d9-ddb5-4fa4-a97d-d965ccfc6d4b" outcome="Passed" testListId="8c84fa94-04c1-424b-9868-57a2d4851a1d" relativeResultsDirectory="8b68c7a2-b431-42f1-81cc-43ab892ffedf">
    </UnitTestResult>
    <UnitTestResult executionId="762ceba2-97ce-4d66-9288-3e3a1f4550c3" testId="aaac631b-5742-dd44-d92e-31cf8805ebf9" testName="DeleteRoles" computerName="WAYNE-PC" duration="00:00:06.0705162" startTime="2014-12-29T13:19:10.4984054+01:00" endTime="2014-12-29T13:19:16.6760163+01:00" testType="13cdc9d9-ddb5-4fa4-a97d-d965ccfc6d4b" outcome="Failed" testListId="8c84fa94-04c1-424b-9868-57a2d4851a1d" relativeResultsDirectory="762ceba2-97ce-4d66-9288-3e3a1f4550c3">
      <Output>
        <ErrorInfo>
          <Message>Assert.AreNotEqual failed. Expected any value except:&lt;5&gt;. Actual:&lt;5&gt;. </Message>
          <StackTrace>   at Traders_Marketplace.Tests.RolesTest.DeleteRoles() in C:\Users\Wayne\Desktop\SE-Solution\Traders Marketplace\Traders Marketplace.Tests\RolesTest.cs:line 100
</StackTrace>
        </ErrorInfo>
      </Output>
    </UnitTestResult>
  </Results>
</TestRun>