<?xml version="1.0" encoding="UTF-8"?>
<TestRun id="8e58214d-d5ef-4b8d-95d4-dd11eb5a0bba" name="Wayne@WAYNE-PC 2015-01-13 15:02:39" runUser="Wayne-PC\Wayne" xmlns="http://microsoft.com/schemas/VisualStudio/TeamTest/2010">
  <TestSettings name="Default Test Settings" id="280aff7a-f533-4a24-b54b-27658d4852bb">
    <Deployment runDeploymentRoot="Wayne_WAYNE-PC 2015-01-13 15_02_39">
      <DeploymentItem filename="C:\Users\Wayne\Desktop\SE-Solution\Traders Marketplace\BusinessLogic\bin\Debug\BusinessLogic.dll" />
      <DeploymentItem filename="C:\Users\Wayne\Desktop\SE-Solution\Traders Marketplace\packages\EntityFramework.4.1.10331.0\lib\EntityFramework.dll" />
      <DeploymentItem filename="C:\Users\Wayne\Desktop\SE-Solution\Traders Marketplace\Common\bin\Debug\Common.dll" />
      <DeploymentItem filename="C:\Users\Wayne\Desktop\SE-Solution\Traders Marketplace\Traders Marketplace\bin\Traders Marketplace.dll" />
      <DeploymentItem filename="C:\Users\Wayne\Desktop\SE-Solution\Traders Marketplace\DataAccess\bin\Debug\DataAccess.dll" />
    </Deployment>
    <Execution>
      <TestTypeSpecific />
      <AgentRule name="Execution Agents">
      </AgentRule>
    </Execution>
  </TestSettings>
  <Times creation="2015-01-13T15:02:39.9544995+01:00" queuing="2015-01-13T15:02:42.3461055+01:00" start="2015-01-13T15:02:42.3617056+01:00" finish="2015-01-13T15:02:42.8921065+01:00" />
  <ResultSummary outcome="Failed">
    <Counters total="18" executed="18" passed="13" error="0" failed="5" timeout="0" aborted="0" inconclusive="0" passedButRunAborted="0" notRunnable="0" notExecuted="0" disconnected="0" warning="0" completed="0" inProgress="0" pending="0" />
  </ResultSummary>
  <TestDefinitions>
    <UnitTest name="AddRoleTest3" storage="c:\users\wayne\desktop\se-solution\traders marketplace\traders marketplace.tests\bin\debug\traders marketplace.tests.dll" id="1201ad84-382d-44d0-1ec6-32d4144e1760">
      <Execution id="9db86bbd-58b5-472c-887a-7437d6217901" />
      <TestMethod codeBase="C:/Users/Wayne/Desktop/SE-Solution/Traders Marketplace/Traders Marketplace.Tests/bin/Debug/Traders Marketplace.Tests.DLL" adapterTypeName="Microsoft.VisualStudio.TestTools.TestTypes.Unit.UnitTestAdapter, Microsoft.VisualStudio.QualityTools.Tips.UnitTest.Adapter, Version=10.0.0.0, Culture=neutral, PublicKeyToken=b03f5f7f11d50a3a" className="Traders_Marketplace.Tests.RolesTest, Traders Marketplace.Tests, Version=1.0.0.0, Culture=neutral, PublicKeyToken=null" name="AddRoleTest3" />
    </UnitTest>
    <UnitTest name="DeleteRoleTest1" storage="c:\users\wayne\desktop\se-solution\traders marketplace\traders marketplace.tests\bin\debug\traders marketplace.tests.dll" id="8fd45f5e-65cb-27bc-d561-88c75a4fd117">
      <Execution id="b932923d-a8a6-46e8-b4cb-07e60cde9fe1" />
      <TestMethod codeBase="C:/Users/Wayne/Desktop/SE-Solution/Traders Marketplace/Traders Marketplace.Tests/bin/Debug/Traders Marketplace.Tests.DLL" adapterTypeName="Microsoft.VisualStudio.TestTools.TestTypes.Unit.UnitTestAdapter, Microsoft.VisualStudio.QualityTools.Tips.UnitTest.Adapter, Version=10.0.0.0, Culture=neutral, PublicKeyToken=b03f5f7f11d50a3a" className="Traders_Marketplace.Tests.RolesTest, Traders Marketplace.Tests, Version=1.0.0.0, Culture=neutral, PublicKeyToken=null" name="DeleteRoleTest1" />
    </UnitTest>
    <UnitTest name="UpdateRoleTest3" storage="c:\users\wayne\desktop\se-solution\traders marketplace\traders marketplace.tests\bin\debug\traders marketplace.tests.dll" id="0c517cea-1b2c-b3b4-eed6-ef0adee4e641">
      <Execution id="87a8c056-ff84-4e0e-8ba2-a05e96b55d9c" />
      <TestMethod codeBase="C:/Users/Wayne/Desktop/SE-Solution/Traders Marketplace/Traders Marketplace.Tests/bin/Debug/Traders Marketplace.Tests.DLL" adapterTypeName="Microsoft.VisualStudio.TestTools.TestTypes.Unit.UnitTestAdapter, Microsoft.VisualStudio.QualityTools.Tips.UnitTest.Adapter, Version=10.0.0.0, Culture=neutral, PublicKeyToken=b03f5f7f11d50a3a" className="Traders_Marketplace.Tests.RolesTest, Traders Marketplace.Tests, Version=1.0.0.0, Culture=neutral, PublicKeyToken=null" name="UpdateRoleTest3" />
    </UnitTest>
    <UnitTest name="AddRoleTest1" storage="c:\users\wayne\desktop\se-solution\traders marketplace\traders marketplace.tests\bin\debug\traders marketplace.tests.dll" id="6ac98c11-7f26-c092-5eb3-7da2cc561ac2">
      <Execution id="94589887-3b6f-4942-8da4-2ddb80b43235" />
      <TestMethod codeBase="C:/Users/Wayne/Desktop/SE-Solution/Traders Marketplace/Traders Marketplace.Tests/bin/Debug/Traders Marketplace.Tests.DLL" adapterTypeName="Microsoft.VisualStudio.TestTools.TestTypes.Unit.UnitTestAdapter, Microsoft.VisualStudio.QualityTools.Tips.UnitTest.Adapter, Version=10.0.0.0, Culture=neutral, PublicKeyToken=b03f5f7f11d50a3a" className="Traders_Marketplace.Tests.RolesTest, Traders Marketplace.Tests, Version=1.0.0.0, Culture=neutral, PublicKeyToken=null" name="AddRoleTest1" />
    </UnitTest>
    <UnitTest name="UpdateRoleTest4" storage="c:\users\wayne\desktop\se-solution\traders marketplace\traders marketplace.tests\bin\debug\traders marketplace.tests.dll" id="ea4b6f36-8015-2c3a-bc40-5b4bc5bead08">
      <Execution id="961f45d9-3e30-4e08-b714-c84b7f389e1e" />
      <TestMethod codeBase="C:/Users/Wayne/Desktop/SE-Solution/Traders Marketplace/Traders Marketplace.Tests/bin/Debug/Traders Marketplace.Tests.DLL" adapterTypeName="Microsoft.VisualStudio.TestTools.TestTypes.Unit.UnitTestAdapter, Microsoft.VisualStudio.QualityTools.Tips.UnitTest.Adapter, Version=10.0.0.0, Culture=neutral, PublicKeyToken=b03f5f7f11d50a3a" className="Traders_Marketplace.Tests.RolesTest, Traders Marketplace.Tests, Version=1.0.0.0, Culture=neutral, PublicKeyToken=null" name="UpdateRoleTest4" />
    </UnitTest>
    <UnitTest name="AddRoleTest2" storage="c:\users\wayne\desktop\se-solution\traders marketplace\traders marketplace.tests\bin\debug\traders marketplace.tests.dll" id="5c83ec1f-176d-44aa-c3ce-4656ea925732">
      <Execution id="6a4aec42-ac16-4bd0-8de5-1b813ab54795" />
      <TestMethod codeBase="C:/Users/Wayne/Desktop/SE-Solution/Traders Marketplace/Traders Marketplace.Tests/bin/Debug/Traders Marketplace.Tests.DLL" adapterTypeName="Microsoft.VisualStudio.TestTools.TestTypes.Unit.UnitTestAdapter, Microsoft.VisualStudio.QualityTools.Tips.UnitTest.Adapter, Version=10.0.0.0, Culture=neutral, PublicKeyToken=b03f5f7f11d50a3a" className="Traders_Marketplace.Tests.RolesTest, Traders Marketplace.Tests, Version=1.0.0.0, Culture=neutral, PublicKeyToken=null" name="AddRoleTest2" />
    </UnitTest>
    <UnitTest name="AddRoleTest7" storage="c:\users\wayne\desktop\se-solution\traders marketplace\traders marketplace.tests\bin\debug\traders marketplace.tests.dll" id="37be030d-0767-d74d-0bdb-772f36e51f2d">
      <Execution id="92797d5f-6a0c-41fc-b712-002a3780ed72" />
      <TestMethod codeBase="C:/Users/Wayne/Desktop/SE-Solution/Traders Marketplace/Traders Marketplace.Tests/bin/Debug/Traders Marketplace.Tests.DLL" adapterTypeName="Microsoft.VisualStudio.TestTools.TestTypes.Unit.UnitTestAdapter, Microsoft.VisualStudio.QualityTools.Tips.UnitTest.Adapter, Version=10.0.0.0, Culture=neutral, PublicKeyToken=b03f5f7f11d50a3a" className="Traders_Marketplace.Tests.RolesTest, Traders Marketplace.Tests, Version=1.0.0.0, Culture=neutral, PublicKeyToken=null" name="AddRoleTest7" />
    </UnitTest>
    <UnitTest name="AddRoleTest4" storage="c:\users\wayne\desktop\se-solution\traders marketplace\traders marketplace.tests\bin\debug\traders marketplace.tests.dll" id="b2929c2d-f953-21ba-87f3-4b1425e28c94">
      <Execution id="23b24ea6-843c-4eea-96c8-89f7e579cb95" />
      <TestMethod codeBase="C:/Users/Wayne/Desktop/SE-Solution/Traders Marketplace/Traders Marketplace.Tests/bin/Debug/Traders Marketplace.Tests.DLL" adapterTypeName="Microsoft.VisualStudio.TestTools.TestTypes.Unit.UnitTestAdapter, Microsoft.VisualStudio.QualityTools.Tips.UnitTest.Adapter, Version=10.0.0.0, Culture=neutral, PublicKeyToken=b03f5f7f11d50a3a" className="Traders_Marketplace.Tests.RolesTest, Traders Marketplace.Tests, Version=1.0.0.0, Culture=neutral, PublicKeyToken=null" name="AddRoleTest4" />
    </UnitTest>
    <UnitTest name="DeleteRoleTest2" storage="c:\users\wayne\desktop\se-solution\traders marketplace\traders marketplace.tests\bin\debug\traders marketplace.tests.dll" id="bffeae59-bfaa-1b04-507e-f4c66f33e549">
      <Execution id="16631c5a-4fc1-4249-8a33-e8940262e25e" />
      <TestMethod codeBase="C:/Users/Wayne/Desktop/SE-Solution/Traders Marketplace/Traders Marketplace.Tests/bin/Debug/Traders Marketplace.Tests.DLL" adapterTypeName="Microsoft.VisualStudio.TestTools.TestTypes.Unit.UnitTestAdapter, Microsoft.VisualStudio.QualityTools.Tips.UnitTest.Adapter, Version=10.0.0.0, Culture=neutral, PublicKeyToken=b03f5f7f11d50a3a" className="Traders_Marketplace.Tests.RolesTest, Traders Marketplace.Tests, Version=1.0.0.0, Culture=neutral, PublicKeyToken=null" name="DeleteRoleTest2" />
    </UnitTest>
    <UnitTest name="UpdateRoleTest5" storage="c:\users\wayne\desktop\se-solution\traders marketplace\traders marketplace.tests\bin\debug\traders marketplace.tests.dll" id="28f0b300-43df-df58-20b1-fe498a87ea0c">
      <Execution id="15d1df80-ce17-45f0-ad4a-65d35168a599" />
      <TestMethod codeBase="C:/Users/Wayne/Desktop/SE-Solution/Traders Marketplace/Traders Marketplace.Tests/bin/Debug/Traders Marketplace.Tests.DLL" adapterTypeName="Microsoft.VisualStudio.TestTools.TestTypes.Unit.UnitTestAdapter, Microsoft.VisualStudio.QualityTools.Tips.UnitTest.Adapter, Version=10.0.0.0, Culture=neutral, PublicKeyToken=b03f5f7f11d50a3a" className="Traders_Marketplace.Tests.RolesTest, Traders Marketplace.Tests, Version=1.0.0.0, Culture=neutral, PublicKeyToken=null" name="UpdateRoleTest5" />
    </UnitTest>
    <UnitTest name="UpdateRoleTest6" storage="c:\users\wayne\desktop\se-solution\traders marketplace\traders marketplace.tests\bin\debug\traders marketplace.tests.dll" id="b3d1d811-2c26-7d8b-665b-702049d63015">
      <Execution id="6839f7dd-019d-45c2-a7b8-c3831b67c62c" />
      <TestMethod codeBase="C:/Users/Wayne/Desktop/SE-Solution/Traders Marketplace/Traders Marketplace.Tests/bin/Debug/Traders Marketplace.Tests.DLL" adapterTypeName="Microsoft.VisualStudio.TestTools.TestTypes.Unit.UnitTestAdapter, Microsoft.VisualStudio.QualityTools.Tips.UnitTest.Adapter, Version=10.0.0.0, Culture=neutral, PublicKeyToken=b03f5f7f11d50a3a" className="Traders_Marketplace.Tests.RolesTest, Traders Marketplace.Tests, Version=1.0.0.0, Culture=neutral, PublicKeyToken=null" name="UpdateRoleTest6" />
    </UnitTest>
    <UnitTest name="ReadRoleTest2" storage="c:\users\wayne\desktop\se-solution\traders marketplace\traders marketplace.tests\bin\debug\traders marketplace.tests.dll" id="8209c04f-dcd2-7695-2208-f708cd488df9">
      <Execution id="11cd54cf-be4a-4613-963a-1d41c5aa6ea2" />
      <TestMethod codeBase="C:/Users/Wayne/Desktop/SE-Solution/Traders Marketplace/Traders Marketplace.Tests/bin/Debug/Traders Marketplace.Tests.DLL" adapterTypeName="Microsoft.VisualStudio.TestTools.TestTypes.Unit.UnitTestAdapter, Microsoft.VisualStudio.QualityTools.Tips.UnitTest.Adapter, Version=10.0.0.0, Culture=neutral, PublicKeyToken=b03f5f7f11d50a3a" className="Traders_Marketplace.Tests.RolesTest, Traders Marketplace.Tests, Version=1.0.0.0, Culture=neutral, PublicKeyToken=null" name="ReadRoleTest2" />
    </UnitTest>
    <UnitTest name="UpdateRoleTest2" storage="c:\users\wayne\desktop\se-solution\traders marketplace\traders marketplace.tests\bin\debug\traders marketplace.tests.dll" id="704cdaac-ac7c-4e94-af5b-3f6b9c432f38">
      <Execution id="de553fb1-b666-446c-afb0-68a02975f828" />
      <TestMethod codeBase="C:/Users/Wayne/Desktop/SE-Solution/Traders Marketplace/Traders Marketplace.Tests/bin/Debug/Traders Marketplace.Tests.DLL" adapterTypeName="Microsoft.VisualStudio.TestTools.TestTypes.Unit.UnitTestAdapter, Microsoft.VisualStudio.QualityTools.Tips.UnitTest.Adapter, Version=10.0.0.0, Culture=neutral, PublicKeyToken=b03f5f7f11d50a3a" className="Traders_Marketplace.Tests.RolesTest, Traders Marketplace.Tests, Version=1.0.0.0, Culture=neutral, PublicKeyToken=null" name="UpdateRoleTest2" />
    </UnitTest>
    <UnitTest name="UpdateRoleTest1" storage="c:\users\wayne\desktop\se-solution\traders marketplace\traders marketplace.tests\bin\debug\traders marketplace.tests.dll" id="6c049101-2c65-c774-7cc1-38a25667ce78">
      <Execution id="6d91d1ad-9b6e-4fd3-9ebd-16d6dbe98530" />
      <TestMethod codeBase="C:/Users/Wayne/Desktop/SE-Solution/Traders Marketplace/Traders Marketplace.Tests/bin/Debug/Traders Marketplace.Tests.DLL" adapterTypeName="Microsoft.VisualStudio.TestTools.TestTypes.Unit.UnitTestAdapter, Microsoft.VisualStudio.QualityTools.Tips.UnitTest.Adapter, Version=10.0.0.0, Culture=neutral, PublicKeyToken=b03f5f7f11d50a3a" className="Traders_Marketplace.Tests.RolesTest, Traders Marketplace.Tests, Version=1.0.0.0, Culture=neutral, PublicKeyToken=null" name="UpdateRoleTest1" />
    </UnitTest>
    <UnitTest name="ReadRoleTest1" storage="c:\users\wayne\desktop\se-solution\traders marketplace\traders marketplace.tests\bin\debug\traders marketplace.tests.dll" id="cd6796a7-52ee-3c06-e33f-822eb9305e5c">
      <Execution id="e08dc97b-b57e-4cfc-92f8-5e6762fea716" />
      <TestMethod codeBase="C:/Users/Wayne/Desktop/SE-Solution/Traders Marketplace/Traders Marketplace.Tests/bin/Debug/Traders Marketplace.Tests.DLL" adapterTypeName="Microsoft.VisualStudio.TestTools.TestTypes.Unit.UnitTestAdapter, Microsoft.VisualStudio.QualityTools.Tips.UnitTest.Adapter, Version=10.0.0.0, Culture=neutral, PublicKeyToken=b03f5f7f11d50a3a" className="Traders_Marketplace.Tests.RolesTest, Traders Marketplace.Tests, Version=1.0.0.0, Culture=neutral, PublicKeyToken=null" name="ReadRoleTest1" />
    </UnitTest>
    <UnitTest name="AddRoleTest5" storage="c:\users\wayne\desktop\se-solution\traders marketplace\traders marketplace.tests\bin\debug\traders marketplace.tests.dll" id="d35d6bab-9284-b0ec-b5d5-bcb0a4f3a010">
      <Execution id="81cf2580-636f-4890-9255-576ad9a94469" />
      <TestMethod codeBase="C:/Users/Wayne/Desktop/SE-Solution/Traders Marketplace/Traders Marketplace.Tests/bin/Debug/Traders Marketplace.Tests.DLL" adapterTypeName="Microsoft.VisualStudio.TestTools.TestTypes.Unit.UnitTestAdapter, Microsoft.VisualStudio.QualityTools.Tips.UnitTest.Adapter, Version=10.0.0.0, Culture=neutral, PublicKeyToken=b03f5f7f11d50a3a" className="Traders_Marketplace.Tests.RolesTest, Traders Marketplace.Tests, Version=1.0.0.0, Culture=neutral, PublicKeyToken=null" name="AddRoleTest5" />
    </UnitTest>
    <UnitTest name="UpdateRoleTest7" storage="c:\users\wayne\desktop\se-solution\traders marketplace\traders marketplace.tests\bin\debug\traders marketplace.tests.dll" id="e9e4e746-2288-cc2e-1e96-e70127638202">
      <Execution id="70a7f7df-3644-41c2-8684-37d3415e2b7a" />
      <TestMethod codeBase="C:/Users/Wayne/Desktop/SE-Solution/Traders Marketplace/Traders Marketplace.Tests/bin/Debug/Traders Marketplace.Tests.DLL" adapterTypeName="Microsoft.VisualStudio.TestTools.TestTypes.Unit.UnitTestAdapter, Microsoft.VisualStudio.QualityTools.Tips.UnitTest.Adapter, Version=10.0.0.0, Culture=neutral, PublicKeyToken=b03f5f7f11d50a3a" className="Traders_Marketplace.Tests.RolesTest, Traders Marketplace.Tests, Version=1.0.0.0, Culture=neutral, PublicKeyToken=null" name="UpdateRoleTest7" />
    </UnitTest>
    <UnitTest name="AddRoleTest6" storage="c:\users\wayne\desktop\se-solution\traders marketplace\traders marketplace.tests\bin\debug\traders marketplace.tests.dll" id="3066ccc4-335d-88fc-d2aa-f90345048216">
      <Execution id="db289020-c1c9-4e28-9d04-da29ef45f840" />
      <TestMethod codeBase="C:/Users/Wayne/Desktop/SE-Solution/Traders Marketplace/Traders Marketplace.Tests/bin/Debug/Traders Marketplace.Tests.DLL" adapterTypeName="Microsoft.VisualStudio.TestTools.TestTypes.Unit.UnitTestAdapter, Microsoft.VisualStudio.QualityTools.Tips.UnitTest.Adapter, Version=10.0.0.0, Culture=neutral, PublicKeyToken=b03f5f7f11d50a3a" className="Traders_Marketplace.Tests.RolesTest, Traders Marketplace.Tests, Version=1.0.0.0, Culture=neutral, PublicKeyToken=null" name="AddRoleTest6" />
    </UnitTest>
  </TestDefinitions>
  <TestLists>
    <TestList name="Results Not in a List" id="8c84fa94-04c1-424b-9868-57a2d4851a1d" />
    <TestList name="All Loaded Results" id="19431567-8539-422a-85d7-44ee4e166bda" />
  </TestLists>
  <TestEntries>
    <TestEntry testId="0c517cea-1b2c-b3b4-eed6-ef0adee4e641" executionId="87a8c056-ff84-4e0e-8ba2-a05e96b55d9c" testListId="8c84fa94-04c1-424b-9868-57a2d4851a1d" />
    <TestEntry testId="1201ad84-382d-44d0-1ec6-32d4144e1760" executionId="9db86bbd-58b5-472c-887a-7437d6217901" testListId="8c84fa94-04c1-424b-9868-57a2d4851a1d" />
    <TestEntry testId="28f0b300-43df-df58-20b1-fe498a87ea0c" executionId="15d1df80-ce17-45f0-ad4a-65d35168a599" testListId="8c84fa94-04c1-424b-9868-57a2d4851a1d" />
    <TestEntry testId="3066ccc4-335d-88fc-d2aa-f90345048216" executionId="db289020-c1c9-4e28-9d04-da29ef45f840" testListId="8c84fa94-04c1-424b-9868-57a2d4851a1d" />
    <TestEntry testId="37be030d-0767-d74d-0bdb-772f36e51f2d" executionId="92797d5f-6a0c-41fc-b712-002a3780ed72" testListId="8c84fa94-04c1-424b-9868-57a2d4851a1d" />
    <TestEntry testId="5c83ec1f-176d-44aa-c3ce-4656ea925732" executionId="6a4aec42-ac16-4bd0-8de5-1b813ab54795" testListId="8c84fa94-04c1-424b-9868-57a2d4851a1d" />
    <TestEntry testId="6ac98c11-7f26-c092-5eb3-7da2cc561ac2" executionId="94589887-3b6f-4942-8da4-2ddb80b43235" testListId="8c84fa94-04c1-424b-9868-57a2d4851a1d" />
    <TestEntry testId="6c049101-2c65-c774-7cc1-38a25667ce78" executionId="6d91d1ad-9b6e-4fd3-9ebd-16d6dbe98530" testListId="8c84fa94-04c1-424b-9868-57a2d4851a1d" />
    <TestEntry testId="704cdaac-ac7c-4e94-af5b-3f6b9c432f38" executionId="de553fb1-b666-446c-afb0-68a02975f828" testListId="8c84fa94-04c1-424b-9868-57a2d4851a1d" />
    <TestEntry testId="8209c04f-dcd2-7695-2208-f708cd488df9" executionId="11cd54cf-be4a-4613-963a-1d41c5aa6ea2" testListId="8c84fa94-04c1-424b-9868-57a2d4851a1d" />
    <TestEntry testId="8fd45f5e-65cb-27bc-d561-88c75a4fd117" executionId="b932923d-a8a6-46e8-b4cb-07e60cde9fe1" testListId="8c84fa94-04c1-424b-9868-57a2d4851a1d" />
    <TestEntry testId="b2929c2d-f953-21ba-87f3-4b1425e28c94" executionId="23b24ea6-843c-4eea-96c8-89f7e579cb95" testListId="8c84fa94-04c1-424b-9868-57a2d4851a1d" />
    <TestEntry testId="b3d1d811-2c26-7d8b-665b-702049d63015" executionId="6839f7dd-019d-45c2-a7b8-c3831b67c62c" testListId="8c84fa94-04c1-424b-9868-57a2d4851a1d" />
    <TestEntry testId="bffeae59-bfaa-1b04-507e-f4c66f33e549" executionId="16631c5a-4fc1-4249-8a33-e8940262e25e" testListId="8c84fa94-04c1-424b-9868-57a2d4851a1d" />
    <TestEntry testId="cd6796a7-52ee-3c06-e33f-822eb9305e5c" executionId="e08dc97b-b57e-4cfc-92f8-5e6762fea716" testListId="8c84fa94-04c1-424b-9868-57a2d4851a1d" />
    <TestEntry testId="d35d6bab-9284-b0ec-b5d5-bcb0a4f3a010" executionId="81cf2580-636f-4890-9255-576ad9a94469" testListId="8c84fa94-04c1-424b-9868-57a2d4851a1d" />
    <TestEntry testId="e9e4e746-2288-cc2e-1e96-e70127638202" executionId="70a7f7df-3644-41c2-8684-37d3415e2b7a" testListId="8c84fa94-04c1-424b-9868-57a2d4851a1d" />
    <TestEntry testId="ea4b6f36-8015-2c3a-bc40-5b4bc5bead08" executionId="961f45d9-3e30-4e08-b714-c84b7f389e1e" testListId="8c84fa94-04c1-424b-9868-57a2d4851a1d" />
  </TestEntries>
  <Results>
    <UnitTestResult executionId="87a8c056-ff84-4e0e-8ba2-a05e96b55d9c" testId="0c517cea-1b2c-b3b4-eed6-ef0adee4e641" testName="UpdateRoleTest3" computerName="WAYNE-PC" duration="00:00:00.1810347" startTime="2015-01-13T15:02:42.3617056+01:00" endTime="2015-01-13T15:02:42.7361062+01:00" testType="13cdc9d9-ddb5-4fa4-a97d-d965ccfc6d4b" outcome="Passed" testListId="8c84fa94-04c1-424b-9868-57a2d4851a1d" relativeResultsDirectory="87a8c056-ff84-4e0e-8ba2-a05e96b55d9c">
    </UnitTestResult>
    <UnitTestResult executionId="9db86bbd-58b5-472c-887a-7437d6217901" testId="1201ad84-382d-44d0-1ec6-32d4144e1760" testName="AddRoleTest3" computerName="WAYNE-PC" duration="00:00:00.0062075" startTime="2015-01-13T15:02:42.7361062+01:00" endTime="2015-01-13T15:02:42.7361062+01:00" testType="13cdc9d9-ddb5-4fa4-a97d-d965ccfc6d4b" outcome="Passed" testListId="8c84fa94-04c1-424b-9868-57a2d4851a1d" relativeResultsDirectory="9db86bbd-58b5-472c-887a-7437d6217901">
    </UnitTestResult>
    <UnitTestResult executionId="15d1df80-ce17-45f0-ad4a-65d35168a599" testId="28f0b300-43df-df58-20b1-fe498a87ea0c" testName="UpdateRoleTest5" computerName="WAYNE-PC" duration="00:00:00.0151118" startTime="2015-01-13T15:02:42.7517062+01:00" endTime="2015-01-13T15:02:42.7673063+01:00" testType="13cdc9d9-ddb5-4fa4-a97d-d965ccfc6d4b" outcome="Failed" testListId="8c84fa94-04c1-424b-9868-57a2d4851a1d" relativeResultsDirectory="15d1df80-ce17-45f0-ad4a-65d35168a599">
      <Output>
        <ErrorInfo>
          <Message>Test method Traders_Marketplace.Tests.RolesTest.UpdateRoleTest5 threw exception: 
System.NullReferenceException: Object reference not set to an instance of an object.</Message>
          <StackTrace>    at Traders_Marketplace.Tests.RolesTest.UpdateRoleTest5() in C:\Users\Wayne\Desktop\SE-Solution\Traders Marketplace\Traders Marketplace.Tests\RolesTest.cs:line 495
</StackTrace>
        </ErrorInfo>
      </Output>
    </UnitTestResult>
    <UnitTestResult executionId="db289020-c1c9-4e28-9d04-da29ef45f840" testId="3066ccc4-335d-88fc-d2aa-f90345048216" testName="AddRoleTest6" computerName="WAYNE-PC" duration="00:00:00.0067022" startTime="2015-01-13T15:02:42.7673063+01:00" endTime="2015-01-13T15:02:42.7673063+01:00" testType="13cdc9d9-ddb5-4fa4-a97d-d965ccfc6d4b" outcome="Failed" testListId="8c84fa94-04c1-424b-9868-57a2d4851a1d" relativeResultsDirectory="db289020-c1c9-4e28-9d04-da29ef45f840">
      <Output>
        <ErrorInfo>
          <Message>Assert.Fail failed. Role was Added</Message>
          <StackTrace>   at Traders_Marketplace.Tests.RolesTest.AddRoleTest6() in C:\Users\Wayne\Desktop\SE-Solution\Traders Marketplace\Traders Marketplace.Tests\RolesTest.cs:line 234
</StackTrace>
        </ErrorInfo>
      </Output>
    </UnitTestResult>
    <UnitTestResult executionId="92797d5f-6a0c-41fc-b712-002a3780ed72" testId="37be030d-0767-d74d-0bdb-772f36e51f2d" testName="AddRoleTest7" computerName="WAYNE-PC" duration="00:00:00.0028683" startTime="2015-01-13T15:02:42.7673063+01:00" endTime="2015-01-13T15:02:42.7829063+01:00" testType="13cdc9d9-ddb5-4fa4-a97d-d965ccfc6d4b" outcome="Passed" testListId="8c84fa94-04c1-424b-9868-57a2d4851a1d" relativeResultsDirectory="92797d5f-6a0c-41fc-b712-002a3780ed72">
    </UnitTestResult>
    <UnitTestResult executionId="6a4aec42-ac16-4bd0-8de5-1b813ab54795" testId="5c83ec1f-176d-44aa-c3ce-4656ea925732" testName="AddRoleTest2" computerName="WAYNE-PC" duration="00:00:00.0037784" startTime="2015-01-13T15:02:42.7829063+01:00" endTime="2015-01-13T15:02:42.7829063+01:00" testType="13cdc9d9-ddb5-4fa4-a97d-d965ccfc6d4b" outcome="Passed" testListId="8c84fa94-04c1-424b-9868-57a2d4851a1d" relativeResultsDirectory="6a4aec42-ac16-4bd0-8de5-1b813ab54795">
    </UnitTestResult>
    <UnitTestResult executionId="94589887-3b6f-4942-8da4-2ddb80b43235" testId="6ac98c11-7f26-c092-5eb3-7da2cc561ac2" testName="AddRoleTest1" computerName="WAYNE-PC" duration="00:00:00.0031988" startTime="2015-01-13T15:02:42.7829063+01:00" endTime="2015-01-13T15:02:42.7985063+01:00" testType="13cdc9d9-ddb5-4fa4-a97d-d965ccfc6d4b" outcome="Passed" testListId="8c84fa94-04c1-424b-9868-57a2d4851a1d" relativeResultsDirectory="94589887-3b6f-4942-8da4-2ddb80b43235">
    </UnitTestResult>
    <UnitTestResult executionId="6d91d1ad-9b6e-4fd3-9ebd-16d6dbe98530" testId="6c049101-2c65-c774-7cc1-38a25667ce78" testName="UpdateRoleTest1" computerName="WAYNE-PC" duration="00:00:00.0029709" startTime="2015-01-13T15:02:42.7985063+01:00" endTime="2015-01-13T15:02:42.7985063+01:00" testType="13cdc9d9-ddb5-4fa4-a97d-d965ccfc6d4b" outcome="Passed" testListId="8c84fa94-04c1-424b-9868-57a2d4851a1d" relativeResultsDirectory="6d91d1ad-9b6e-4fd3-9ebd-16d6dbe98530">
    </UnitTestResult>
    <UnitTestResult executionId="de553fb1-b666-446c-afb0-68a02975f828" testId="704cdaac-ac7c-4e94-af5b-3f6b9c432f38" testName="UpdateRoleTest2" computerName="WAYNE-PC" duration="00:00:00.0028794" startTime="2015-01-13T15:02:42.7985063+01:00" endTime="2015-01-13T15:02:42.8141064+01:00" testType="13cdc9d9-ddb5-4fa4-a97d-d965ccfc6d4b" outcome="Passed" testListId="8c84fa94-04c1-424b-9868-57a2d4851a1d" relativeResultsDirectory="de553fb1-b666-446c-afb0-68a02975f828">
    </UnitTestResult>
    <UnitTestResult executionId="11cd54cf-be4a-4613-963a-1d41c5aa6ea2" testId="8209c04f-dcd2-7695-2208-f708cd488df9" testName="ReadRoleTest2" computerName="WAYNE-PC" duration="00:00:00.0059472" startTime="2015-01-13T15:02:42.8141064+01:00" endTime="2015-01-13T15:02:42.8141064+01:00" testType="13cdc9d9-ddb5-4fa4-a97d-d965ccfc6d4b" outcome="Failed" testListId="8c84fa94-04c1-424b-9868-57a2d4851a1d" relativeResultsDirectory="11cd54cf-be4a-4613-963a-1d41c5aa6ea2">
      <Output>
        <ErrorInfo>
          <Message>Test method Traders_Marketplace.Tests.RolesTest.ReadRoleTest2 threw exception: 
System.ArgumentException: Value does not fall within the expected range.</Message>
          <StackTrace>    at DataAccess.RolesRepository.GetRoleByID(Int32 id) in C:\Users\Wayne\Desktop\SE-Solution\Traders Marketplace\DataAccess\RolesRepository.cs:line 82
   at Traders_Marketplace.Tests.RolesTest.ReadRoleTest2() in C:\Users\Wayne\Desktop\SE-Solution\Traders Marketplace\Traders Marketplace.Tests\RolesTest.cs:line 330
</StackTrace>
        </ErrorInfo>
      </Output>
    </UnitTestResult>
    <UnitTestResult executionId="b932923d-a8a6-46e8-b4cb-07e60cde9fe1" testId="8fd45f5e-65cb-27bc-d561-88c75a4fd117" testName="DeleteRoleTest1" computerName="WAYNE-PC" duration="00:00:00.0037776" startTime="2015-01-13T15:02:42.8141064+01:00" endTime="2015-01-13T15:02:42.8297064+01:00" testType="13cdc9d9-ddb5-4fa4-a97d-d965ccfc6d4b" outcome="Passed" testListId="8c84fa94-04c1-424b-9868-57a2d4851a1d" relativeResultsDirectory="b932923d-a8a6-46e8-b4cb-07e60cde9fe1">
    </UnitTestResult>
    <UnitTestResult executionId="23b24ea6-843c-4eea-96c8-89f7e579cb95" testId="b2929c2d-f953-21ba-87f3-4b1425e28c94" testName="AddRoleTest4" computerName="WAYNE-PC" duration="00:00:00.0044611" startTime="2015-01-13T15:02:42.8297064+01:00" endTime="2015-01-13T15:02:42.8297064+01:00" testType="13cdc9d9-ddb5-4fa4-a97d-d965ccfc6d4b" outcome="Passed" testListId="8c84fa94-04c1-424b-9868-57a2d4851a1d" relativeResultsDirectory="23b24ea6-843c-4eea-96c8-89f7e579cb95">
    </UnitTestResult>
    <UnitTestResult executionId="6839f7dd-019d-45c2-a7b8-c3831b67c62c" testId="b3d1d811-2c26-7d8b-665b-702049d63015" testName="UpdateRoleTest6" computerName="WAYNE-PC" duration="00:00:00.0053043" startTime="2015-01-13T15:02:42.8297064+01:00" endTime="2015-01-13T15:02:42.8453064+01:00" testType="13cdc9d9-ddb5-4fa4-a97d-d965ccfc6d4b" outcome="Failed" testListId="8c84fa94-04c1-424b-9868-57a2d4851a1d" relativeResultsDirectory="6839f7dd-019d-45c2-a7b8-c3831b67c62c">
      <Output>
        <ErrorInfo>
          <Message>Test method Traders_Marketplace.Tests.RolesTest.UpdateRoleTest6 threw exception System.NullReferenceException, but exception System.ArgumentException was expected. Exception message: System.NullReferenceException: Object reference not set to an instance of an object.</Message>
          <StackTrace>    at Traders_Marketplace.Tests.RolesTest.UpdateRoleTest6() in C:\Users\Wayne\Desktop\SE-Solution\Traders Marketplace\Traders Marketplace.Tests\RolesTest.cs:line 526
</StackTrace>
        </ErrorInfo>
      </Output>
    </UnitTestResult>
    <UnitTestResult executionId="16631c5a-4fc1-4249-8a33-e8940262e25e" testId="bffeae59-bfaa-1b04-507e-f4c66f33e549" testName="DeleteRoleTest2" computerName="WAYNE-PC" duration="00:00:00.0028601" startTime="2015-01-13T15:02:42.8453064+01:00" endTime="2015-01-13T15:02:42.8453064+01:00" testType="13cdc9d9-ddb5-4fa4-a97d-d965ccfc6d4b" outcome="Passed" testListId="8c84fa94-04c1-424b-9868-57a2d4851a1d" relativeResultsDirectory="16631c5a-4fc1-4249-8a33-e8940262e25e">
    </UnitTestResult>
    <UnitTestResult executionId="e08dc97b-b57e-4cfc-92f8-5e6762fea716" testId="cd6796a7-52ee-3c06-e33f-822eb9305e5c" testName="ReadRoleTest1" computerName="WAYNE-PC" duration="00:00:00.0044410" startTime="2015-01-13T15:02:42.8453064+01:00" endTime="2015-01-13T15:02:42.8609064+01:00" testType="13cdc9d9-ddb5-4fa4-a97d-d965ccfc6d4b" outcome="Passed" testListId="8c84fa94-04c1-424b-9868-57a2d4851a1d" relativeResultsDirectory="e08dc97b-b57e-4cfc-92f8-5e6762fea716">
    </UnitTestResult>
    <UnitTestResult executionId="81cf2580-636f-4890-9255-576ad9a94469" testId="d35d6bab-9284-b0ec-b5d5-bcb0a4f3a010" testName="AddRoleTest5" computerName="WAYNE-PC" duration="00:00:00.0046438" startTime="2015-01-13T15:02:42.8609064+01:00" endTime="2015-01-13T15:02:42.8609064+01:00" testType="13cdc9d9-ddb5-4fa4-a97d-d965ccfc6d4b" outcome="Failed" testListId="8c84fa94-04c1-424b-9868-57a2d4851a1d" relativeResultsDirectory="81cf2580-636f-4890-9255-576ad9a94469">
      <Output>
        <ErrorInfo>
          <Message>Test method Traders_Marketplace.Tests.RolesTest.AddRoleTest5 threw exception System.NullReferenceException, but exception System.ArgumentException was expected. Exception message: System.NullReferenceException: Object reference not set to an instance of an object.</Message>
          <StackTrace>    at DataAccess.RolesRepository.AddRole(Role entry) in C:\Users\Wayne\Desktop\SE-Solution\Traders Marketplace\DataAccess\RolesRepository.cs:line 35
   at Traders_Marketplace.Tests.RolesTest.AddRoleTest5() in C:\Users\Wayne\Desktop\SE-Solution\Traders Marketplace\Traders Marketplace.Tests\RolesTest.cs:line 195
</StackTrace>
        </ErrorInfo>
      </Output>
    </UnitTestResult>
    <UnitTestResult executionId="70a7f7df-3644-41c2-8684-37d3415e2b7a" testId="e9e4e746-2288-cc2e-1e96-e70127638202" testName="UpdateRoleTest7" computerName="WAYNE-PC" duration="00:00:00.0034196" startTime="2015-01-13T15:02:42.8609064+01:00" endTime="2015-01-13T15:02:42.8765065+01:00" testType="13cdc9d9-ddb5-4fa4-a97d-d965ccfc6d4b" outcome="Passed" testListId="8c84fa94-04c1-424b-9868-57a2d4851a1d" relativeResultsDirectory="70a7f7df-3644-41c2-8684-37d3415e2b7a">
    </UnitTestResult>
    <UnitTestResult executionId="961f45d9-3e30-4e08-b714-c84b7f389e1e" testId="ea4b6f36-8015-2c3a-bc40-5b4bc5bead08" testName="UpdateRoleTest4" computerName="WAYNE-PC" duration="00:00:00.0029496" startTime="2015-01-13T15:02:42.8765065+01:00" endTime="2015-01-13T15:02:42.8765065+01:00" testType="13cdc9d9-ddb5-4fa4-a97d-d965ccfc6d4b" outcome="Passed" testListId="8c84fa94-04c1-424b-9868-57a2d4851a1d" relativeResultsDirectory="961f45d9-3e30-4e08-b714-c84b7f389e1e">
    </UnitTestResult>
  </Results>
</TestRun>