<?xml version="1.0" encoding="UTF-8"?>
<TestRun id="0453f0e6-fe66-437d-a4c6-55223ce943a7" name="Wayne@WAYNE-PC 2015-01-14 18:55:38" runUser="Wayne-PC\Wayne" xmlns="http://microsoft.com/schemas/VisualStudio/TeamTest/2010">
  <TestSettings name="Default Test Settings" id="0ee43de1-38d2-408f-b1c8-185bc3047f8b">
    <Deployment runDeploymentRoot="Wayne_WAYNE-PC 2015-01-14 18_55_38">
      <DeploymentItem filename="C:\Users\Wayne\Desktop\SE-Solution\Traders Marketplace\BusinessLogic\bin\Debug\BusinessLogic.dll" />
      <DeploymentItem filename="C:\Users\Wayne\Desktop\SE-Solution\Traders Marketplace\packages\EntityFramework.4.1.10331.0\lib\EntityFramework.dll" />
      <DeploymentItem filename="C:\Users\Wayne\Desktop\SE-Solution\Traders Marketplace\Common\bin\Debug\Common.dll" />
      <DeploymentItem filename="C:\Users\Wayne\Desktop\SE-Solution\Traders Marketplace\Traders Marketplace\bin\Traders Marketplace.dll" />
      <DeploymentItem filename="C:\Users\Wayne\Desktop\SE-Solution\Traders Marketplace\DataAccess\bin\Debug\DataAccess.dll" />
    </Deployment>
    <Execution>
      <TestTypeSpecific />
      <AgentRule name="Execution Agents">
      </AgentRule>
    </Execution>
  </TestSettings>
  <Times creation="2015-01-14T18:55:38.2864142+01:00" queuing="2015-01-14T18:55:40.1584175+01:00" start="2015-01-14T18:55:40.1740175+01:00" finish="2015-01-14T18:55:40.4392180+01:00" />
  <ResultSummary outcome="Completed">
    <Counters total="1" executed="1" passed="1" error="0" failed="0" timeout="0" aborted="0" inconclusive="0" passedButRunAborted="0" notRunnable="0" notExecuted="0" disconnected="0" warning="0" completed="0" inProgress="0" pending="0" />
  </ResultSummary>
  <TestDefinitions>
    <UnitTest name="ReadRole_IndependentPath2" storage="c:\users\wayne\desktop\se-solution\traders marketplace\traders marketplace.tests\bin\debug\traders marketplace.tests.dll" id="a6d08f94-8261-4bcf-29ea-97f141a3f24b">
      <Execution id="308eff6e-d7f5-4b69-b199-0d65c9c10651" />
      <TestMethod codeBase="C:/Users/Wayne/Desktop/SE-Solution/Traders Marketplace/Traders Marketplace.Tests/bin/Debug/Traders Marketplace.Tests.DLL" adapterTypeName="Microsoft.VisualStudio.TestTools.TestTypes.Unit.UnitTestAdapter, Microsoft.VisualStudio.QualityTools.Tips.UnitTest.Adapter, Version=10.0.0.0, Culture=neutral, PublicKeyToken=b03f5f7f11d50a3a" className="Traders_Marketplace.Tests.RolesTest, Traders Marketplace.Tests, Version=1.0.0.0, Culture=neutral, PublicKeyToken=null" name="ReadRole_IndependentPath2" />
    </UnitTest>
  </TestDefinitions>
  <TestLists>
    <TestList name="Results Not in a List" id="8c84fa94-04c1-424b-9868-57a2d4851a1d" />
    <TestList name="All Loaded Results" id="19431567-8539-422a-85d7-44ee4e166bda" />
  </TestLists>
  <TestEntries>
    <TestEntry testId="a6d08f94-8261-4bcf-29ea-97f141a3f24b" executionId="308eff6e-d7f5-4b69-b199-0d65c9c10651" testListId="8c84fa94-04c1-424b-9868-57a2d4851a1d" />
  </TestEntries>
  <Results>
    <UnitTestResult executionId="308eff6e-d7f5-4b69-b199-0d65c9c10651" testId="a6d08f94-8261-4bcf-29ea-97f141a3f24b" testName="ReadRole_IndependentPath2" computerName="WAYNE-PC" duration="00:00:00.0877284" startTime="2015-01-14T18:55:40.1740175+01:00" endTime="2015-01-14T18:55:40.4236180+01:00" testType="13cdc9d9-ddb5-4fa4-a97d-d965ccfc6d4b" outcome="Passed" testListId="8c84fa94-04c1-424b-9868-57a2d4851a1d" relativeResultsDirectory="308eff6e-d7f5-4b69-b199-0d65c9c10651">
    </UnitTestResult>
  </Results>
</TestRun>